


Best regularization - ALPHA = 0.440000 - ALPHA^2: = 0.193600
Train on full training set...

 - Final Testing loss: 17.114769 - 

Predictions on testing set:
Australia:
yhat: -0.05237 --- y: -0.00000
yhat: 0.32241 --- y: 3.77121

yhat: -0.17668 --- y: -0.00000
yhat: -1.26388 --- y: -3.12616

yhat: 0.09031 --- y: -0.00000
yhat: 1.57836 --- y: 2.90679

yhat: 0.10467 --- y: -0.00000
yhat: -0.61933 --- y: -1.85498

yhat: 0.04239 --- y: -0.00000
yhat: 0.54579 --- y: 5.33238

yhat: -0.31498 --- y: -0.00000
yhat: -1.79953 --- y: -5.05724

yhat: 0.15251 --- y: -0.00000
yhat: 1.95832 --- y: -2.90800


Austria:
yhat: -0.03589 --- y: -1.00000
yhat: -1.45573 --- y: -3.39656

yhat: 0.17840 --- y: 1.00000
yhat: 0.80870 --- y: 4.01523

yhat: 0.04000 --- y: -1.25992
yhat: -0.63519 --- y: -3.99518

yhat: -0.00746 --- y: -0.00000
yhat: 1.74658 --- y: 4.25723

yhat: -0.24992 --- y: -0.00000
yhat: -1.13311 --- y: -0.65923

yhat: 0.07300 --- y: -0.00000
yhat: 0.79004 --- y: 3.08530

yhat: -0.13995 --- y: 1.00000
yhat: -1.19600 --- y: -3.82073


Bangladesh:
yhat: 0.22509 --- y: 1.25992
yhat: -1.23944 --- y: 5.39838

yhat: -0.21846 --- y: 2.66840
yhat: -2.24594 --- y: -7.16363

yhat: -0.63784 --- y: -2.84387
yhat: 1.65483 --- y: -4.32319

yhat: -0.00790 --- y: -1.44225
yhat: 1.95950 --- y: 7.36194

yhat: -0.01705 --- y: 1.58740
yhat: -2.02718 --- y: -9.49355

yhat: -0.01208 --- y: -2.35133
yhat: 1.59749 --- y: 7.89019

yhat: -0.36948 --- y: 2.96250
yhat: -1.08365 --- y: -9.37787


Belgium:
yhat: -0.24056 --- y: -1.25992
yhat: -2.50199 --- y: -6.56971

yhat: 0.12607 --- y: 1.25992
yhat: 1.86506 --- y: 2.37563

yhat: -0.39892 --- y: 1.70998
yhat: -0.71337 --- y: 2.10407

yhat: -0.82791 --- y: -1.44225
yhat: -1.21594 --- y: 2.93357

yhat: -0.11036 --- y: 1.25992
yhat: -0.85476 --- y: -2.08600

yhat: -0.08930 --- y: -1.81712
yhat: 0.68640 --- y: 2.63268

yhat: 0.34323 --- y: -0.00000
yhat: -0.40435 --- y: 5.01502


Bolivia:
yhat: -0.45871 --- y: 2.35133
yhat: 1.25954 --- y: -5.75701

yhat: -0.01006 --- y: -1.70998
yhat: 2.21638 --- y: 7.42211

yhat: -0.18528 --- y: 2.96250
yhat: -1.45773 --- y: -6.00394

yhat: -0.77089 --- y: -2.00000
yhat: 1.37524 --- y: 5.80255

yhat: 0.04494 --- y: -2.75892
yhat: -1.05974 --- y: 5.43895

yhat: 0.31515 --- y: 2.08008
yhat: -2.16327 --- y: -6.45857

yhat: 0.41759 --- y: -1.25992
yhat: 1.88580 --- y: 6.95125


Brazil:
yhat: -0.10977 --- y: 5.19249
yhat: -0.80159 --- y: -16.13980

yhat: 0.91366 --- y: 8.37772
yhat: 1.73330 --- y: -17.85770

yhat: 0.43589 --- y: -6.23168
yhat: 2.78263 --- y: 21.38850

yhat: -0.34073 --- y: 5.98142
yhat: -2.85178 --- y: 12.45959

yhat: -0.79548 --- y: 3.36198
yhat: -2.94986 --- y: -21.35233

yhat: -0.42880 --- y: -5.83827
yhat: 2.51154 --- y: 10.74172

yhat: -0.10016 --- y: -7.87837
yhat: -0.53521 --- y: 8.47395


Canada:
yhat: -0.33570 --- y: 3.36198
yhat: 0.14898 --- y: 7.75231

yhat: -0.36567 --- y: -2.66840
yhat: -2.38785 --- y: -7.16485

yhat: 0.93463 --- y: -2.92402
yhat: 1.64403 --- y: -6.78354

yhat: 0.36428 --- y: 3.70843
yhat: 2.23607 --- y: 8.05031

yhat: -0.67352 --- y: -3.10723
yhat: -1.95988 --- y: -5.96801

yhat: -0.08017 --- y: -2.15443
yhat: 0.40974 --- y: -4.25497

yhat: 0.27723 --- y: -1.00000
yhat: 2.06467 --- y: -2.57523


Czechia:
yhat: -0.02065 --- y: -1.00000
yhat: -1.06910 --- y: -5.08444

yhat: 0.47266 --- y: 1.00000
yhat: 2.14645 --- y: -4.39246

yhat: 0.30787 --- y: -1.00000
yhat: 2.46188 --- y: -4.21544

yhat: 0.03089 --- y: 1.25992
yhat: 2.08400 --- y: 3.14787

yhat: -0.35032 --- y: -1.00000
yhat: -0.10071 --- y: 2.26791

yhat: 0.06765 --- y: -1.25992
yhat: 0.21081 --- y: -2.10154

yhat: 0.38819 --- y: -1.25992
yhat: 0.73492 --- y: -2.91771


Denmark:
yhat: 0.32469 --- y: 1.00000
yhat: 0.46222 --- y: 4.34849

yhat: -0.43579 --- y: -1.00000
yhat: -2.15275 --- y: -4.06632

yhat: -0.13134 --- y: 1.00000
yhat: 0.57237 --- y: 1.93924

yhat: -0.26986 --- y: -1.00000
yhat: 0.23982 --- y: -0.78390

yhat: 0.30758 --- y: -0.00000
yhat: 0.43175 --- y: -1.85031

yhat: -0.01438 --- y: -0.00000
yhat: 0.68158 --- y: -2.49155

yhat: -0.02332 --- y: -0.00000
yhat: 0.89343 --- y: -0.00000


Dominican_Republic:
yhat: -0.22560 --- y: -1.00000
yhat: 0.91796 --- y: -5.23283

yhat: 0.32321 --- y: 1.91293
yhat: 2.31821 --- y: 7.43728

yhat: -0.28905 --- y: -1.91293
yhat: -2.21900 --- y: -4.50156

yhat: -0.01703 --- y: 1.58740
yhat: 0.70185 --- y: 3.74532

yhat: -0.24445 --- y: -1.00000
yhat: -1.09033 --- y: -2.87945

yhat: -0.05856 --- y: 1.00000
yhat: -0.05094 --- y: 4.15494

yhat: -0.39666 --- y: -1.44225
yhat: -1.34229 --- y: 5.23429


Estonia:
yhat: -0.16192 --- y: -0.00000
yhat: -0.38683 --- y: -1.10329

yhat: -0.17386 --- y: -0.00000
yhat: 0.76729 --- y: 1.33338

yhat: -0.09462 --- y: -0.00000
yhat: -0.28702 --- y: -1.33338

yhat: -0.05891 --- y: -0.00000
yhat: 0.47909 --- y: 0.85490

yhat: -0.23079 --- y: -0.00000
yhat: -0.51487 --- y: 0.55691

yhat: -0.14496 --- y: -0.00000
yhat: -0.25432 --- y: 0.87797

yhat: -0.07735 --- y: -0.00000
yhat: -0.76724 --- y: -1.13814


Finland:
yhat: -0.11052 --- y: -0.00000
yhat: 0.41558 --- y: 2.64184

yhat: -0.28128 --- y: -0.00000
yhat: -1.30452 --- y: -2.31130

yhat: -0.07177 --- y: -0.00000
yhat: 0.04615 --- y: 2.36483

yhat: 0.05694 --- y: -0.00000
yhat: -0.68265 --- y: -2.43349

yhat: -0.27790 --- y: 1.00000
yhat: 0.52510 --- y: -1.56940

yhat: -0.13341 --- y: -1.00000
yhat: 1.17394 --- y: 1.48241

yhat: 0.03906 --- y: -0.00000
yhat: -0.44963 --- y: 1.39425


France:
yhat: 0.49953 --- y: 3.27107
yhat: 0.36279 --- y: 10.85862

yhat: -0.01094 --- y: -1.70998
yhat: -1.71660 --- y: -9.42650

yhat: -0.34578 --- y: -2.28943
yhat: 1.47980 --- y: 6.92480

yhat: -0.27923 --- y: -1.58740
yhat: -1.72648 --- y: -5.26561

yhat: -0.40635 --- y: 1.58740
yhat: 0.77884 --- y: -4.06708

yhat: -0.02238 --- y: -2.62074
yhat: 1.91501 --- y: -8.24992

yhat: 0.25292 --- y: -0.00000
yhat: 1.74605 --- y: -0.00000


Germany:
yhat: 0.49383 --- y: 2.00000
yhat: -0.75781 --- y: 6.02541

yhat: -0.23794 --- y: -0.00000
yhat: -2.66065 --- y: -3.54223

yhat: 0.01708 --- y: -1.44225
yhat: 0.64217 --- y: -4.07576

yhat: -0.21280 --- y: -0.00000
yhat: 0.76915 --- y: -4.57650

yhat: -0.38689 --- y: -1.25992
yhat: 1.50829 --- y: -2.61113

yhat: -0.37675 --- y: -1.70998
yhat: 1.18851 --- y: -4.18161

yhat: 0.30508 --- y: 1.25992
yhat: 1.64541 --- y: 2.84236


Greece:
yhat: 0.12439 --- y: -0.00000
yhat: 0.76043 --- y: 1.80478

yhat: -0.07243 --- y: 1.00000
yhat: -0.73337 --- y: 0.55078

yhat: -0.28855 --- y: -1.00000
yhat: -0.77302 --- y: 1.88283

yhat: -0.24728 --- y: -0.00000
yhat: -0.66805 --- y: 0.50310

yhat: 0.15105 --- y: -0.00000
yhat: -0.22722 --- y: 1.84780

yhat: -0.05810 --- y: -0.00000
yhat: -1.07933 --- y: -1.30670

yhat: 0.04727 --- y: -0.00000
yhat: 0.68247 --- y: -2.66707


Guatemala:
yhat: -0.26221 --- y: -1.25992
yhat: -0.43373 --- y: -3.28952

yhat: 0.75635 --- y: 2.00000
yhat: 1.14096 --- y: 5.61327

yhat: 0.03039 --- y: 2.57128
yhat: -1.37045 --- y: 7.36627

yhat: -0.35456 --- y: -2.62074
yhat: -2.08593 --- y: -5.74930

yhat: 0.47956 --- y: 2.22398
yhat: 1.57344 --- y: 6.35770

yhat: -0.13474 --- y: 1.44225
yhat: -1.37627 --- y: -0.59403

yhat: -1.06101 --- y: -2.35133
yhat: -0.46604 --- y: -7.28201


Honduras:
yhat: -0.06216 --- y: 1.81712
yhat: -2.26420 --- y: -3.93082

yhat: -0.09657 --- y: 1.81712
yhat: 1.02521 --- y: -5.42230

yhat: 0.03044 --- y: 3.20753
yhat: 2.20693 --- y: -4.81455

yhat: -0.29778 --- y: 1.58740
yhat: 1.98709 --- y: 5.91012

yhat: -0.38464 --- y: -3.27107
yhat: -0.89731 --- y: 4.10616

yhat: -0.11807 --- y: 2.15443
yhat: -2.16863 --- y: -6.31431

yhat: -0.35661 --- y: -2.41014
yhat: 1.86535 --- y: 6.36668


Hungary:
yhat: -0.33094 --- y: 1.00000
yhat: 0.18395 --- y: -1.38197

yhat: -0.21796 --- y: -1.58740
yhat: 0.98773 --- y: 2.04029

yhat: -0.41083 --- y: 1.00000
yhat: -0.87548 --- y: -2.10909

yhat: -0.02718 --- y: -0.00000
yhat: 0.85167 --- y: 1.58606

yhat: -0.23289 --- y: -0.00000
yhat: -0.61358 --- y: -0.79761

yhat: -0.23705 --- y: -0.00000
yhat: 0.12940 --- y: 1.73870

yhat: 0.12183 --- y: -1.00000
yhat: -0.25249 --- y: -2.21801


India:
yhat: 0.91375 --- y: 3.36198
yhat: 0.52244 --- y: 14.38884

yhat: -0.10631 --- y: 4.46475
yhat: -2.29658 --- y: -7.48424

yhat: -0.51372 --- y: -4.17934
yhat: 1.69110 --- y: -8.03433

yhat: 0.47587 --- y: -3.80295
yhat: 2.42613 --- y: 7.68567

yhat: 0.27962 --- y: 3.97906
yhat: -1.46604 --- y: 7.95361

yhat: -0.12759 --- y: 5.55050
yhat: -1.20511 --- y: 7.56180

yhat: -0.31781 --- y: -5.72865
yhat: 0.16082 --- y: 10.21796


Indonesia:
yhat: -0.50649 --- y: 2.57128
yhat: -0.66542 --- y: 4.58384

yhat: -0.69107 --- y: 2.71442
yhat: -1.01731 --- y: -1.68100

yhat: -0.18689 --- y: -2.35133
yhat: -0.37096 --- y: -2.29530

yhat: 0.27927 --- y: -1.70998
yhat: 1.40661 --- y: 4.93088

yhat: 0.50389 --- y: -1.58740
yhat: -1.31651 --- y: -6.08302

yhat: 0.14577 --- y: 1.58740
yhat: 2.04068 --- y: 4.55954

yhat: -0.84342 --- y: 3.07232
yhat: -1.59218 --- y: 7.11970


Ireland:
yhat: 0.04581 --- y: -1.00000
yhat: 0.83212 --- y: 2.84491

yhat: 0.36599 --- y: 1.00000
yhat: 0.02223 --- y: -2.26496

yhat: 0.08437 --- y: 1.00000
yhat: 0.20327 --- y: -2.13372

yhat: -0.19426 --- y: -1.25992
yhat: 1.59287 --- y: 1.76364

yhat: -0.03702 --- y: 1.25992
yhat: 0.44436 --- y: 0.45111

yhat: -0.29586 --- y: -1.00000
yhat: 0.06837 --- y: 1.23937

yhat: -0.08980 --- y: -1.00000
yhat: -1.21248 --- y: 1.95553


Israel:
yhat: -0.15693 --- y: -0.00000
yhat: 1.51690 --- y: 7.42877

yhat: 0.03569 --- y: -0.00000
yhat: -0.62270 --- y: 2.24948

yhat: -0.12902 --- y: 1.00000
yhat: -1.29134 --- y: 4.72903

yhat: -0.10172 --- y: 1.00000
yhat: -2.06405 --- y: 5.87035

yhat: -0.06469 --- y: -1.25992
yhat: -1.97653 --- y: -8.49648

yhat: 0.33913 --- y: 1.44225
yhat: 2.16411 --- y: 8.08419

yhat: -0.15227 --- y: -1.44225
yhat: -0.87567 --- y: -4.73957


Italy:
yhat: -0.61964 --- y: -2.51984
yhat: -0.38240 --- y: -3.31386

yhat: 0.05638 --- y: 2.57128
yhat: 0.23923 --- y: 2.54342

yhat: 0.22187 --- y: -1.25992
yhat: -0.49919 --- y: 2.65080

yhat: -0.06314 --- y: 2.08008
yhat: -0.85098 --- y: 2.30999

yhat: -0.14355 --- y: -2.46621
yhat: -2.49074 --- y: 2.87322

yhat: -0.41324 --- y: 1.81712
yhat: -2.02574 --- y: -1.17325

yhat: -0.82175 --- y: -2.41014
yhat: -0.00840 --- y: -2.44541


Japan:
yhat: 0.03459 --- y: -1.00000
yhat: -0.24746 --- y: 3.82702

yhat: 0.44600 --- y: 1.25992
yhat: -1.08933 --- y: 2.76308

yhat: -0.62746 --- y: -1.00000
yhat: -1.59774 --- y: 1.26718

yhat: 0.14572 --- y: -0.00000
yhat: -1.20550 --- y: -2.17089

yhat: 0.09041 --- y: -0.00000
yhat: 0.50202 --- y: 1.29803

yhat: -0.19391 --- y: -1.00000
yhat: 0.43200 --- y: 1.34218

yhat: -0.18568 --- y: -0.00000
yhat: -0.04020 --- y: -5.57809


Kuwait:
yhat: -0.59761 --- y: -1.25992
yhat: 2.01612 --- y: 5.04543

yhat: -0.15530 --- y: 1.25992
yhat: -0.69179 --- y: -2.30797

yhat: -0.59024 --- y: -0.00000
yhat: 0.08950 --- y: 4.38070

yhat: -0.31660 --- y: -1.44225
yhat: -1.44976 --- y: 5.08270

yhat: 0.45564 --- y: -0.00000
yhat: -1.82906 --- y: -5.48778

yhat: 0.23032 --- y: 1.58740
yhat: 0.72785 --- y: -3.29602

yhat: -0.01664 --- y: -1.25992
yhat: 1.74622 --- y: -3.53659


Luxembourg:
yhat: 0.00860 --- y: -0.00000
yhat: 0.54171 --- y: 2.00309

yhat: -0.01821 --- y: -0.00000
yhat: -0.80981 --- y: -1.68047

yhat: -0.11458 --- y: -0.00000
yhat: 0.78749 --- y: 1.73075

yhat: 0.10695 --- y: -0.00000
yhat: -0.16735 --- y: 1.58017

yhat: -0.16345 --- y: -0.00000
yhat: -0.20073 --- y: 1.04350

yhat: -0.06494 --- y: -0.00000
yhat: -0.13756 --- y: -2.79380

yhat: 0.13781 --- y: -0.00000
yhat: 1.43505 --- y: 3.27254


Mexico:
yhat: 0.82835 --- y: 5.90594
yhat: 2.11413 --- y: 8.17619

yhat: 0.88117 --- y: 5.59344
yhat: -0.43865 --- y: 6.96615

yhat: -0.02785 --- y: 4.53065
yhat: -0.30525 --- y: 5.28953

yhat: -0.72689 --- y: -3.95789
yhat: -1.38897 --- y: 8.76707

yhat: -0.88963 --- y: -2.92402
yhat: -2.72867 --- y: 4.41093

yhat: -0.90601 --- y: -5.07875
yhat: -2.57806 --- y: 9.62819

yhat: -0.06342 --- y: -6.29961
yhat: -2.68175 --- y: -12.60885


Moldova:
yhat: -0.30602 --- y: -1.44225
yhat: 0.97296 --- y: -2.59462

yhat: -0.13067 --- y: 1.44225
yhat: 1.15697 --- y: 3.27901

yhat: -0.50810 --- y: -1.70998
yhat: -1.47877 --- y: -2.34936

yhat: 0.22858 --- y: 1.91293
yhat: 0.52096 --- y: -1.86216

yhat: -0.14135 --- y: 1.00000
yhat: 0.03020 --- y: 3.12502

yhat: 0.28567 --- y: -1.58740
yhat: -1.65595 --- y: -3.60919

yhat: -0.43729 --- y: -1.44225
yhat: 0.46477 --- y: -2.64987


Morocco:
yhat: -0.08360 --- y: 1.44225
yhat: 1.64091 --- y: 4.57400

yhat: 0.07516 --- y: -1.00000
yhat: -0.61722 --- y: 3.15851

yhat: -0.14102 --- y: -1.44225
yhat: -2.00638 --- y: -5.78738

yhat: -0.00798 --- y: 1.00000
yhat: 0.95062 --- y: 5.89440

yhat: -0.26875 --- y: -0.00000
yhat: -2.39512 --- y: -3.78002

yhat: -0.75433 --- y: 1.00000
yhat: -0.47327 --- y: 5.84609

yhat: -0.32511 --- y: 1.00000
yhat: -1.78635 --- y: -3.96655


Netherlands:
yhat: -0.24860 --- y: 1.25992
yhat: -1.35521 --- y: 2.66311

yhat: 0.06588 --- y: -0.00000
yhat: -1.73858 --- y: -3.12735

yhat: -0.00387 --- y: -1.25992
yhat: 1.37562 --- y: 2.26088

yhat: 0.05957 --- y: -0.00000
yhat: -0.53693 --- y: -3.67279

yhat: 0.07655 --- y: 1.25992
yhat: 0.32892 --- y: 3.57356

yhat: -0.43761 --- y: 1.58740
yhat: -1.60931 --- y: -2.01755

yhat: -0.93503 --- y: -1.70998
yhat: 0.26012 --- y: 2.30601


Nigeria:
yhat: -0.32695 --- y: 1.00000
yhat: 1.39253 --- y: 3.31477

yhat: -0.35431 --- y: 2.08008
yhat: 0.49500 --- y: 3.86702

yhat: -0.64731 --- y: -1.58740
yhat: -1.79599 --- y: 5.08918

yhat: -0.50749 --- y: -0.00000
yhat: -2.43779 --- y: -5.86969

yhat: 0.28177 --- y: -1.00000
yhat: 1.57027 --- y: -5.42598

yhat: 0.37092 --- y: -1.81712
yhat: 1.73393 --- y: 5.06364

yhat: 0.41361 --- y: 1.70998
yhat: -0.52319 --- y: 4.06311


Norway:
yhat: 0.17606 --- y: -0.00000
yhat: 0.73671 --- y: 3.61003

yhat: -0.20409 --- y: 1.00000
yhat: -1.63028 --- y: -3.29286

yhat: -0.33688 --- y: -0.00000
yhat: 0.86155 --- y: 1.92277

yhat: -0.30316 --- y: -1.00000
yhat: -0.24500 --- y: -2.22828

yhat: 0.15376 --- y: -0.00000
yhat: 0.69973 --- y: -1.94760

yhat: -0.37126 --- y: -0.00000
yhat: 0.52641 --- y: -0.00000

yhat: 0.26641 --- y: -0.00000
yhat: 0.24978 --- y: -0.00000


Oman:
yhat: 0.53817 --- y: 1.25992
yhat: -1.46961 --- y: -2.89995

yhat: -0.41319 --- y: 1.00000
yhat: 0.56213 --- y: 5.91110

yhat: -0.48898 --- y: 1.25992
yhat: -2.63727 --- y: 3.41702

yhat: -0.46300 --- y: -1.81712
yhat: -2.31180 --- y: 2.93875

yhat: -0.18831 --- y: 1.25992
yhat: -1.18305 --- y: -2.90960

yhat: -0.47026 --- y: 1.70998
yhat: -0.60821 --- y: -4.94801

yhat: -0.72870 --- y: -0.00000
yhat: 1.70393 --- y: -5.93639


Pakistan:
yhat: 0.13836 --- y: 4.44796
yhat: 0.60449 --- y: -6.36249

yhat: 0.16237 --- y: -3.58305
yhat: 2.27546 --- y: 9.74554

yhat: -0.19914 --- y: -2.35133
yhat: -2.60836 --- y: 3.15752

yhat: -0.07907 --- y: -0.00000
yhat: -2.42452 --- y: -6.88283

yhat: -0.25850 --- y: -2.15443
yhat: 0.84268 --- y: -8.81140

yhat: 0.11641 --- y: 2.92402
yhat: 1.86291 --- y: -6.58739

yhat: 0.00685 --- y: -3.50340
yhat: 2.18261 --- y: 7.26269


Panama:
yhat: 0.02282 --- y: 1.58740
yhat: -1.17903 --- y: 6.34921

yhat: -0.49611 --- y: -1.70998
yhat: -2.51453 --- y: -5.55541

yhat: 0.37416 --- y: 1.44225
yhat: 1.49975 --- y: -3.75363

yhat: -0.40769 --- y: 2.00000
yhat: 2.09848 --- y: -5.72794

yhat: 0.11756 --- y: 2.08008
yhat: 2.21344 --- y: -2.51317

yhat: -0.58749 --- y: -2.08008
yhat: 1.15409 --- y: 4.66476

yhat: 0.06266 --- y: 1.70998
yhat: -1.06726 --- y: 5.78780


Qatar:
yhat: 0.27027 --- y: 1.44225
yhat: 1.84802 --- y: -3.89281

yhat: 0.21833 --- y: -1.44225
yhat: 1.76027 --- y: 5.75565

yhat: -0.04133 --- y: 1.25992
yhat: -1.37785 --- y: -3.28725

yhat: -0.62489 --- y: 1.00000
yhat: -0.41918 --- y: -2.54139

yhat: -0.31851 --- y: -0.00000
yhat: 0.30688 --- y: -4.90960

yhat: -0.50560 --- y: -1.00000
yhat: 1.06232 --- y: -6.35352

yhat: -0.00656 --- y: 1.44225
yhat: 1.28254 --- y: 5.33718


Romania:
yhat: -0.40715 --- y: -1.00000
yhat: 1.35701 --- y: 3.89633

yhat: 0.17550 --- y: -1.70998
yhat: -0.62198 --- y: 4.67782

yhat: 0.23328 --- y: -1.00000
yhat: -1.55235 --- y: -4.82616

yhat: 0.51162 --- y: 1.58740
yhat: 1.92913 --- y: 3.95575

yhat: -0.16762 --- y: 1.00000
yhat: -0.75778 --- y: 1.43757

yhat: -0.29582 --- y: 1.25992
yhat: -1.69173 --- y: 1.81774

yhat: -0.28631 --- y: -1.58740
yhat: -0.53037 --- y: -2.90507


Russia:
yhat: 0.21128 --- y: -2.22398
yhat: -0.60527 --- y: 4.68748

yhat: 0.51373 --- y: 3.93650
yhat: -1.96844 --- y: -4.05647

yhat: 0.00430 --- y: 3.95789
yhat: -0.59118 --- y: 4.36538

yhat: -0.66275 --- y: -4.10157
yhat: -1.73496 --- y: -1.97348

yhat: -0.54653 --- y: 3.07232
yhat: -1.28529 --- y: -6.27554

yhat: -0.77750 --- y: -2.00000
yhat: 0.07119 --- y: -5.84853

yhat: -0.69112 --- y: -3.23961
yhat: 1.65722 --- y: 6.55046


Saudi_Arabia:
yhat: -0.65829 --- y: 2.00000
yhat: -2.58170 --- y: 4.41995

yhat: -0.85198 --- y: 1.25992
yhat: -1.80666 --- y: 8.09291

yhat: -0.52117 --- y: -1.00000
yhat: -2.79728 --- y: -10.25683

yhat: 0.19691 --- y: 1.70998
yhat: 2.34900 --- y: -3.02944

yhat: 0.27184 --- y: -1.58740
yhat: 2.24714 --- y: 8.16304

yhat: 0.34863 --- y: 1.81712
yhat: -1.29294 --- y: 4.62513

yhat: -0.32040 --- y: 1.25992
yhat: -1.10191 --- y: -8.21756


Senegal:
yhat: -0.01319 --- y: -0.00000
yhat: -0.51999 --- y: -2.53159

yhat: 0.00357 --- y: 1.00000
yhat: 0.60557 --- y: 1.94198

yhat: -0.14050 --- y: -0.00000
yhat: 0.03761 --- y: 1.26489

yhat: -0.20699 --- y: 1.00000
yhat: 0.15116 --- y: 2.09495

yhat: -0.54640 --- y: -1.00000
yhat: -1.18991 --- y: -3.11310

yhat: 0.32191 --- y: -0.00000
yhat: 1.36571 --- y: 1.56264

yhat: -0.13870 --- y: -0.00000
yhat: -0.38962 --- y: 2.92591


Serbia:
yhat: -0.27125 --- y: 1.00000
yhat: -1.21883 --- y: 2.29165

yhat: -0.65885 --- y: -1.00000
yhat: -1.24275 --- y: 3.04977

yhat: 0.12344 --- y: 1.00000
yhat: -1.11579 --- y: -2.67076

yhat: -0.22531 --- y: 1.25992
yhat: 1.54196 --- y: 4.53254

yhat: -0.10189 --- y: 1.70998
yhat: -0.66469 --- y: -4.34688

yhat: -0.14350 --- y: -1.44225
yhat: 2.19845 --- y: 3.21433

yhat: 0.51013 --- y: -1.44225
yhat: 0.84134 --- y: -2.63441


Singapore:
yhat: 0.19472 --- y: -0.00000
yhat: 0.99427 --- y: -1.26254

yhat: 0.15286 --- y: -0.00000
yhat: 0.40516 --- y: 3.63778

yhat: -0.53426 --- y: -0.00000
yhat: -0.99337 --- y: -4.00714

yhat: -0.05197 --- y: -0.00000
yhat: 1.70367 --- y: -2.66807

yhat: 0.10202 --- y: -0.00000
yhat: 1.77473 --- y: -2.35967

yhat: -0.05394 --- y: -0.00000
yhat: 1.20412 --- y: 3.00585

yhat: -0.01054 --- y: -0.00000
yhat: -1.44031 --- y: -5.77249


Slovakia:
yhat: -0.16570 --- y: -0.00000
yhat: 0.71263 --- y: -1.87829

yhat: 0.01690 --- y: -0.00000
yhat: 1.56307 --- y: -0.35989

yhat: 0.07816 --- y: -0.00000
yhat: 0.54729 --- y: 2.23577

yhat: -0.18316 --- y: -0.00000
yhat: -0.80585 --- y: -1.85821

yhat: 0.05922 --- y: -0.00000
yhat: 0.60267 --- y: 2.19883

yhat: -0.08169 --- y: -0.00000
yhat: -0.89509 --- y: 2.55635

yhat: -0.14739 --- y: -0.00000
yhat: -1.44636 --- y: -2.45004


South_Africa:
yhat: 0.59678 --- y: 3.10723
yhat: 2.71777 --- y: 13.24113

yhat: 0.08584 --- y: 3.80295
yhat: -0.53000 --- y: 11.19180

yhat: -0.46140 --- y: -3.30193
yhat: -2.33317 --- y: -8.47297

yhat: 0.36732 --- y: 1.44225
yhat: 2.10163 --- y: -7.84223

yhat: 0.41506 --- y: 2.35133
yhat: 2.44489 --- y: 5.61644

yhat: -0.54776 --- y: -3.23961
yhat: -0.05427 --- y: 7.74422

yhat: 0.02106 --- y: 4.62606
yhat: -1.60445 --- y: -10.45547


South_Korea:
yhat: 0.12648 --- y: -0.00000
yhat: 0.83113 --- y: 1.47542

yhat: -0.05035 --- y: -0.00000
yhat: 0.52124 --- y: 1.46785

yhat: -0.39517 --- y: -0.00000
yhat: -1.21399 --- y: -1.37690

yhat: -0.30006 --- y: -0.00000
yhat: 0.11363 --- y: 2.35041

yhat: -0.22204 --- y: 1.00000
yhat: -0.65394 --- y: -2.57332

yhat: -0.07112 --- y: -1.00000
yhat: 0.58517 --- y: 2.07825

yhat: 0.18862 --- y: -0.00000
yhat: -0.32160 --- y: -3.85093


Switzerland:
yhat: -0.03138 --- y: -0.00000
yhat: 1.19548 --- y: -2.44275

yhat: 0.30981 --- y: 1.25992
yhat: 2.20865 --- y: 3.37721

yhat: 0.10050 --- y: -1.00000
yhat: -0.02218 --- y: 5.23946

yhat: -0.22420 --- y: -0.00000
yhat: -2.03774 --- y: -5.82223

yhat: -0.18617 --- y: -1.00000
yhat: 1.84670 --- y: 4.35169

yhat: 0.35028 --- y: -0.00000
yhat: -0.87137 --- y: -2.81867

yhat: 0.10262 --- y: -0.00000
yhat: 0.58413 --- y: -2.83761


Turkey:
yhat: 0.36376 --- y: 1.44225
yhat: -1.10287 --- y: 3.50580

yhat: 0.05249 --- y: -1.25992
yhat: -1.48405 --- y: -5.86554

yhat: 0.53523 --- y: 1.44225
yhat: 1.61028 --- y: -4.34358

yhat: 0.19723 --- y: -1.25992
yhat: 2.40868 --- y: 2.87633

yhat: 0.16701 --- y: 1.25992
yhat: 0.23828 --- y: -3.76883

yhat: -0.66160 --- y: 1.00000
yhat: 1.51631 --- y: 2.58439

yhat: -0.08395 --- y: -1.00000
yhat: 1.23729 --- y: 3.34466


United_Arab_Emirates:
yhat: -0.12500 --- y: -1.00000
yhat: 0.03105 --- y: 3.61994

yhat: 0.17157 --- y: -0.00000
yhat: -0.97140 --- y: -2.78189

yhat: -0.25080 --- y: -0.00000
yhat: 0.85402 --- y: -3.37776

yhat: 0.19501 --- y: -0.00000
yhat: 1.87865 --- y: -0.56063

yhat: -0.25008 --- y: -0.00000
yhat: 0.32582 --- y: 6.67451

yhat: -0.33774 --- y: 1.25992
yhat: -2.30246 --- y: -3.41405

yhat: -0.16878 --- y: -1.00000
yhat: 0.52129 --- y: -2.18724


United_States_of_America:
yhat: 0.74548 --- y: 4.14082
yhat: -0.88884 --- y: 17.26489

yhat: 0.31755 --- y: 9.77497
yhat: -1.21562 --- y: -9.39662

yhat: 0.45610 --- y: -8.51784
yhat: 2.62942 --- y: 19.22612

yhat: -0.27423 --- y: 2.96250
yhat: -1.97542 --- y: -16.86669

yhat: 0.16920 --- y: 2.51984
yhat: 1.91763 --- y: 11.76012

yhat: -0.70754 --- y: -7.67443
yhat: 0.09088 --- y: -20.71912

yhat: 0.26064 --- y: 3.07232
yhat: 2.75586 --- y: 22.87347


Uzbekistan:
yhat: -0.37148 --- y: -0.00000
yhat: -0.57375 --- y: -3.19940

yhat: -0.21185 --- y: -0.00000
yhat: 1.63946 --- y: 2.93374

yhat: 0.17004 --- y: -1.25992
yhat: -0.05836 --- y: -1.89352

yhat: 0.32466 --- y: 1.00000
yhat: 0.08552 --- y: 2.06763

yhat: -0.16113 --- y: 1.00000
yhat: -1.01301 --- y: 2.78951

yhat: -0.00435 --- y: -0.00000
yhat: -0.71837 --- y: -2.13116

yhat: 0.09497 --- y: 1.25992
yhat: 1.43395 --- y: 1.12279



Iterated Predictions:
Australia:
yhat: -0.05237 --- y: -0.00000
yhat: 0.32241 --- y: 3.77121

yhat: -0.05941 --- y: -0.00000
yhat: 0.52023 --- y: -3.12616

yhat: 0.09678 --- y: -0.00000
yhat: 0.62666 --- y: 2.90679

yhat: 0.06853 --- y: -0.00000
yhat: -0.14878 --- y: -1.85498

yhat: 0.02544 --- y: -0.00000
yhat: 0.02981 --- y: 5.33238

yhat: -0.22662 --- y: -0.00000
yhat: 0.35623 --- y: -5.05724

yhat: 0.12073 --- y: -0.00000
yhat: 0.37525 --- y: -2.90800


Austria:
yhat: -0.03589 --- y: -1.00000
yhat: -1.45573 --- y: -3.39656

yhat: -0.05679 --- y: 1.00000
yhat: 0.01790 --- y: 4.01523

yhat: 0.24465 --- y: -1.25992
yhat: 1.05884 --- y: -3.99518

yhat: -0.28546 --- y: -0.00000
yhat: 0.27803 --- y: 4.25723

yhat: -0.22759 --- y: -0.00000
yhat: 0.04233 --- y: -0.65923

yhat: 0.09631 --- y: -0.00000
yhat: 1.00947 --- y: 3.08530

yhat: -0.03666 --- y: 1.00000
yhat: -0.16939 --- y: -3.82073


Bangladesh:
yhat: 0.22509 --- y: 1.25992
yhat: -1.23944 --- y: 5.39838

yhat: -0.27531 --- y: 2.66840
yhat: -0.51004 --- y: -7.16363

yhat: -0.28892 --- y: -2.84387
yhat: 0.53416 --- y: -4.32319

yhat: -0.10232 --- y: -1.44225
yhat: 0.04214 --- y: 7.36194

yhat: -0.03222 --- y: 1.58740
yhat: -0.39251 --- y: -9.49355

yhat: 0.11258 --- y: -2.35133
yhat: -0.82545 --- y: 7.89019

yhat: -0.68883 --- y: 2.96250
yhat: 0.55898 --- y: -9.37787


Belgium:
yhat: -0.24056 --- y: -1.25992
yhat: -2.50199 --- y: -6.56971

yhat: -0.20155 --- y: 1.25992
yhat: 0.22739 --- y: 2.37563

yhat: -0.24123 --- y: 1.70998
yhat: -0.24815 --- y: 2.10407

yhat: -0.45021 --- y: -1.44225
yhat: -0.19925 --- y: 2.93357

yhat: 0.02133 --- y: 1.25992
yhat: 0.80219 --- y: -2.08600

yhat: 0.10732 --- y: -1.81712
yhat: -0.04135 --- y: 2.63268

yhat: 0.21826 --- y: -0.00000
yhat: 0.85314 --- y: 5.01502


Bolivia:
yhat: -0.45871 --- y: 2.35133
yhat: 1.25954 --- y: -5.75701

yhat: 0.36858 --- y: -1.70998
yhat: 1.08258 --- y: 7.42211

yhat: -0.23457 --- y: 2.96250
yhat: -0.58487 --- y: -6.00394

yhat: -0.50132 --- y: -2.00000
yhat: 0.69953 --- y: 5.80255

yhat: 0.04129 --- y: -2.75892
yhat: 0.23262 --- y: 5.43895

yhat: 0.24220 --- y: 2.08008
yhat: -0.39929 --- y: -6.45857

yhat: 0.51254 --- y: -1.25992
yhat: 0.70536 --- y: 6.95125


Brazil:
yhat: -0.10977 --- y: 5.19249
yhat: -0.80159 --- y: -16.13980

yhat: 1.05211 --- y: 8.37772
yhat: 0.57464 --- y: -17.85770

yhat: 1.00002 --- y: -6.23168
yhat: 0.63562 --- y: 21.38850

yhat: -0.59157 --- y: 5.98142
yhat: -2.50869 --- y: 12.45959

yhat: -0.71300 --- y: 3.36198
yhat: -1.04883 --- y: -21.35233

yhat: -0.56902 --- y: -5.83827
yhat: 0.59972 --- y: 10.74172

yhat: -0.41962 --- y: -7.87837
yhat: 0.61243 --- y: 8.47395


Canada:
yhat: -0.33570 --- y: 3.36198
yhat: 0.14898 --- y: 7.75231

yhat: 0.35123 --- y: -2.66840
yhat: 0.14178 --- y: -7.16485

yhat: 0.82302 --- y: -2.92402
yhat: 0.78814 --- y: -6.78354

yhat: -0.53669 --- y: 3.70843
yhat: -1.17552 --- y: 8.05031

yhat: -0.13037 --- y: -3.10723
yhat: 0.56183 --- y: -5.96801

yhat: -0.33407 --- y: -2.15443
yhat: -0.63565 --- y: -4.25497

yhat: -0.50981 --- y: -1.00000
yhat: -0.13824 --- y: -2.57523


Czechia:
yhat: -0.02065 --- y: -1.00000
yhat: -1.06910 --- y: -5.08444

yhat: 0.41530 --- y: 1.00000
yhat: 1.01557 --- y: -4.39246

yhat: 0.23912 --- y: -1.00000
yhat: 0.49660 --- y: -4.21544

yhat: -0.29588 --- y: 1.25992
yhat: 0.25888 --- y: 3.14787

yhat: -0.03193 --- y: -1.00000
yhat: 0.83545 --- y: 2.26791

yhat: 0.04790 --- y: -1.25992
yhat: 1.21481 --- y: -2.10154

yhat: 0.22288 --- y: -1.25992
yhat: 0.40556 --- y: -2.91771


Denmark:
yhat: 0.32469 --- y: 1.00000
yhat: 0.46222 --- y: 4.34849

yhat: -0.25140 --- y: -1.00000
yhat: -1.03984 --- y: -4.06632

yhat: -0.27023 --- y: 1.00000
yhat: -0.35489 --- y: 1.93924

yhat: -0.08840 --- y: -1.00000
yhat: 0.80861 --- y: -0.78390

yhat: 0.18657 --- y: -0.00000
yhat: -0.01627 --- y: -1.85031

yhat: -0.09347 --- y: -0.00000
yhat: -0.51079 --- y: -2.49155

yhat: -0.18389 --- y: -0.00000
yhat: -0.51418 --- y: -0.00000


Dominican_Republic:
yhat: -0.22560 --- y: -1.00000
yhat: 0.91796 --- y: -5.23283

yhat: 0.04452 --- y: 1.91293
yhat: 0.28223 --- y: 7.43728

yhat: 0.08546 --- y: -1.91293
yhat: -0.57185 --- y: -4.50156

yhat: -0.14869 --- y: 1.58740
yhat: 0.52958 --- y: 3.74532

yhat: 0.04061 --- y: -1.00000
yhat: -0.13996 --- y: -2.87945

yhat: -0.26031 --- y: 1.00000
yhat: -0.72737 --- y: 4.15494

yhat: -0.07510 --- y: -1.44225
yhat: 0.48304 --- y: 5.23429


Estonia:
yhat: -0.16192 --- y: -0.00000
yhat: -0.38683 --- y: -1.10329

yhat: -0.16857 --- y: -0.00000
yhat: 0.40879 --- y: 1.33338

yhat: -0.03856 --- y: -0.00000
yhat: 0.05024 --- y: -1.33338

yhat: -0.05246 --- y: -0.00000
yhat: -0.09616 --- y: 0.85490

yhat: -0.20150 --- y: -0.00000
yhat: -0.23435 --- y: 0.55691

yhat: -0.04761 --- y: -0.00000
yhat: 0.35448 --- y: 0.87797

yhat: -0.00554 --- y: -0.00000
yhat: -0.28788 --- y: -1.13814


Finland:
yhat: -0.11052 --- y: -0.00000
yhat: 0.41558 --- y: 2.64184

yhat: -0.19823 --- y: -0.00000
yhat: -0.19782 --- y: -2.31130

yhat: -0.05764 --- y: -0.00000
yhat: -0.58525 --- y: 2.36483

yhat: 0.16299 --- y: -0.00000
yhat: 0.28177 --- y: -2.43349

yhat: -0.34403 --- y: 1.00000
yhat: -0.31115 --- y: -1.56940

yhat: 0.01948 --- y: -1.00000
yhat: 0.12590 --- y: 1.48241

yhat: -0.07306 --- y: -0.00000
yhat: -0.29337 --- y: 1.39425


France:
yhat: 0.49953 --- y: 3.27107
yhat: 0.36279 --- y: 10.85862

yhat: 0.66354 --- y: -1.70998
yhat: -0.33777 --- y: -9.42650

yhat: -0.66329 --- y: -2.28943
yhat: -0.40733 --- y: 6.92480

yhat: -0.44885 --- y: -1.58740
yhat: 0.06690 --- y: -5.26561

yhat: -0.81187 --- y: 1.58740
yhat: -0.24882 --- y: -4.06708

yhat: 0.10374 --- y: -2.62074
yhat: 0.00446 --- y: -8.24992

yhat: -0.41438 --- y: -0.00000
yhat: -1.58772 --- y: -0.00000


Germany:
yhat: 0.49383 --- y: 2.00000
yhat: -0.75781 --- y: 6.02541

yhat: 0.10761 --- y: -0.00000
yhat: -1.20060 --- y: -3.54223

yhat: 0.11326 --- y: -1.44225
yhat: 0.60509 --- y: -4.07576

yhat: -0.62523 --- y: -0.00000
yhat: -1.05637 --- y: -4.57650

yhat: -0.54606 --- y: -1.25992
yhat: -0.55658 --- y: -2.61113

yhat: -0.53389 --- y: -1.70998
yhat: 0.08188 --- y: -4.18161

yhat: 0.14069 --- y: 1.25992
yhat: -0.16332 --- y: 2.84236


Greece:
yhat: 0.12439 --- y: -0.00000
yhat: 0.76043 --- y: 1.80478

yhat: -0.05960 --- y: 1.00000
yhat: -0.22854 --- y: 0.55078

yhat: -0.06285 --- y: -1.00000
yhat: -0.19401 --- y: 1.88283

yhat: -0.31527 --- y: -0.00000
yhat: 0.29841 --- y: 0.50310

yhat: 0.22979 --- y: -0.00000
yhat: 0.25804 --- y: 1.84780

yhat: -0.07653 --- y: -0.00000
yhat: -0.38695 --- y: -1.30670

yhat: 0.04838 --- y: -0.00000
yhat: 0.39475 --- y: -2.66707


Guatemala:
yhat: -0.26221 --- y: -1.25992
yhat: -0.43373 --- y: -3.28952

yhat: 0.72777 --- y: 2.00000
yhat: 0.46787 --- y: 5.61327

yhat: 0.35639 --- y: 2.57128
yhat: -0.25946 --- y: 7.36627

yhat: 0.15088 --- y: -2.62074
yhat: 1.09578 --- y: -5.74930

yhat: 0.12079 --- y: 2.22398
yhat: 0.51077 --- y: 6.35770

yhat: 0.09234 --- y: 1.44225
yhat: -0.09715 --- y: -0.59403

yhat: -0.87433 --- y: -2.35133
yhat: -0.04673 --- y: -7.28201


Honduras:
yhat: -0.06216 --- y: 1.81712
yhat: -2.26420 --- y: -3.93082

yhat: 0.16781 --- y: 1.81712
yhat: 0.55732 --- y: -5.42230

yhat: 0.29543 --- y: 3.20753
yhat: 0.60406 --- y: -4.81455

yhat: -0.01901 --- y: 1.58740
yhat: -0.53749 --- y: 5.91012

yhat: 0.18453 --- y: -3.27107
yhat: 0.72506 --- y: 4.10616

yhat: -0.10999 --- y: 2.15443
yhat: -0.01582 --- y: -6.31431

yhat: -0.17447 --- y: -2.41014
yhat: 0.84093 --- y: 6.36668


Hungary:
yhat: -0.33094 --- y: 1.00000
yhat: 0.18395 --- y: -1.38197

yhat: -0.02904 --- y: -1.58740
yhat: 0.31799 --- y: 2.04029

yhat: -0.55045 --- y: 1.00000
yhat: -0.34817 --- y: -2.10909

yhat: 0.20793 --- y: -0.00000
yhat: 0.38979 --- y: 1.58606

yhat: -0.22071 --- y: -0.00000
yhat: -0.34085 --- y: -0.79761

yhat: -0.10669 --- y: -0.00000
yhat: 0.22572 --- y: 1.73870

yhat: 0.16495 --- y: -1.00000
yhat: 0.46748 --- y: -2.21801


India:
yhat: 0.91375 --- y: 3.36198
yhat: 0.52244 --- y: 14.38884

yhat: 0.38746 --- y: 4.46475
yhat: 1.82721 --- y: -7.48424

yhat: -0.02878 --- y: -4.17934
yhat: 0.68603 --- y: -8.03433

yhat: 0.00660 --- y: -3.80295
yhat: -0.14683 --- y: 7.68567

yhat: 0.04742 --- y: 3.97906
yhat: 0.38820 --- y: 7.95361

yhat: 0.14747 --- y: 5.55050
yhat: 0.21108 --- y: 7.56180

yhat: 0.36955 --- y: -5.72865
yhat: 1.80808 --- y: 10.21796


Indonesia:
yhat: -0.50649 --- y: 2.57128
yhat: -0.66542 --- y: 4.58384

yhat: -0.01883 --- y: 2.71442
yhat: 1.45627 --- y: -1.68100

yhat: 0.35242 --- y: -2.35133
yhat: -1.13975 --- y: -2.29530

yhat: 0.02598 --- y: -1.70998
yhat: 0.52286 --- y: 4.93088

yhat: 0.50380 --- y: -1.58740
yhat: 0.26854 --- y: -6.08302

yhat: -0.29599 --- y: 1.58740
yhat: 0.59622 --- y: 4.55954

yhat: -0.86576 --- y: 3.07232
yhat: -1.30915 --- y: 7.11970


Ireland:
yhat: 0.04581 --- y: -1.00000
yhat: 0.83212 --- y: 2.84491

yhat: 0.28311 --- y: 1.00000
yhat: 0.93699 --- y: -2.26496

yhat: 0.07555 --- y: 1.00000
yhat: -1.00688 --- y: -2.13372

yhat: -0.15923 --- y: -1.25992
yhat: 0.65342 --- y: 1.76364

yhat: -0.13547 --- y: 1.25992
yhat: 0.71353 --- y: 0.45111

yhat: -0.01979 --- y: -1.00000
yhat: 0.16628 --- y: 1.23937

yhat: -0.16083 --- y: -1.00000
yhat: -0.71798 --- y: 1.95553


Israel:
yhat: -0.15693 --- y: -0.00000
yhat: 1.51690 --- y: 7.42877

yhat: 0.24246 --- y: -0.00000
yhat: 1.44019 --- y: 2.24948

yhat: -0.04800 --- y: 1.00000
yhat: -0.38552 --- y: 4.72903

yhat: 0.04142 --- y: 1.00000
yhat: 0.09334 --- y: 5.87035

yhat: 0.37810 --- y: -1.25992
yhat: 0.56899 --- y: -8.49648

yhat: 0.24179 --- y: 1.44225
yhat: 0.35093 --- y: 8.08419

yhat: -0.06975 --- y: -1.44225
yhat: 0.37440 --- y: -4.73957


Italy:
yhat: -0.61964 --- y: -2.51984
yhat: -0.38240 --- y: -3.31386

yhat: -0.35637 --- y: 2.57128
yhat: -1.04649 --- y: 2.54342

yhat: 0.58648 --- y: -1.25992
yhat: 0.53419 --- y: 2.65080

yhat: -0.08240 --- y: 2.08008
yhat: 0.32501 --- y: 2.30999

yhat: 0.14115 --- y: -2.46621
yhat: -1.94182 --- y: 2.87322

yhat: -0.76300 --- y: 1.81712
yhat: -0.51213 --- y: -1.17325

yhat: -0.50652 --- y: -2.41014
yhat: 0.50519 --- y: -2.44541


Japan:
yhat: 0.03459 --- y: -1.00000
yhat: -0.24746 --- y: 3.82702

yhat: 0.56729 --- y: 1.25992
yhat: 0.34753 --- y: 2.76308

yhat: -0.56740 --- y: -1.00000
yhat: -0.18179 --- y: 1.26718

yhat: 0.12301 --- y: -0.00000
yhat: -0.22755 --- y: -2.17089

yhat: -0.05728 --- y: -0.00000
yhat: -0.25501 --- y: 1.29803

yhat: -0.26063 --- y: -1.00000
yhat: 0.47892 --- y: 1.34218

yhat: -0.25925 --- y: -0.00000
yhat: 0.10034 --- y: -5.57809


Kuwait:
yhat: -0.59761 --- y: -1.25992
yhat: 2.01612 --- y: 5.04543

yhat: -0.15663 --- y: 1.25992
yhat: 0.53276 --- y: -2.30797

yhat: -0.41909 --- y: -0.00000
yhat: -0.49955 --- y: 4.38070

yhat: -0.25350 --- y: -1.44225
yhat: -0.10822 --- y: 5.08270

yhat: 0.72856 --- y: -0.00000
yhat: -0.66013 --- y: -5.48778

yhat: -0.02115 --- y: 1.58740
yhat: -0.72939 --- y: -3.29602

yhat: -0.06713 --- y: -1.25992
yhat: 0.05473 --- y: -3.53659


Luxembourg:
yhat: 0.00860 --- y: -0.00000
yhat: 0.54171 --- y: 2.00309

yhat: 0.03795 --- y: -0.00000
yhat: -0.04029 --- y: -1.68047

yhat: -0.14912 --- y: -0.00000
yhat: 0.20685 --- y: 1.73075

yhat: 0.13759 --- y: -0.00000
yhat: 0.32202 --- y: 1.58017

yhat: -0.11489 --- y: -0.00000
yhat: 0.70254 --- y: 1.04350

yhat: -0.00905 --- y: -0.00000
yhat: 0.23595 --- y: -2.79380

yhat: 0.03362 --- y: -0.00000
yhat: -0.03469 --- y: 3.27254


Mexico:
yhat: 0.82835 --- y: 5.90594
yhat: 2.11413 --- y: 8.17619

yhat: 0.95290 --- y: 5.59344
yhat: 0.55211 --- y: 6.96615

yhat: 0.92050 --- y: 4.53065
yhat: 1.62669 --- y: 5.28953

yhat: -0.04773 --- y: -3.95789
yhat: -0.51468 --- y: 8.76707

yhat: -1.14646 --- y: -2.92402
yhat: -0.92347 --- y: 4.41093

yhat: -1.13968 --- y: -5.07875
yhat: -1.88535 --- y: 9.62819

yhat: -0.95858 --- y: -6.29961
yhat: -0.68833 --- y: -12.60885


Moldova:
yhat: -0.30602 --- y: -1.44225
yhat: 0.97296 --- y: -2.59462

yhat: -0.37843 --- y: 1.44225
yhat: -0.51729 --- y: 3.27901

yhat: -0.25887 --- y: -1.70998
yhat: -0.39037 --- y: -2.34936

yhat: 0.07968 --- y: 1.91293
yhat: 0.29143 --- y: -1.86216

yhat: 0.04203 --- y: 1.00000
yhat: -1.12140 --- y: 3.12502

yhat: 0.54486 --- y: -1.58740
yhat: -0.48147 --- y: -3.60919

yhat: -0.51177 --- y: -1.44225
yhat: 0.20017 --- y: -2.64987


Morocco:
yhat: -0.08360 --- y: 1.44225
yhat: 1.64091 --- y: 4.57400

yhat: 0.41231 --- y: -1.00000
yhat: 0.37568 --- y: 3.15851

yhat: -0.16310 --- y: -1.44225
yhat: -0.74397 --- y: -5.78738

yhat: -0.31588 --- y: 1.00000
yhat: -0.83186 --- y: 5.89440

yhat: -0.07893 --- y: -0.00000
yhat: -0.80922 --- y: -3.78002

yhat: -0.66853 --- y: 1.00000
yhat: -0.85709 --- y: 5.84609

yhat: -0.02772 --- y: 1.00000
yhat: -0.13510 --- y: -3.96655


Netherlands:
yhat: -0.24860 --- y: 1.25992
yhat: -1.35521 --- y: 2.66311

yhat: 0.45175 --- y: -0.00000
yhat: -0.39384 --- y: -3.12735

yhat: -0.00387 --- y: -1.25992
yhat: 0.88670 --- y: 2.26088

yhat: -0.14417 --- y: -0.00000
yhat: -0.27431 --- y: -3.67279

yhat: -0.04351 --- y: 1.25992
yhat: -0.94084 --- y: 3.57356

yhat: -0.23001 --- y: 1.58740
yhat: -0.55098 --- y: -2.01755

yhat: -0.80216 --- y: -1.70998
yhat: -0.19458 --- y: 2.30601


Nigeria:
yhat: -0.32695 --- y: 1.00000
yhat: 1.39253 --- y: 3.31477

yhat: -0.14001 --- y: 2.08008
yhat: 1.10785 --- y: 3.86702

yhat: -0.18527 --- y: -1.58740
yhat: -0.95592 --- y: 5.08918

yhat: -0.44160 --- y: -0.00000
yhat: 0.11143 --- y: -5.86969

yhat: 0.28769 --- y: -1.00000
yhat: 0.54360 --- y: -5.42598

yhat: 0.19898 --- y: -1.81712
yhat: -0.86241 --- y: 5.06364

yhat: 0.16763 --- y: 1.70998
yhat: 0.40151 --- y: 4.06311


Norway:
yhat: 0.17606 --- y: -0.00000
yhat: 0.73671 --- y: 3.61003

yhat: -0.15386 --- y: 1.00000
yhat: -0.29455 --- y: -3.29286

yhat: -0.18830 --- y: -0.00000
yhat: -0.17753 --- y: 1.92277

yhat: -0.23308 --- y: -1.00000
yhat: 0.13899 --- y: -2.22828

yhat: 0.04749 --- y: -0.00000
yhat: -0.13180 --- y: -1.94760

yhat: -0.47916 --- y: -0.00000
yhat: -0.67384 --- y: -0.00000

yhat: 0.30848 --- y: -0.00000
yhat: 0.15565 --- y: -0.00000


Oman:
yhat: 0.53817 --- y: 1.25992
yhat: -1.46961 --- y: -2.89995

yhat: -0.29356 --- y: 1.00000
yhat: -0.00639 --- y: 5.91110

yhat: -0.26572 --- y: 1.25992
yhat: -1.64243 --- y: 3.41702

yhat: 0.07506 --- y: -1.81712
yhat: -0.01628 --- y: 2.93875

yhat: -0.18407 --- y: 1.25992
yhat: 0.46262 --- y: -2.90960

yhat: -0.34218 --- y: 1.70998
yhat: -1.57166 --- y: -4.94801

yhat: -0.57814 --- y: -0.00000
yhat: 0.64994 --- y: -5.93639


Pakistan:
yhat: 0.13836 --- y: 4.44796
yhat: 0.60449 --- y: -6.36249

yhat: 0.67860 --- y: -3.58305
yhat: 0.84929 --- y: 9.74554

yhat: -0.37996 --- y: -2.35133
yhat: -2.04687 --- y: 3.15752

yhat: -0.01819 --- y: -0.00000
yhat: 0.29436 --- y: -6.88283

yhat: -0.50608 --- y: -2.15443
yhat: -0.14424 --- y: -8.81140

yhat: -0.00144 --- y: 2.92402
yhat: 0.02187 --- y: -6.58739

yhat: -0.26415 --- y: -3.50340
yhat: -1.13078 --- y: 7.26269


Panama:
yhat: 0.02282 --- y: 1.58740
yhat: -1.17903 --- y: 6.34921

yhat: -0.13919 --- y: -1.70998
yhat: -0.13290 --- y: -5.55541

yhat: 0.25211 --- y: 1.44225
yhat: 0.43084 --- y: -3.75363

yhat: -0.54068 --- y: 2.00000
yhat: 0.13556 --- y: -5.72794

yhat: 0.28971 --- y: 2.08008
yhat: -0.14561 --- y: -2.51317

yhat: -0.09764 --- y: -2.08008
yhat: -0.64795 --- y: 4.66476

yhat: 0.03101 --- y: 1.70998
yhat: 0.41310 --- y: 5.78780


Qatar:
yhat: 0.27027 --- y: 1.44225
yhat: 1.84802 --- y: -3.89281

yhat: 0.39364 --- y: -1.44225
yhat: 0.18759 --- y: 5.75565

yhat: -0.06047 --- y: 1.25992
yhat: -0.45661 --- y: -3.28725

yhat: -0.38165 --- y: 1.00000
yhat: -0.50356 --- y: -2.54139

yhat: -0.15318 --- y: -0.00000
yhat: -1.03227 --- y: -4.90960

yhat: -0.52929 --- y: -1.00000
yhat: -0.44441 --- y: -6.35352

yhat: -0.30705 --- y: 1.44225
yhat: -1.20454 --- y: 5.33718


Romania:
yhat: -0.40715 --- y: -1.00000
yhat: 1.35701 --- y: 3.89633

yhat: 0.09906 --- y: -1.70998
yhat: 0.25622 --- y: 4.67782

yhat: 0.20849 --- y: -1.00000
yhat: 0.31104 --- y: -4.82616

yhat: 0.20781 --- y: 1.58740
yhat: 0.75558 --- y: 3.95575

yhat: -0.17708 --- y: 1.00000
yhat: -0.14659 --- y: 1.43757

yhat: -0.14586 --- y: 1.25992
yhat: -1.07220 --- y: 1.81774

yhat: 0.06500 --- y: -1.58740
yhat: 0.28953 --- y: -2.90507


Russia:
yhat: 0.21128 --- y: -2.22398
yhat: -0.60527 --- y: 4.68748

yhat: 0.62120 --- y: 3.93650
yhat: -1.06749 --- y: -4.05647

yhat: 0.37431 --- y: 3.95789
yhat: -1.07312 --- y: 4.36538

yhat: -0.23958 --- y: -4.10157
yhat: -1.07429 --- y: -1.97348

yhat: -0.69711 --- y: 3.07232
yhat: -1.20544 --- y: -6.27554

yhat: -0.71504 --- y: -2.00000
yhat: -1.43044 --- y: -5.84853

yhat: -0.81231 --- y: -3.23961
yhat: 0.04988 --- y: 6.55046


Saudi_Arabia:
yhat: -0.65829 --- y: 2.00000
yhat: -2.58170 --- y: 4.41995

yhat: -0.46549 --- y: 1.25992
yhat: 0.71957 --- y: 8.09291

yhat: -0.15076 --- y: -1.00000
yhat: -1.01649 --- y: -10.25683

yhat: 0.24332 --- y: 1.70998
yhat: 1.15217 --- y: -3.02944

yhat: 0.52682 --- y: -1.58740
yhat: 0.08614 --- y: 8.16304

yhat: 0.26232 --- y: 1.81712
yhat: 0.41945 --- y: 4.62513

yhat: -0.02773 --- y: 1.25992
yhat: 0.71422 --- y: -8.21756


Senegal:
yhat: -0.01319 --- y: -0.00000
yhat: -0.51999 --- y: -2.53159

yhat: -0.04645 --- y: 1.00000
yhat: -0.28056 --- y: 1.94198

yhat: 0.08285 --- y: -0.00000
yhat: 0.70515 --- y: 1.26489

yhat: -0.09109 --- y: 1.00000
yhat: 0.75218 --- y: 2.09495

yhat: -0.27821 --- y: -1.00000
yhat: -0.45583 --- y: -3.11310

yhat: 0.21356 --- y: -0.00000
yhat: 0.48165 --- y: 1.56264

yhat: -0.12014 --- y: -0.00000
yhat: -0.01731 --- y: 2.92591


Serbia:
yhat: -0.27125 --- y: 1.00000
yhat: -1.21883 --- y: 2.29165

yhat: -0.39448 --- y: -1.00000
yhat: 0.24321 --- y: 3.04977

yhat: 0.24040 --- y: 1.00000
yhat: 0.78881 --- y: -2.67076

yhat: -0.19533 --- y: 1.25992
yhat: 0.69410 --- y: 4.53254

yhat: 0.18125 --- y: 1.70998
yhat: 0.49001 --- y: -4.34688

yhat: 0.23449 --- y: -1.44225
yhat: 1.09994 --- y: 3.21433

yhat: 0.35154 --- y: -1.44225
yhat: 0.51340 --- y: -2.63441


Singapore:
yhat: 0.19472 --- y: -0.00000
yhat: 0.99427 --- y: -1.26254

yhat: 0.07074 --- y: -0.00000
yhat: -0.68583 --- y: 3.63778

yhat: -0.56390 --- y: -0.00000
yhat: 0.26735 --- y: -4.00714

yhat: 0.04756 --- y: -0.00000
yhat: 0.88646 --- y: -2.66807

yhat: 0.07157 --- y: -0.00000
yhat: -0.30940 --- y: -2.35967

yhat: -0.18801 --- y: -0.00000
yhat: 0.24538 --- y: 3.00585

yhat: 0.19872 --- y: -0.00000
yhat: -0.12412 --- y: -5.77249


Slovakia:
yhat: -0.16570 --- y: -0.00000
yhat: 0.71263 --- y: -1.87829

yhat: -0.01574 --- y: -0.00000
yhat: 0.43537 --- y: -0.35989

yhat: 0.02972 --- y: -0.00000
yhat: -0.29205 --- y: 2.23577

yhat: -0.09029 --- y: -0.00000
yhat: 0.41911 --- y: -1.85821

yhat: 0.08644 --- y: -0.00000
yhat: -0.01439 --- y: 2.19883

yhat: -0.07902 --- y: -0.00000
yhat: -0.01881 --- y: 2.55635

yhat: 0.01212 --- y: -0.00000
yhat: 0.43898 --- y: -2.45004


South_Africa:
yhat: 0.59678 --- y: 3.10723
yhat: 2.71777 --- y: 13.24113

yhat: 0.61773 --- y: 3.80295
yhat: 1.77647 --- y: 11.19180

yhat: 0.12309 --- y: -3.30193
yhat: 0.00665 --- y: -8.47297

yhat: 0.03495 --- y: 1.44225
yhat: 0.12011 --- y: -7.84223

yhat: 0.29113 --- y: 2.35133
yhat: 0.07886 --- y: 5.61644

yhat: -0.24672 --- y: -3.23961
yhat: 0.82069 --- y: 7.74422

yhat: 0.02549 --- y: 4.62606
yhat: 0.09407 --- y: -10.45547


South_Korea:
yhat: 0.12648 --- y: -0.00000
yhat: 0.83113 --- y: 1.47542

yhat: -0.05469 --- y: -0.00000
yhat: 0.82371 --- y: 1.46785

yhat: -0.37023 --- y: -0.00000
yhat: -0.79449 --- y: -1.37690

yhat: -0.25246 --- y: -0.00000
yhat: -0.09892 --- y: 2.35041

yhat: -0.09757 --- y: 1.00000
yhat: 0.40261 --- y: -2.57332

yhat: 0.10674 --- y: -1.00000
yhat: -0.50119 --- y: 2.07825

yhat: 0.10868 --- y: -0.00000
yhat: 0.27018 --- y: -3.85093


Switzerland:
yhat: -0.03138 --- y: -0.00000
yhat: 1.19548 --- y: -2.44275

yhat: 0.30320 --- y: 1.25992
yhat: 1.08360 --- y: 3.37721

yhat: 0.27257 --- y: -1.00000
yhat: 0.48834 --- y: 5.23946

yhat: -0.18878 --- y: -0.00000
yhat: 0.46207 --- y: -5.82223

yhat: -0.30560 --- y: -1.00000
yhat: 0.37424 --- y: 4.35169

yhat: 0.18919 --- y: -0.00000
yhat: 0.05492 --- y: -2.81867

yhat: 0.10027 --- y: -0.00000
yhat: 0.24445 --- y: -2.83761


Turkey:
yhat: 0.36376 --- y: 1.44225
yhat: -1.10287 --- y: 3.50580

yhat: 0.45314 --- y: -1.25992
yhat: 0.54275 --- y: -5.86554

yhat: 0.39176 --- y: 1.44225
yhat: -0.28057 --- y: -4.34358

yhat: 0.14745 --- y: -1.25992
yhat: 0.61848 --- y: 2.87633

yhat: -0.05088 --- y: 1.25992
yhat: 0.62530 --- y: -3.76883

yhat: -0.63714 --- y: 1.00000
yhat: 0.53497 --- y: 2.58439

yhat: 0.08381 --- y: -1.00000
yhat: 1.22129 --- y: 3.34466


United_Arab_Emirates:
yhat: -0.12500 --- y: -1.00000
yhat: 0.03105 --- y: 3.61994

yhat: 0.16126 --- y: -0.00000
yhat: 0.29197 --- y: -2.78189

yhat: -0.38307 --- y: -0.00000
yhat: 0.00381 --- y: -3.37776

yhat: 0.04237 --- y: -0.00000
yhat: 0.03627 --- y: -0.56063

yhat: -0.32545 --- y: -0.00000
yhat: -0.57086 --- y: 6.67451

yhat: -0.19726 --- y: 1.25992
yhat: 0.15675 --- y: -3.41405

yhat: 0.12689 --- y: -1.00000
yhat: -0.21990 --- y: -2.18724


United_States_of_America:
yhat: 0.74548 --- y: 4.14082
yhat: -0.88884 --- y: 17.26489

yhat: 0.92713 --- y: 9.77497
yhat: 0.61148 --- y: -9.39662

yhat: 0.93387 --- y: -8.51784
yhat: 1.91104 --- y: 19.22612

yhat: -0.75647 --- y: 2.96250
yhat: 0.96110 --- y: -16.86669

yhat: 0.17406 --- y: 2.51984
yhat: 0.45819 --- y: 11.76012

yhat: -0.67132 --- y: -7.67443
yhat: 0.91920 --- y: -20.71912

yhat: -0.60001 --- y: 3.07232
yhat: -1.02934 --- y: 22.87347


Uzbekistan:
yhat: -0.37148 --- y: -0.00000
yhat: -0.57375 --- y: -3.19940

yhat: -0.24478 --- y: -0.00000
yhat: 0.71039 --- y: 2.93374

yhat: 0.23472 --- y: -1.25992
yhat: 0.46054 --- y: -1.89352

yhat: 0.10090 --- y: 1.00000
yhat: -0.65206 --- y: 2.06763

yhat: -0.02464 --- y: 1.00000
yhat: 0.01991 --- y: 2.78951

yhat: 0.28835 --- y: -0.00000
yhat: 1.08728 --- y: -2.13116

yhat: 0.09213 --- y: 1.25992
yhat: 0.52291 --- y: 1.12279



### Layer 0: ###
Unit 0: -0.0319 -0.0556 0.0355 -0.0343 0.0013 -0.1622 
Unit 1: 0.0246 -0.0051 0.0579 -0.0063 0.0896 0.0233 
Unit 2: 0.0768 0.0084 -0.0955 0.0846 -0.1489 0.0617 
Unit 3: -0.0315 0.0309 0.0236 -0.0397 -0.0187 0.0921 
Unit 4: 0.0047 0.0843 0.1201 0.0413 -0.1793 0.0307 
Unit 5: -0.0382 -0.0166 -0.0182 0.0124 0.0379 -0.1386 
Unit 6: 0.0447 0.0595 -0.0533 0.0048 -0.0948 -0.0735 
Unit 7: 0.0541 0.0399 -0.0322 -0.0280 -0.0338 -0.0123 
Unit 8: 0.0758 -0.1300 0.0321 -0.0321 -0.0617 -0.0511 
Unit 9: 0.0242 0.0953 -0.0127 -0.0056 -0.0626 -0.1176 
Unit 10: -0.0673 -0.0448 0.0988 -0.0610 -0.0648 -0.0390 
Unit 11: 0.0213 -0.0816 0.0536 0.0468 -0.0045 0.0305 
Unit 12: -0.0275 -0.1946 0.0556 -0.0430 0.0144 -0.0511 
Unit 13: -0.1104 0.0010 0.0621 0.0090 -0.0075 -0.0258 
Unit 14: -0.0612 0.0467 0.0692 -0.1013 -0.0233 0.0293 
Unit 15: 0.0457 -0.0292 -0.0940 -0.0197 -0.0440 -0.0204 
Unit 16: -0.0019 0.0001 -0.0848 0.0528 -0.0639 0.0546 
Unit 17: -0.1284 0.0134 -0.0110 -0.0062 -0.0117 0.0258 
Unit 18: -0.0411 0.0698 -0.2089 0.1745 -0.1173 0.0710 
Unit 19: -0.1368 0.0894 0.0059 -0.0074 0.0244 0.0271 
Unit 20: -0.0090 0.0572 0.0684 0.0252 0.0056 -0.0617 
Unit 21: 0.0666 0.0940 -0.0942 0.0205 0.0690 -0.0218 
Unit 22: -0.0676 0.0658 0.0338 -0.0210 0.0951 0.1002 
Unit 23: 0.0562 -0.0332 -0.0981 0.0173 -0.0177 0.0660 
Unit 24: 0.1960 0.0132 -0.0205 -0.0416 0.0206 -0.0814 
Unit 25: 0.0280 0.0543 -0.0419 0.0545 -0.1413 0.0040 
Unit 26: 0.0246 -0.0438 0.1135 -0.0888 0.0239 -0.1237 
Unit 27: -0.0487 -0.0159 0.0000 0.0328 0.0144 -0.1349 
Unit 28: -0.0032 -0.0788 -0.0316 -0.0129 0.0558 0.0396 
Unit 29: -0.0334 0.0907 0.0156 0.0180 0.0026 -0.0479 
Unit 30: -0.0272 0.0211 0.0451 0.0903 -0.0225 0.0471 
Unit 31: -0.0802 0.0105 0.0023 0.0215 0.0326 0.0347 
Unit 32: 0.0007 -0.0002 -0.1096 0.1450 -0.0438 0.0663 
Unit 33: 0.0022 0.0276 0.0929 -0.0028 0.0349 0.0798 
Unit 34: 0.0423 -0.0059 -0.1436 0.0409 0.0379 -0.0500 
Unit 35: 0.0377 0.0545 0.0432 0.0000 0.0402 -0.0061 
Unit 36: 0.0074 0.0362 0.0479 -0.0803 0.0893 0.0600 
Unit 37: 0.0263 0.0386 -0.0585 -0.0136 -0.0022 -0.0263 
Unit 38: 0.0296 0.0669 0.0227 0.0267 0.0775 0.0512 
Unit 39: -0.0728 0.0894 -0.0454 0.0255 -0.0414 0.0558 
Unit 40: 0.0012 -0.0162 -0.0684 -0.0808 0.1261 -0.0447 
Unit 41: 0.0343 -0.0236 0.0547 0.0386 0.0645 0.1540 
Unit 42: -0.0441 -0.0768 0.1194 0.0048 0.0250 0.1150 
Unit 43: 0.0001 0.0337 -0.0348 0.0777 0.0072 -0.0314 
Unit 44: 0.0293 -0.0303 -0.1346 0.1510 -0.1318 0.0367 
Unit 45: -0.0519 0.1684 -0.1222 0.0494 0.0621 0.0350 
Unit 46: -0.1170 0.1176 -0.1700 0.0977 -0.0854 -0.0597 
Unit 47: -0.1935 0.0695 -0.1347 0.0258 0.1175 0.0456 
Unit 48: 0.0323 0.0710 -0.0429 0.1093 0.0736 0.0357 
Unit 49: -0.1494 0.1093 -0.0666 0.0026 0.0460 0.0926 
Unit 50: 0.1109 -0.1009 0.0880 -0.0962 -0.0151 -0.0042 
Unit 51: -0.0213 0.0056 0.0001 0.0218 0.0631 0.0905 
Unit 52: 0.0829 -0.0768 0.0440 -0.0265 0.1181 -0.1028 
Unit 53: 0.0224 0.0050 -0.0667 0.0035 -0.0081 0.0932 
Unit 54: 0.0428 -0.0838 0.1186 -0.1020 0.1039 0.0773 
Unit 55: 0.0161 -0.0572 -0.0336 0.0169 -0.0588 0.1528 
Unit 56: -0.1056 0.0428 0.0521 -0.1961 0.0685 0.1236 
Unit 57: 0.1462 -0.1439 0.1312 0.0000 -0.0938 -0.1404 
Unit 58: -0.0015 -0.1089 0.2323 -0.4147 0.3534 0.1400 
Unit 59: 0.4721 -0.4344 0.2730 -0.0155 -0.3440 -0.4288 
Bias: -0.2314 0.3321 0.1704 0.0641 -0.1247 0.0002 

### Layer 1: ###
Unit 0: -0.0855 -1.1538 
Unit 1: 0.2230 1.1489 
Unit 2: -0.5520 -0.9827 
Unit 3: 0.9916 0.2607 
Unit 4: -0.4562 1.0598 
Unit 5: -0.0309 1.2159 
Bias: -0.1620 -0.8373 
