
#####################################
Regularization - ALPHA^2: = 0.000e+00
#####################################
## Fold - K: 0
 - Training loss Fold 0: 6.688833 - 
 - Validation loss Fold 0: 20.841475 - 
 - Average Training loss: 6.688833 - 
 - Average Validation loss: 20.841475 - 



Best regularization - ALPHA^2: = 0.000e+00
Train on full training set...

 - Final Testing loss: 22.474840 - 

Predictions on testing set:
Argentina:
yhat: 0.27376 --- y: -1.07274
yhat: -1.67498 --- y: 5.08895

yhat: -1.46714 --- y: 1.94290
yhat: -5.31430 --- y: 4.38533

yhat: -0.53676 --- y: -1.53515
yhat: -1.12781 --- y: -4.96588

yhat: -0.36190 --- y: -0.81210
yhat: 3.58269 --- y: 7.49281

yhat: 0.04038 --- y: -1.37339
yhat: 1.41486 --- y: -6.08911

yhat: -1.05291 --- y: -0.61879
yhat: -10.35161 --- y: -5.33753

yhat: 0.70857 --- y: 1.08442
yhat: 3.57674 --- y: 4.46467


Australia:
yhat: -0.16165 --- y: -0.77960
yhat: -2.54047 --- y: -1.98606

yhat: -0.75727 --- y: -0.43629
yhat: -5.10685 --- y: 2.01989

yhat: 0.45343 --- y: -0.70953
yhat: 3.30547 --- y: 1.95770

yhat: -0.05230 --- y: -0.90210
yhat: 3.86756 --- y: 1.08317

yhat: -0.50070 --- y: -0.86859
yhat: 3.15778 --- y: 2.02634

yhat: -0.39004 --- y: -0.74779
yhat: 6.34809 --- y: 1.87226

yhat: -0.89821 --- y: -0.95890
yhat: -2.44162 --- y: -2.33178


Austria:
yhat: -0.06383 --- y: -1.20152
yhat: -2.19832 --- y: 1.78705

yhat: -0.53647 --- y: -0.31267
yhat: -0.79220 --- y: -1.55711

yhat: -0.75835 --- y: 1.28008
yhat: 1.88760 --- y: 3.21630

yhat: 0.13096 --- y: -1.05281
yhat: 0.13725 --- y: 2.83246

yhat: -0.16534 --- y: -1.05727
yhat: 1.93069 --- y: 1.47521

yhat: -0.87825 --- y: -0.42477
yhat: -6.91455 --- y: 2.29333

yhat: -0.68777 --- y: -0.91609
yhat: -1.87411 --- y: -3.02742


Belgium:
yhat: -0.49390 --- y: 1.23453
yhat: -4.79601 --- y: -3.70089

yhat: 0.37751 --- y: -0.99358
yhat: 1.65944 --- y: -1.42277

yhat: -0.42192 --- y: 1.73811
yhat: -0.04783 --- y: 3.49090

yhat: -0.10461 --- y: 3.10953
yhat: -2.58516 --- y: 3.94117

yhat: 0.30321 --- y: 2.66261
yhat: -1.13205 --- y: 4.82972

yhat: 0.93774 --- y: -2.06655
yhat: 1.77864 --- y: -2.99367

yhat: -0.26502 --- y: -2.64582
yhat: 0.97412 --- y: -3.94533


Brazil:
yhat: 0.35061 --- y: 5.48655
yhat: 5.90472 --- y: 9.77254

yhat: -0.62635 --- y: 1.01398
yhat: 1.76405 --- y: 11.05724

yhat: -0.27582 --- y: -2.62352
yhat: -2.30124 --- y: -12.05791

yhat: 0.23678 --- y: 1.83096
yhat: -3.07491 --- y: 14.24019

yhat: -0.11696 --- y: 3.83431
yhat: 5.59419 --- y: -14.63977

yhat: -1.85520 --- y: -5.40729
yhat: -8.00774 --- y: -11.73404

yhat: 0.33707 --- y: 4.25319
yhat: -0.67963 --- y: 12.37230


Canada:
yhat: -0.80336 --- y: 2.14736
yhat: -0.48966 --- y: 1.93246

yhat: -0.57311 --- y: 1.68694
yhat: 0.52111 --- y: -3.33414

yhat: -0.08882 --- y: 1.91842
yhat: 0.55660 --- y: 2.96195

yhat: -0.18265 --- y: -2.47135
yhat: -1.94496 --- y: -4.71701

yhat: -1.09142 --- y: 3.36216
yhat: -2.18215 --- y: 2.82586

yhat: 0.16590 --- y: -2.71754
yhat: -1.43546 --- y: 3.64070

yhat: -0.31216 --- y: -1.60956
yhat: 4.69460 --- y: -1.57551


Chile:
yhat: 1.66754 --- y: 2.27699
yhat: 10.57475 --- y: 6.46184

yhat: -0.06844 --- y: -1.48492
yhat: 6.62572 --- y: 7.11264

yhat: -0.36647 --- y: -1.50830
yhat: -0.72573 --- y: -6.37638

yhat: -0.99006 --- y: -1.39143
yhat: -7.86986 --- y: -6.61064

yhat: -0.43936 --- y: -0.98422
yhat: 2.77716 --- y: 9.07259

yhat: -0.47110 --- y: -0.92418
yhat: -4.37855 --- y: -7.19388

yhat: -0.38442 --- y: -0.81167
yhat: -1.24342 --- y: -2.55312


China:
yhat: -0.07944 --- y: -1.70386
yhat: 9.23029 --- y: 6.07721

yhat: -0.15401 --- y: -1.73383
yhat: 7.64081 --- y: 6.06052

yhat: -0.31997 --- y: -1.68798
yhat: 3.71482 --- y: 5.87943

yhat: -0.31127 --- y: -1.52371
yhat: 3.95496 --- y: 5.36001

yhat: -0.54551 --- y: -1.05344
yhat: 4.37882 --- y: 3.37938

yhat: 0.09451 --- y: 1.36654
yhat: 7.22234 --- y: -5.20805

yhat: -0.21428 --- y: 1.99259
yhat: 2.63268 --- y: -7.32384


Czechia:
yhat: 0.18239 --- y: -0.88737
yhat: -3.02987 --- y: -3.54611

yhat: -0.92450 --- y: 1.66390
yhat: -6.52532 --- y: -2.42819

yhat: 0.32233 --- y: -0.82834
yhat: 2.29354 --- y: 2.11145

yhat: -0.96304 --- y: -1.17797
yhat: -2.01402 --- y: 3.27190

yhat: -0.01343 --- y: -0.37920
yhat: 4.31083 --- y: 1.76783

yhat: -0.73961 --- y: -1.03419
yhat: -0.30745 --- y: -0.87725

yhat: -0.44600 --- y: -0.96111
yhat: 2.56706 --- y: -2.31560


Denmark:
yhat: -0.37041 --- y: 1.55780
yhat: -0.61441 --- y: 1.63211

yhat: -0.19587 --- y: -1.25348
yhat: -1.32249 --- y: -2.77735

yhat: -0.73925 --- y: -1.24319
yhat: -5.52697 --- y: -1.89984

yhat: 0.55360 --- y: -0.87442
yhat: 1.03717 --- y: 2.01859

yhat: -0.95527 --- y: -0.75151
yhat: -5.29350 --- y: -3.19554

yhat: -0.70919 --- y: -1.06445
yhat: -2.92546 --- y: -2.28908

yhat: -1.16319 --- y: 1.19835
yhat: -4.22054 --- y: 3.06558


Dominican_Republic:
yhat: 0.06473 --- y: -1.18033
yhat: -1.86828 --- y: -4.40388

yhat: 0.40029 --- y: 1.76919
yhat: 5.95875 --- y: -2.97327

yhat: 0.54771 --- y: -1.28666
yhat: -1.89381 --- y: 5.05698

yhat: 0.10955 --- y: -1.64160
yhat: -0.37500 --- y: -6.95844

yhat: -0.62041 --- y: -1.23126
yhat: -3.80851 --- y: 6.68782

yhat: -1.05574 --- y: 1.24790
yhat: 0.84048 --- y: -5.30229

yhat: -0.81609 --- y: -0.91920
yhat: 0.89271 --- y: 3.67469


Ecuador:
yhat: 0.15316 --- y: 3.82487
yhat: 1.71495 --- y: -6.37228

yhat: -0.78635 --- y: 2.59208
yhat: -3.18355 --- y: -5.72133

yhat: 0.08612 --- y: -3.09331
yhat: -4.20346 --- y: -5.74469

yhat: -0.37883 --- y: -3.87180
yhat: -1.19888 --- y: -8.33691

yhat: 0.76494 --- y: 3.99653
yhat: 5.73079 --- y: -6.01180

yhat: -0.22623 --- y: -4.12902
yhat: 2.45017 --- y: -10.85120

yhat: 0.22379 --- y: 3.39579
yhat: 5.52806 --- y: 10.93639


Estonia:
yhat: -0.63202 --- y: -0.32032
yhat: -1.43853 --- y: -1.53360

yhat: -1.09134 --- y: -0.38241
yhat: -1.84442 --- y: -0.40494

yhat: 0.45525 --- y: -0.44937
yhat: -5.92012 --- y: 1.80322

yhat: -0.84532 --- y: -0.34832
yhat: -0.44645 --- y: -0.97600

yhat: -0.47792 --- y: -0.89547
yhat: -3.65757 --- y: -1.22781

yhat: -0.89943 --- y: -0.77150
yhat: -2.48548 --- y: 1.72982

yhat: -0.74924 --- y: -0.43582
yhat: 1.99572 --- y: -1.53226


Finland:
yhat: -0.54464 --- y: -0.69646
yhat: -0.44423 --- y: 2.39672

yhat: -0.06523 --- y: -1.00191
yhat: 0.32854 --- y: 2.47074

yhat: -1.04183 --- y: -0.81659
yhat: -3.55712 --- y: -1.95544

yhat: -1.04746 --- y: 1.03711
yhat: 0.05846 --- y: -2.35241

yhat: 0.20377 --- y: 1.06105
yhat: 1.29136 --- y: -2.15071

yhat: -0.17360 --- y: 1.07343
yhat: 2.20835 --- y: -1.12571

yhat: -0.66640 --- y: -1.18456
yhat: -0.87266 --- y: 2.12345


France:
yhat: 0.86740 --- y: 1.47062
yhat: 11.76409 --- y: 1.95119

yhat: -0.03744 --- y: 1.84496
yhat: -0.31666 --- y: 4.29378

yhat: -0.86550 --- y: 2.36600
yhat: -0.84294 --- y: -4.60105

yhat: -0.33907 --- y: 3.00865
yhat: 6.10687 --- y: -4.87342

yhat: -0.32392 --- y: 3.13331
yhat: -3.76954 --- y: 3.45566

yhat: 1.06893 --- y: 2.66456
yhat: 5.68523 --- y: -3.02233

yhat: 0.94274 --- y: -3.83487
yhat: 3.08607 --- y: 3.62248


Germany:
yhat: -0.53760 --- y: -2.46588
yhat: -4.65539 --- y: -6.12090

yhat: -1.15827 --- y: 1.30463
yhat: -5.82119 --- y: -4.68778

yhat: -2.09490 --- y: 1.94986
yhat: -9.33121 --- y: -5.24652

yhat: -1.31755 --- y: -2.44539
yhat: -10.44017 --- y: -6.01117

yhat: 1.12232 --- y: 2.05608
yhat: 4.73209 --- y: -2.60860

yhat: 0.21236 --- y: -1.59584
yhat: 1.02934 --- y: 3.06718

yhat: 0.74545 --- y: 1.34991
yhat: 2.08998 --- y: 5.53225


Greece:
yhat: -0.05124 --- y: -0.86151
yhat: 2.61762 --- y: -1.79572

yhat: 0.05134 --- y: -0.76764
yhat: -0.31029 --- y: 2.40186

yhat: -0.50243 --- y: -0.77374
yhat: -0.06425 --- y: -1.08651

yhat: -1.39952 --- y: -0.96919
yhat: -1.68083 --- y: -1.22245

yhat: -0.45652 --- y: -0.50750
yhat: -0.98223 --- y: 1.23430

yhat: 0.45473 --- y: -0.90414
yhat: 4.58448 --- y: -0.93118

yhat: -0.68979 --- y: -0.65397
yhat: -4.73632 --- y: -1.21443


India:
yhat: -0.60531 --- y: 3.09072
yhat: -5.89898 --- y: 8.38598

yhat: 0.24832 --- y: 1.22966
yhat: 1.56815 --- y: 7.80917

yhat: 0.03272 --- y: -1.64968
yhat: 0.07583 --- y: -6.60997

yhat: -0.71931 --- y: 1.70510
yhat: -2.06467 --- y: 5.19524

yhat: 0.14985 --- y: -2.87250
yhat: 7.28604 --- y: -6.73518

yhat: -0.19538 --- y: -2.29927
yhat: 1.13791 --- y: -6.32788

yhat: 0.29658 --- y: 2.62554
yhat: 2.45252 --- y: 6.25808


Indonesia:
yhat: -0.16939 --- y: 1.59327
yhat: 4.35965 --- y: 5.82971

yhat: -1.40920 --- y: 2.42637
yhat: -0.67623 --- y: -4.30851

yhat: 0.24772 --- y: -0.72894
yhat: -0.43975 --- y: 5.87949

yhat: 0.58480 --- y: -2.25197
yhat: 0.77861 --- y: -4.49892

yhat: 0.05462 --- y: -2.03029
yhat: -2.36101 --- y: -3.37806

yhat: -0.55579 --- y: -2.06015
yhat: -2.27666 --- y: -5.56358

yhat: -1.27609 --- y: 2.30951
yhat: -3.69374 --- y: 5.00502


Iran:
yhat: -0.00567 --- y: 1.91084
yhat: 1.01596 --- y: 7.08632

yhat: -0.20321 --- y: 1.20678
yhat: 2.62153 --- y: 7.04641

yhat: 0.43382 --- y: -1.39464
yhat: 5.09203 --- y: -7.74909

yhat: -0.98595 --- y: 1.47403
yhat: -2.99468 --- y: 5.52053

yhat: -0.71265 --- y: -2.75478
yhat: 1.88068 --- y: -3.04760

yhat: 0.30686 --- y: 1.70177
yhat: 1.10598 --- y: -5.88402

yhat: 0.50459 --- y: 1.74755
yhat: 0.31697 --- y: 4.58630


Ireland:
yhat: -0.64437 --- y: 1.73897
yhat: 1.45937 --- y: -2.30659

yhat: -0.39412 --- y: 1.48770
yhat: -0.27869 --- y: 3.85189

yhat: -0.72596 --- y: 1.15695
yhat: 1.97854 --- y: 2.90560

yhat: 0.06214 --- y: -1.37281
yhat: 0.20871 --- y: 1.99197

yhat: 0.41550 --- y: -1.81819
yhat: 1.84991 --- y: 2.43845

yhat: -1.36010 --- y: -0.79108
yhat: 0.66408 --- y: -2.52127

yhat: -0.56440 --- y: 1.43060
yhat: 0.74781 --- y: -2.35054


Israel:
yhat: -0.46626 --- y: -1.08731
yhat: -4.77259 --- y: 1.10498

yhat: -0.73943 --- y: -0.96778
yhat: -1.66487 --- y: -2.29789

yhat: -1.72026 --- y: -0.82619
yhat: -4.58178 --- y: -2.00573

yhat: -0.26808 --- y: 1.01667
yhat: -3.60155 --- y: 3.01751

yhat: -0.57785 --- y: -0.93115
yhat: 2.26983 --- y: 1.97189

yhat: -0.39727 --- y: -0.55073
yhat: -1.26847 --- y: 1.52110

yhat: -0.71723 --- y: -0.75270
yhat: -6.98542 --- y: -2.32268


Italy:
yhat: 0.16868 --- y: 2.53225
yhat: 3.51477 --- y: -5.23974

yhat: -0.18855 --- y: -2.75127
yhat: -7.64173 --- y: -5.40565

yhat: 0.20896 --- y: -2.95509
yhat: 4.16675 --- y: -5.63968

yhat: -1.00158 --- y: -4.15783
yhat: -5.75999 --- y: -5.84477

yhat: -2.24565 --- y: -2.52554
yhat: -6.63111 --- y: -6.61863

yhat: 0.13183 --- y: -2.37861
yhat: 3.30878 --- y: -1.57112

yhat: -0.50436 --- y: 4.03784
yhat: -1.20198 --- y: 7.51630


Japan:
yhat: -0.53374 --- y: 1.47964
yhat: -2.67190 --- y: 3.34332

yhat: -1.25461 --- y: -1.46922
yhat: -2.90333 --- y: -2.90432

yhat: -0.36035 --- y: -1.06913
yhat: -0.79310 --- y: -3.41383

yhat: -0.47683 --- y: 1.73898
yhat: -0.96419 --- y: -2.65320

yhat: 0.50071 --- y: 1.51300
yhat: 10.39568 --- y: 2.12763

yhat: -0.03823 --- y: 1.76185
yhat: -4.31946 --- y: 1.92978

yhat: 0.94424 --- y: -1.86697
yhat: 11.58548 --- y: 1.80875


Luxembourg:
yhat: -0.28100 --- y: -0.79764
yhat: 3.02498 --- y: -0.80767

yhat: -0.38278 --- y: -0.76184
yhat: -2.47968 --- y: -1.83523

yhat: -0.73812 --- y: -0.71350
yhat: -1.85447 --- y: -0.77218

yhat: -0.75285 --- y: -0.72103
yhat: -4.80698 --- y: -1.49496

yhat: -0.50119 --- y: -0.53536
yhat: -3.99163 --- y: -1.29109

yhat: -0.11002 --- y: -0.25326
yhat: -1.57961 --- y: -1.20050

yhat: -0.46993 --- y: -0.52795
yhat: 0.04011 --- y: 1.64893


Malaysia:
yhat: -0.85929 --- y: -0.66503
yhat: -9.51114 --- y: -2.20649

yhat: -0.25388 --- y: -0.98564
yhat: -6.37611 --- y: 1.93023

yhat: -0.92951 --- y: -0.27044
yhat: -4.57893 --- y: -3.19818

yhat: 0.17068 --- y: -0.43016
yhat: 1.06763 --- y: -3.32532

yhat: -0.90807 --- y: -0.48181
yhat: -2.29546 --- y: 3.92755

yhat: -0.71350 --- y: -0.31741
yhat: -3.73040 --- y: 4.50122

yhat: 0.96608 --- y: -0.60214
yhat: 7.07597 --- y: -4.26545


Mexico:
yhat: 0.21248 --- y: 4.44675
yhat: 4.92636 --- y: 6.46093

yhat: -0.71773 --- y: 4.54420
yhat: 0.65847 --- y: 2.46047

yhat: 1.38063 --- y: -4.93744
yhat: 5.98223 --- y: 7.22090

yhat: -1.34460 --- y: 3.13531
yhat: -9.29840 --- y: -3.65177

yhat: -1.14122 --- y: 1.81978
yhat: 0.11182 --- y: -6.48456

yhat: -1.44612 --- y: -1.91081
yhat: -2.94956 --- y: 3.72479

yhat: -0.02631 --- y: -0.75885
yhat: 0.94826 --- y: 3.29157


Morocco:
yhat: 0.18694 --- y: -0.86942
yhat: 5.16289 --- y: -1.37153

yhat: -0.07643 --- y: -0.62499
yhat: -3.02611 --- y: 3.32128

yhat: 0.37476 --- y: -0.65568
yhat: 9.52132 --- y: -2.42911

yhat: -0.90870 --- y: -0.52177
yhat: -1.19388 --- y: -3.79787

yhat: 0.58705 --- y: -0.41303
yhat: 2.62181 --- y: 2.98267

yhat: 0.51722 --- y: 1.15125
yhat: 5.90710 --- y: -1.99333

yhat: 0.00726 --- y: -0.99586
yhat: 2.62659 --- y: 1.77730


Netherlands:
yhat: 0.60625 --- y: 1.50851
yhat: -1.72530 --- y: 3.75213

yhat: -1.15246 --- y: -2.05363
yhat: -0.91877 --- y: 1.54372

yhat: -0.79090 --- y: -0.74919
yhat: -6.87694 --- y: 2.22008

yhat: -0.41964 --- y: -1.86775
yhat: -1.79318 --- y: 2.34337

yhat: -1.44516 --- y: -1.79321
yhat: -6.01858 --- y: 4.35957

yhat: -0.85784 --- y: 1.71592
yhat: -0.50105 --- y: -3.19702

yhat: -1.18774 --- y: 1.47429
yhat: 0.62665 --- y: -3.34740


Norway:
yhat: -0.37445 --- y: -0.67466
yhat: 1.02925 --- y: -2.64069

yhat: -1.30578 --- y: 1.10507
yhat: -3.00619 --- y: 2.72428

yhat: -0.99290 --- y: -0.66285
yhat: -4.14234 --- y: -2.71855

yhat: -0.08129 --- y: -0.75938
yhat: 0.02553 --- y: -2.74339

yhat: -0.74734 --- y: -0.73101
yhat: 1.27214 --- y: 3.32026

yhat: -0.07949 --- y: -0.38662
yhat: 1.61989 --- y: -1.85141

yhat: -0.76173 --- y: -0.87653
yhat: -5.07414 --- y: -1.37077


Pakistan:
yhat: 0.04466 --- y: 1.92225
yhat: 2.92672 --- y: 7.42045

yhat: -0.53335 --- y: 1.30591
yhat: -1.98662 --- y: -2.86444

yhat: 0.12984 --- y: -1.50422
yhat: 1.85594 --- y: 5.92335

yhat: 0.28450 --- y: -0.92889
yhat: -0.78939 --- y: -5.92965

yhat: -0.95837 --- y: -1.30841
yhat: -0.17727 --- y: -7.18624

yhat: -0.30247 --- y: -1.92873
yhat: 1.06771 --- y: -6.68515

yhat: -0.11410 --- y: 1.87230
yhat: -3.90904 --- y: 7.21391


Panama:
yhat: -1.16605 --- y: -0.70476
yhat: -7.57235 --- y: -3.46935

yhat: -0.24304 --- y: -1.06086
yhat: -9.47132 --- y: -3.83468

yhat: -0.82682 --- y: -0.73314
yhat: 0.60192 --- y: 3.38427

yhat: 0.13896 --- y: -0.76334
yhat: -0.65604 --- y: 4.37115

yhat: -0.63506 --- y: -0.25055
yhat: -2.60566 --- y: 2.23146

yhat: -1.34636 --- y: -0.71504
yhat: -4.30312 --- y: 1.94312

yhat: 0.33522 --- y: -0.63519
yhat: 3.15547 --- y: -3.21663


Peru:
yhat: -0.27121 --- y: 2.44615
yhat: -6.30371 --- y: 7.66851

yhat: -0.52404 --- y: -2.49653
yhat: -1.79489 --- y: -9.65660

yhat: 0.29810 --- y: 1.31501
yhat: -0.19231 --- y: -7.68202

yhat: 0.39221 --- y: -3.05037
yhat: 0.92288 --- y: -6.80541

yhat: -0.71906 --- y: 3.38305
yhat: 4.76911 --- y: 11.69699

yhat: -0.94622 --- y: -2.29878
yhat: -9.39422 --- y: -8.16404

yhat: 0.03234 --- y: -0.98309
yhat: -0.04143 --- y: -4.24429


Philippines:
yhat: 0.71792 --- y: -1.13308
yhat: 6.05441 --- y: -2.72072

yhat: -1.76278 --- y: 1.75086
yhat: -6.69039 --- y: -2.86094

yhat: -0.58667 --- y: -0.49167
yhat: 5.68425 --- y: -1.91084

yhat: -0.41491 --- y: -0.78981
yhat: 2.59520 --- y: 3.13895

yhat: 0.02347 --- y: -1.47109
yhat: 2.87484 --- y: -3.76058

yhat: -0.15149 --- y: 1.14552
yhat: 0.10090 --- y: 4.48005

yhat: -0.59024 --- y: -0.52623
yhat: -3.27507 --- y: -3.59030


Poland:
yhat: 0.13510 --- y: -1.46133
yhat: 11.23692 --- y: 2.33877

yhat: -1.08177 --- y: -1.01449
yhat: 2.79358 --- y: 3.51426

yhat: -0.69481 --- y: 1.54410
yhat: -5.77509 --- y: -3.07083

yhat: -1.16191 --- y: -1.70088
yhat: -5.96758 --- y: 1.17933

yhat: 0.34738 --- y: 1.55615
yhat: 6.86794 --- y: -2.99041

yhat: 0.65748 --- y: 1.86971
yhat: -0.41488 --- y: 2.69523

yhat: -0.45532 --- y: -1.71808
yhat: -5.22756 --- y: -1.78593


Portugal:
yhat: -0.49676 --- y: -0.74604
yhat: 1.48919 --- y: 1.81550

yhat: -0.55272 --- y: -1.37584
yhat: -5.19116 --- y: -1.25825

yhat: -0.19703 --- y: -1.02614
yhat: 2.93306 --- y: 4.65367

yhat: -0.54218 --- y: -1.07616
yhat: 8.15047 --- y: -3.24428

yhat: -0.34905 --- y: 1.54819
yhat: 4.80969 --- y: 2.90266

yhat: 0.16119 --- y: -1.15509
yhat: 3.93797 --- y: 2.18839

yhat: 0.70767 --- y: -0.56321
yhat: 2.35062 --- y: -3.28045


Qatar:
yhat: 0.10985 --- y: -0.93696
yhat: 4.75248 --- y: -2.24850

yhat: 0.81449 --- y: -0.81538
yhat: 2.87522 --- y: 6.64132

yhat: -0.07535 --- y: -0.76057
yhat: -1.88329 --- y: 3.72928

yhat: -0.67589 --- y: -0.72568
yhat: -2.98496 --- y: -5.64661

yhat: 0.16411 --- y: -0.98836
yhat: 2.82744 --- y: 4.43714

yhat: -0.54449 --- y: -0.82712
yhat: 0.49615 --- y: -3.86997

yhat: -0.83600 --- y: -0.21044
yhat: -3.93038 --- y: 3.06635


Romania:
yhat: -1.39691 --- y: -1.48379
yhat: -0.45537 --- y: 1.50914

yhat: -0.99910 --- y: -1.71831
yhat: -2.10655 --- y: -3.73783

yhat: 0.14670 --- y: -1.04032
yhat: 3.84924 --- y: -3.33710

yhat: -1.21511 --- y: -1.20262
yhat: -6.09757 --- y: 2.67364

yhat: 0.28295 --- y: 2.29409
yhat: 2.21542 --- y: 4.12077

yhat: -0.42931 --- y: -0.87084
yhat: 2.85534 --- y: -2.82958

yhat: 0.67770 --- y: -1.55235
yhat: 7.46574 --- y: -2.29430


Russia:
yhat: -0.81277 --- y: 1.72654
yhat: -2.03327 --- y: 7.29722

yhat: -0.07304 --- y: 1.54962
yhat: 1.90195 --- y: 2.79522

yhat: 0.04282 --- y: -1.23897
yhat: 2.26126 --- y: 6.70135

yhat: -0.08000 --- y: 2.99076
yhat: 9.13618 --- y: -5.16491

yhat: 0.13936 --- y: -3.04817
yhat: 3.31124 --- y: 7.07561

yhat: 0.39200 --- y: 2.27764
yhat: 1.20738 --- y: 3.31110

yhat: 0.43612 --- y: -1.52185
yhat: 4.68529 --- y: -6.73430


Saudi_Arabia:
yhat: -0.49115 --- y: -0.96948
yhat: -1.55792 --- y: -2.51358

yhat: -0.25966 --- y: 1.41197
yhat: -0.41037 --- y: 3.72162

yhat: 0.06622 --- y: 1.22056
yhat: 3.66089 --- y: -4.08602

yhat: 0.55666 --- y: -0.75686
yhat: 5.42374 --- y: -2.09385

yhat: -0.25601 --- y: -1.20593
yhat: -1.10952 --- y: -2.34501

yhat: -0.58064 --- y: -1.05530
yhat: -6.54469 --- y: -3.64258

yhat: -1.11955 --- y: 1.00910
yhat: -6.36720 --- y: 3.78165


Serbia:
yhat: -0.05402 --- y: -0.90984
yhat: 6.97802 --- y: 1.74328

yhat: 0.35468 --- y: -0.98790
yhat: 6.17001 --- y: 2.54727

yhat: -0.74082 --- y: -0.59024
yhat: -0.27834 --- y: -1.69638

yhat: -0.56404 --- y: -0.78784
yhat: -0.19877 --- y: 1.34424

yhat: -0.15520 --- y: -0.91210
yhat: -0.97525 --- y: -2.77099

yhat: -0.17303 --- y: -0.79959
yhat: 0.40130 --- y: -2.19978

yhat: -0.99290 --- y: -0.55260
yhat: -3.26794 --- y: 2.50330


Singapore:
yhat: 0.30631 --- y: -0.93066
yhat: -1.16608 --- y: -4.73440

yhat: -0.77307 --- y: -0.56253
yhat: -5.46507 --- y: 4.83307

yhat: 0.08742 --- y: -0.62973
yhat: 4.02740 --- y: 6.09753

yhat: -0.68156 --- y: -0.65772
yhat: -2.75999 --- y: 4.75715

yhat: -0.17985 --- y: -0.62426
yhat: -2.59585 --- y: -4.12281

yhat: -0.57562 --- y: -0.41774
yhat: -1.53201 --- y: -3.94918

yhat: -0.33163 --- y: -0.66668
yhat: 0.43033 --- y: -2.53006


South_Africa:
yhat: -0.98453 --- y: 1.31609
yhat: -2.91089 --- y: 5.91720

yhat: 0.06939 --- y: -1.24417
yhat: 0.07004 --- y: -3.06770

yhat: -0.26615 --- y: -2.51952
yhat: 0.91338 --- y: 5.83827

yhat: 0.29192 --- y: 1.44450
yhat: 5.40701 --- y: 2.18485

yhat: -0.45185 --- y: 1.97142
yhat: 2.90248 --- y: -2.84775

yhat: 0.07472 --- y: 2.05546
yhat: 1.55267 --- y: -7.27480

yhat: -0.34708 --- y: -1.96786
yhat: -5.60658 --- y: 6.20058


South_Korea:
yhat: -0.59869 --- y: -0.88581
yhat: 3.87132 --- y: 2.55438

yhat: -0.32910 --- y: 1.24454
yhat: 5.39245 --- y: 2.38353

yhat: -0.50841 --- y: -0.84841
yhat: 2.38458 --- y: 2.54463

yhat: -0.73014 --- y: -0.79141
yhat: -0.65410 --- y: 1.36590

yhat: -0.00639 --- y: 1.02750
yhat: 1.05675 --- y: -1.86178

yhat: -1.36907 --- y: -0.82672
yhat: -5.35785 --- y: -1.99116

yhat: -0.29202 --- y: -0.84285
yhat: -1.20238 --- y: -2.24894


Spain:
yhat: 1.21360 --- y: 6.63750
yhat: 8.80608 --- y: -6.06312

yhat: -0.16776 --- y: 9.77500
yhat: 1.45239 --- y: 9.77182

yhat: 0.70260 --- y: 8.10214
yhat: 7.40891 --- y: -6.30574

yhat: 0.42318 --- y: 8.81579
yhat: 1.73792 --- y: -4.98195

yhat: 0.80614 --- y: -16.23435
yhat: -1.74407 --- y: -10.43521

yhat: -0.42899 --- y: 10.27469
yhat: 1.10497 --- y: 7.45407

yhat: -1.19958 --- y: 9.67110
yhat: -7.71117 --- y: 7.14384


Sweden:
yhat: 0.18744 --- y: -2.41185
yhat: 2.78213 --- y: 3.60622

yhat: -0.33953 --- y: -1.49581
yhat: -2.26393 --- y: 4.29845

yhat: 1.18735 --- y: 3.85220
yhat: 7.20213 --- y: -4.55314

yhat: -1.68033 --- y: -2.59006
yhat: -2.06054 --- y: -4.98876

yhat: -0.88125 --- y: -2.23543
yhat: -1.42173 --- y: 3.63438

yhat: -0.70135 --- y: 2.16239
yhat: -7.17633 --- y: 3.76750

yhat: 0.29656 --- y: -1.91222
yhat: 3.29397 --- y: -2.23703


Switzerland:
yhat: -0.02307 --- y: -0.52237
yhat: 6.67977 --- y: -1.58424

yhat: -0.42233 --- y: -1.76518
yhat: -0.63184 --- y: -3.08639

yhat: -0.88272 --- y: -1.17769
yhat: -6.71704 --- y: -3.02513

yhat: -0.75468 --- y: -1.67599
yhat: -5.43741 --- y: -3.17675

yhat: -1.07795 --- y: -1.50467
yhat: -7.85955 --- y: -2.66902

yhat: -0.41312 --- y: 1.50543
yhat: -5.61303 --- y: 2.28596

yhat: -0.17782 --- y: 1.37171
yhat: -5.91979 --- y: 3.19982


Thailand:
yhat: -0.59366 --- y: -0.52470
yhat: 1.73653 --- y: 1.17197

yhat: -0.56904 --- y: -0.62242
yhat: -2.29219 --- y: 1.35556

yhat: -0.63696 --- y: -0.68619
yhat: -0.22300 --- y: -0.65423

yhat: -0.18702 --- y: -0.92632
yhat: -1.39202 --- y: 1.28532

yhat: -1.61089 --- y: -0.69135
yhat: -3.94995 --- y: -0.98578

yhat: 0.47093 --- y: -0.55870
yhat: 5.34206 --- y: -0.68715

yhat: -0.14815 --- y: -0.54631
yhat: -1.03123 --- y: -0.90778


Turkey:
yhat: -0.72684 --- y: -1.99884
yhat: -4.55971 --- y: -6.03265

yhat: 0.29805 --- y: -1.55654
yhat: -0.19262 --- y: -5.76682

yhat: -0.72809 --- y: 1.65987
yhat: -4.56623 --- y: 5.50924

yhat: -1.06283 --- y: 2.06304
yhat: 0.25531 --- y: 6.54363

yhat: -0.88781 --- y: 2.08745
yhat: 2.43190 --- y: 6.74107

yhat: -0.06365 --- y: 2.24383
yhat: -0.22883 --- y: 6.62238

yhat: 0.49445 --- y: -2.44726
yhat: 4.70280 --- y: -7.66825


Ukraine:
yhat: -0.82505 --- y: 1.52317
yhat: 0.71008 --- y: 3.82947

yhat: -0.40554 --- y: -2.06894
yhat: 1.67422 --- y: -3.84474

yhat: 0.02042 --- y: 1.79780
yhat: 1.13594 --- y: -3.66565

yhat: -0.20397 --- y: -0.71819
yhat: -0.25779 --- y: 2.29884

yhat: -0.02156 --- y: -1.68717
yhat: 5.36870 --- y: -2.00785

yhat: 0.27363 --- y: 2.12392
yhat: 0.85642 --- y: 5.12183

yhat: -0.63325 --- y: -1.65850
yhat: -1.17861 --- y: -4.27296


United_Kingdom:
yhat: 0.94066 --- y: 3.43679
yhat: 6.09463 --- y: 7.24641

yhat: 0.97794 --- y: 3.42512
yhat: 5.33556 --- y: 9.22345

yhat: -0.71212 --- y: 2.63238
yhat: -2.86035 --- y: 7.68001

yhat: -1.88254 --- y: -3.75586
yhat: -13.69435 --- y: 2.40089

yhat: -0.15271 --- y: -3.58412
yhat: 4.35162 --- y: -8.58225

yhat: -0.46394 --- y: -4.98436
yhat: -3.42943 --- y: 11.44454

yhat: -0.57642 --- y: 4.88587
yhat: 1.91866 --- y: -9.74175


United_States_of_America:
yhat: 0.24915 --- y: -2.89365
yhat: 5.36058 --- y: 5.68043

yhat: 0.20380 --- y: 6.30131
yhat: -2.13703 --- y: 8.98066

yhat: 1.01432 --- y: 6.49668
yhat: 5.44545 --- y: -14.96620

yhat: -0.39062 --- y: 3.26647
yhat: -0.13946 --- y: 10.29658

yhat: -1.21690 --- y: -5.57814
yhat: -8.84130 --- y: -7.34961

yhat: -0.58714 --- y: -6.38196
yhat: 0.33284 --- y: -9.45555

yhat: 0.02217 --- y: 5.28059
yhat: 0.28691 --- y: 10.23541



### Layer 0: ###
Unit 0: -0.9786 -0.4657 -0.8485 -0.5723 0.0649 0.6976 0.0658 -1.2728 -2.1120 -0.9444 
Unit 1: 0.1990 1.5568 0.6873 -0.0598 0.1763 -0.4340 0.3960 -0.9155 0.2581 -1.4365 
Unit 2: 0.6836 0.4536 -0.6710 -0.0042 0.0312 -1.0844 -0.3696 -0.6760 -0.9162 1.3224 
Unit 3: 0.1425 0.1390 -0.3050 0.0055 1.2678 0.7015 0.1183 1.1069 -0.3105 -0.0166 
Unit 4: -0.0179 -0.8566 1.2297 -0.1507 1.1424 -0.3585 -0.4223 0.9478 0.2975 0.8340 
Unit 5: -1.3241 0.5724 0.3417 0.0173 0.0063 -0.7327 0.1226 -0.9799 -0.3536 0.2234 
Unit 6: -1.1353 0.7551 1.0398 0.0974 -1.5686 0.2614 0.0940 -0.4005 1.0962 1.0203 
Unit 7: -0.9694 1.4645 -0.0736 0.1978 0.3846 0.6664 -0.0822 0.5390 -0.3313 -0.4541 
Unit 8: -0.6581 1.3916 0.6950 -0.0310 1.3630 0.3305 -0.2150 0.4194 -0.0152 0.4333 
Unit 9: -0.8249 0.4641 -0.0003 0.0179 0.5263 -1.2582 1.3391 0.6402 0.1978 -0.0461 
Unit 10: 0.2827 -1.5810 1.0202 -0.1550 -0.2216 -1.0104 0.4858 1.1047 0.2673 -0.2281 
Unit 11: -0.6457 -0.3481 1.1600 -0.3095 -0.0584 -0.1968 0.2888 -0.2463 0.5892 -0.3217 
Unit 12: 0.7429 0.2912 0.4020 -0.1093 0.3594 0.2116 -0.2622 0.6467 0.0435 0.2941 
Unit 13: -0.4665 0.0277 -0.1836 -0.4714 0.3611 0.4928 0.6294 -0.5533 0.1115 -0.8848 
Unit 14: -0.6169 -0.3781 0.3418 -0.2302 1.4262 1.0677 1.0571 -1.7511 -0.3842 1.4636 
Unit 15: -0.7246 1.1255 0.4238 -0.2273 -0.2553 -0.0864 -0.0192 -0.6087 0.9403 -0.3694 
Unit 16: 0.3901 -0.8688 -0.6204 -0.4595 -0.3682 0.8400 -1.0776 -0.5732 0.4411 0.9690 
Unit 17: 1.4600 1.1831 -0.0340 0.3384 0.0658 -0.4634 0.4570 0.2251 0.2342 -0.7302 
Unit 18: -1.0541 0.7614 -0.8308 -0.3775 -0.7636 0.5139 0.0269 -0.1590 -0.9806 0.1299 
Unit 19: 0.2452 0.2138 0.2631 -0.2372 -0.2644 -0.7245 0.9214 -0.4936 0.5830 -0.9151 
Unit 20: 0.7248 -0.6737 0.3132 0.0007 -1.2005 1.1819 0.4885 -0.5223 1.0023 -0.6108 
Unit 21: -1.3509 0.9416 -0.7050 -0.2833 0.0992 0.2968 0.5847 -0.7274 0.2376 0.4309 
Unit 22: -0.1654 2.4766 -0.8880 0.9069 -0.1905 0.0110 0.2748 -0.1624 -1.4523 0.5905 
Unit 23: 1.0481 0.4750 -0.0209 -0.1581 1.2356 -1.0232 0.4909 -0.4186 -0.2805 -0.2621 
Unit 24: 0.0732 -0.5582 -0.3171 -0.3337 1.4579 -0.2064 1.7581 -0.5025 -0.1331 -0.5096 
Unit 25: -0.3200 0.2321 -1.4689 0.0561 0.1978 0.5444 1.0608 0.8588 -0.2874 -0.0677 
Unit 26: -0.4064 0.2421 0.2280 0.8234 0.2424 0.3745 1.2310 0.7684 -1.1702 0.5831 
Unit 27: 0.2491 -0.3126 1.0168 0.0058 0.2612 -0.7636 1.0884 -0.9939 -0.2985 -1.5935 
Unit 28: 0.5798 1.7060 0.9162 -0.4106 1.3009 -2.5611 -0.0973 -1.8888 0.6736 0.6583 
Unit 29: 0.7847 -0.6928 -1.2212 -0.2362 0.4091 0.7664 -0.0496 -0.2731 0.1886 1.1845 
Unit 30: 0.1843 0.4059 1.5531 0.7426 0.8260 0.6724 0.0014 0.9255 0.0245 0.2764 
Unit 31: -0.2908 -0.9587 -0.6363 -0.6119 -0.4211 0.8833 0.0015 -0.3071 0.6688 0.0075 
Unit 32: 1.2860 -1.0838 -0.3206 0.2211 -0.2672 -0.7655 0.4278 -0.0772 -0.8548 0.3994 
Unit 33: -0.0734 -0.0772 -0.9512 -0.3087 1.3970 -1.2912 1.1284 -0.4717 0.6356 1.4503 
Unit 34: 0.5542 -0.0214 1.5587 0.6119 -1.0814 -0.7030 0.6543 -1.0452 0.3096 0.3452 
Unit 35: -1.4030 0.0412 0.6546 0.0052 0.5422 0.1837 0.1724 -0.6769 -0.2641 -0.0386 
Unit 36: 0.3827 1.0823 0.4172 0.9872 0.3603 -0.2365 1.0598 0.4826 0.3480 -0.2726 
Unit 37: -0.4618 -0.5901 -0.4756 -0.5053 -0.1393 0.5035 0.1047 1.2456 1.8718 -0.0018 
Unit 38: 0.0794 -0.3627 1.2398 0.4234 0.5235 1.0571 0.7132 -0.0890 0.9828 -0.1840 
Unit 39: 0.3753 -1.2856 -0.3318 -0.2567 -0.8475 -0.9054 -0.3509 0.2326 0.3636 0.7021 
Unit 40: 0.4557 -1.0748 -0.3455 0.8186 -0.8992 1.5951 0.8338 0.3919 0.0084 -0.5511 
Unit 41: 0.7658 -0.6541 0.2239 0.2480 0.3152 -0.8025 0.2535 -1.3200 0.5613 0.9408 
Unit 42: -0.0043 -0.7354 -0.1181 0.6575 -0.3452 -0.4123 0.4819 2.0655 -0.2264 -0.6596 
Unit 43: 0.3878 -0.9668 -0.9018 -0.2327 0.1802 0.4595 -0.9553 1.3445 0.1382 0.0063 
Unit 44: -0.4189 -0.7145 -1.4225 -0.6714 0.8633 0.6213 -0.3190 0.2816 0.3253 -0.6852 
Unit 45: 0.6076 -1.1596 0.0736 -0.9082 0.7489 -1.0030 0.0346 -0.2355 0.2896 -1.2746 
Unit 46: 0.8810 -0.5695 -0.1314 0.2888 0.2910 -0.4838 0.7613 -0.8877 -0.4371 0.0877 
Unit 47: -0.1739 -1.1949 -1.2171 0.1321 -0.8617 1.0682 -0.3595 0.1147 -0.1582 0.3246 
Unit 48: 1.8297 0.2931 -0.5584 0.0746 -1.4469 -0.3340 -0.9167 0.0709 0.7361 -0.5917 
Unit 49: 0.0961 -0.8750 0.7416 -0.1466 0.0234 0.6104 -0.0051 -1.7117 0.9314 1.5416 
Unit 50: 0.4392 -0.7155 0.2140 0.5117 -0.0017 -0.5754 0.3292 0.5235 0.9410 0.2961 
Unit 51: -0.3719 -1.2977 -1.0999 -0.5582 0.3007 0.6922 -1.5690 0.7726 -0.2265 0.8796 
Unit 52: -0.4270 -0.3668 0.1404 0.3016 0.2083 -0.0021 1.1638 -0.3348 0.7329 -0.8568 
Unit 53: 0.1290 -0.3018 0.4115 0.1450 0.0540 0.0370 -0.2562 0.0905 0.0425 -0.1687 
Unit 54: -0.1189 -0.4719 -1.1551 -0.2497 0.3583 -0.8005 -0.5924 -0.2321 0.5217 1.4697 
Unit 55: -1.2607 -0.9655 0.8157 0.1417 0.7375 -0.4845 0.8409 -0.5735 -0.5921 0.3579 
Unit 56: -1.1601 -0.4011 0.3916 -0.8015 -0.4065 -0.7144 -1.4439 -0.2089 -1.0498 -0.6762 
Unit 57: 1.4900 -0.7796 -0.3474 0.1159 -1.4182 0.2101 -1.2129 0.6421 0.2865 -0.3828 
Unit 58: -0.4226 -0.2848 -0.8041 0.3881 -0.2798 -0.3420 -0.1063 -0.1610 -2.1641 0.6214 
Unit 59: 1.2522 -0.9425 -0.6071 0.6652 -0.5706 1.1073 -0.5163 0.6034 -0.6362 1.5197 
Bias: -0.0893 -0.8860 1.1817 1.4241 1.2771 -0.6127 0.5794 -1.1261 0.5685 0.5798 

### Layer 1: ###
Unit 0: 0.1652 3.7413 
Unit 1: 0.7736 4.5614 
Unit 2: 0.1380 4.8777 
Unit 3: -1.2777 -7.0821 
Unit 4: -0.4833 -4.1626 
Unit 5: 0.0027 3.2031 
Unit 6: 0.0798 4.9636 
Unit 7: 0.2622 4.3031 
Unit 8: -0.6742 -5.3178 
Unit 9: 1.0243 4.3646 
Bias: -0.2200 -6.1835 
