
#####################################
Regularization - ALPHA^2: = 0.000e+00
#####################################
## Fold - K: 0
 - Training loss Fold 0: 8.531737 - 
 - Validation loss Fold 0: 15.339136 - 
 - Average Training loss: 8.531737 - 
 - Average Validation loss: 15.339136 - 

#####################################
Regularization - ALPHA^2: = 6.250e-04
#####################################
## Fold - K: 0
 - Training loss Fold 0: 9.493747 - 
 - Validation loss Fold 0: 12.187765 - 
 - Average Training loss: 9.493747 - 
 - Average Validation loss: 12.187765 - 

#####################################
Regularization - ALPHA^2: = 2.500e-03
#####################################
## Fold - K: 0
 - Training loss Fold 0: 11.379253 - 
 - Validation loss Fold 0: 11.099984 - 
 - Average Training loss: 11.379253 - 
 - Average Validation loss: 11.099984 - 

#####################################
Regularization - ALPHA^2: = 5.625e-03
#####################################
## Fold - K: 0
 - Training loss Fold 0: 11.779244 - 
 - Validation loss Fold 0: 11.108469 - 
 - Average Training loss: 11.779244 - 
 - Average Validation loss: 11.108469 - 

#####################################
Regularization - ALPHA^2: = 1.000e-02
#####################################
## Fold - K: 0
 - Training loss Fold 0: 11.706452 - 
 - Validation loss Fold 0: 11.355010 - 
 - Average Training loss: 11.706452 - 
 - Average Validation loss: 11.355010 - 

#####################################
Regularization - ALPHA^2: = 1.562e-02
#####################################
## Fold - K: 0
 - Training loss Fold 0: 12.421551 - 
 - Validation loss Fold 0: 11.859733 - 
 - Average Training loss: 12.421551 - 
 - Average Validation loss: 11.859733 - 

#####################################
Regularization - ALPHA^2: = 2.250e-02
#####################################
## Fold - K: 0
 - Training loss Fold 0: 12.534842 - 
 - Validation loss Fold 0: 11.401929 - 
 - Average Training loss: 12.534842 - 
 - Average Validation loss: 11.401929 - 

#####################################
Regularization - ALPHA^2: = 3.063e-02
#####################################
## Fold - K: 0
 - Training loss Fold 0: 13.245473 - 
 - Validation loss Fold 0: 11.073064 - 
 - Average Training loss: 13.245473 - 
 - Average Validation loss: 11.073064 - 

#####################################
Regularization - ALPHA^2: = 4.000e-02
#####################################
## Fold - K: 0
 - Training loss Fold 0: 13.178130 - 
 - Validation loss Fold 0: 10.930547 - 
 - Average Training loss: 13.178130 - 
 - Average Validation loss: 10.930547 - 

#####################################
Regularization - ALPHA^2: = 5.063e-02
#####################################
## Fold - K: 0
 - Training loss Fold 0: 13.470979 - 
 - Validation loss Fold 0: 10.763075 - 
 - Average Training loss: 13.470979 - 
 - Average Validation loss: 10.763075 - 

#####################################
Regularization - ALPHA^2: = 6.250e-02
#####################################
## Fold - K: 0
 - Training loss Fold 0: 13.648759 - 
 - Validation loss Fold 0: 10.451998 - 
 - Average Training loss: 13.648759 - 
 - Average Validation loss: 10.451998 - 

#####################################
Regularization - ALPHA^2: = 7.563e-02
#####################################
## Fold - K: 0
 - Training loss Fold 0: 13.947126 - 
 - Validation loss Fold 0: 10.797551 - 
 - Average Training loss: 13.947126 - 
 - Average Validation loss: 10.797551 - 

#####################################
Regularization - ALPHA^2: = 9.000e-02
#####################################
## Fold - K: 0
 - Training loss Fold 0: 13.952206 - 
 - Validation loss Fold 0: 11.365555 - 
 - Average Training loss: 13.952206 - 
 - Average Validation loss: 11.365555 - 

#####################################
Regularization - ALPHA^2: = 1.056e-01
#####################################
## Fold - K: 0
 - Training loss Fold 0: 14.060774 - 
 - Validation loss Fold 0: 10.579315 - 
 - Average Training loss: 14.060774 - 
 - Average Validation loss: 10.579315 - 

#####################################
Regularization - ALPHA^2: = 1.225e-01
#####################################
## Fold - K: 0
 - Training loss Fold 0: 14.254641 - 
 - Validation loss Fold 0: 11.186979 - 
 - Average Training loss: 14.254641 - 
 - Average Validation loss: 11.186979 - 

#####################################
Regularization - ALPHA^2: = 1.406e-01
#####################################
## Fold - K: 0
 - Training loss Fold 0: 14.318757 - 
 - Validation loss Fold 0: 10.747797 - 
 - Average Training loss: 14.318757 - 
 - Average Validation loss: 10.747797 - 

#####################################
Regularization - ALPHA^2: = 1.600e-01
#####################################
## Fold - K: 0
 - Training loss Fold 0: 14.423910 - 
 - Validation loss Fold 0: 10.897799 - 
 - Average Training loss: 14.423910 - 
 - Average Validation loss: 10.897799 - 

#####################################
Regularization - ALPHA^2: = 1.806e-01
#####################################
## Fold - K: 0
 - Training loss Fold 0: 14.448150 - 
 - Validation loss Fold 0: 10.838510 - 
 - Average Training loss: 14.448150 - 
 - Average Validation loss: 10.838510 - 

#####################################
Regularization - ALPHA^2: = 2.025e-01
#####################################
## Fold - K: 0
 - Training loss Fold 0: 14.560108 - 
 - Validation loss Fold 0: 10.896878 - 
 - Average Training loss: 14.560108 - 
 - Average Validation loss: 10.896878 - 

#####################################
Regularization - ALPHA^2: = 2.256e-01
#####################################
## Fold - K: 0
 - Training loss Fold 0: 14.597905 - 
 - Validation loss Fold 0: 10.861380 - 
 - Average Training loss: 14.597905 - 
 - Average Validation loss: 10.861380 - 



Best regularization - ALPHA^2: = 6.250e-02
Train on full training set...

 - Final Testing loss: 15.806772 - 

Predictions on testing set:
Argentina:
yhat: -0.47830 --- y: -1.07274
yhat: -3.15300 --- y: 5.08895

yhat: -0.45463 --- y: 1.94290
yhat: -1.43417 --- y: 4.38533

yhat: -0.31853 --- y: -1.53515
yhat: -0.52448 --- y: -4.96588

yhat: -0.37532 --- y: -0.81210
yhat: -0.77026 --- y: 7.49281

yhat: -0.47516 --- y: -1.37339
yhat: -1.27772 --- y: -6.08911

yhat: -0.29665 --- y: -0.61879
yhat: -1.38678 --- y: -5.33753

yhat: -0.19535 --- y: 1.08442
yhat: -0.68772 --- y: 4.46467


Australia:
yhat: -0.27199 --- y: -0.77960
yhat: 0.38985 --- y: -1.98606

yhat: -0.28515 --- y: -0.43629
yhat: -0.20619 --- y: 2.01989

yhat: -0.22576 --- y: -0.70953
yhat: 0.98852 --- y: 1.95770

yhat: -0.15801 --- y: -0.90210
yhat: 1.61041 --- y: 1.08317

yhat: -0.18490 --- y: -0.86859
yhat: 1.08406 --- y: 2.02634

yhat: -0.21463 --- y: -0.74779
yhat: 1.29199 --- y: 1.87226

yhat: -0.23423 --- y: -0.95890
yhat: 1.06646 --- y: -2.33178


Austria:
yhat: -0.26675 --- y: -1.20152
yhat: -0.12446 --- y: 1.78705

yhat: -0.31278 --- y: -0.31267
yhat: -0.70276 --- y: -1.55711

yhat: -0.40985 --- y: 1.28008
yhat: -1.70122 --- y: 3.21630

yhat: -0.17527 --- y: -1.05281
yhat: 1.04101 --- y: 2.83246

yhat: -0.33209 --- y: -1.05727
yhat: 0.32607 --- y: 1.47521

yhat: -0.22789 --- y: -0.42477
yhat: -0.22695 --- y: 2.29333

yhat: -0.20885 --- y: -0.91609
yhat: 0.29162 --- y: -3.02742


Belgium:
yhat: -0.49033 --- y: 1.23453
yhat: -2.75671 --- y: -3.70089

yhat: -0.38764 --- y: -0.99358
yhat: -2.15723 --- y: -1.42277

yhat: -0.28278 --- y: 1.73811
yhat: 0.52127 --- y: 3.49090

yhat: -0.41301 --- y: 3.10953
yhat: -0.00310 --- y: 3.94117

yhat: -0.08976 --- y: 2.66261
yhat: 2.02653 --- y: 4.82972

yhat: -0.18910 --- y: -2.06655
yhat: 1.12252 --- y: -2.99367

yhat: -0.13234 --- y: -2.64582
yhat: 1.67853 --- y: -3.94533


Brazil:
yhat: -0.29860 --- y: 5.48655
yhat: -0.80551 --- y: 9.77254

yhat: -0.24172 --- y: 1.01398
yhat: 1.26627 --- y: 11.05724

yhat: -0.37361 --- y: -2.62352
yhat: -0.93433 --- y: -12.05791

yhat: -0.24993 --- y: 1.83096
yhat: -0.97436 --- y: 14.24019

yhat: -0.28328 --- y: 3.83431
yhat: -0.22114 --- y: -14.63977

yhat: -0.34731 --- y: -5.40729
yhat: -2.32733 --- y: -11.73404

yhat: -0.19888 --- y: 4.25319
yhat: -0.67052 --- y: 12.37230


Canada:
yhat: -0.27808 --- y: 2.14736
yhat: 0.00979 --- y: 1.93246

yhat: -0.11801 --- y: 1.68694
yhat: 0.60570 --- y: -3.33414

yhat: -0.10878 --- y: 1.91842
yhat: 1.42118 --- y: 2.96195

yhat: -0.15917 --- y: -2.47135
yhat: 1.17607 --- y: -4.71701

yhat: -0.36520 --- y: 3.36216
yhat: -1.84089 --- y: 2.82586

yhat: -0.27689 --- y: -2.71754
yhat: -0.87069 --- y: 3.64070

yhat: -0.24682 --- y: -1.60956
yhat: 1.20861 --- y: -1.57551


Chile:
yhat: -0.11392 --- y: 2.27699
yhat: 0.02395 --- y: 6.46184

yhat: -0.16552 --- y: -1.48492
yhat: 1.01349 --- y: 7.11264

yhat: -0.27593 --- y: -1.50830
yhat: -0.41612 --- y: -6.37638

yhat: -0.43005 --- y: -1.39143
yhat: -2.84028 --- y: -6.61064

yhat: -0.41807 --- y: -0.98422
yhat: -0.93367 --- y: 9.07259

yhat: -0.27720 --- y: -0.92418
yhat: 1.70179 --- y: -7.19388

yhat: -0.29777 --- y: -0.81167
yhat: 0.69960 --- y: -2.55312


China:
yhat: -0.38391 --- y: -1.70386
yhat: 1.31850 --- y: 6.07721

yhat: -0.31905 --- y: -1.73383
yhat: 1.61210 --- y: 6.06052

yhat: -0.28829 --- y: -1.68798
yhat: 1.72330 --- y: 5.87943

yhat: -0.21360 --- y: -1.52371
yhat: 1.75186 --- y: 5.36001

yhat: -0.14689 --- y: -1.05344
yhat: 1.35633 --- y: 3.37938

yhat: -0.15008 --- y: 1.36654
yhat: 0.96950 --- y: -5.20805

yhat: -0.21528 --- y: 1.99259
yhat: -0.61613 --- y: -7.32384


Czechia:
yhat: -0.26077 --- y: -0.88737
yhat: -0.11211 --- y: -3.54611

yhat: -0.38736 --- y: 1.66390
yhat: -1.18198 --- y: -2.42819

yhat: -0.28787 --- y: -0.82834
yhat: 0.32115 --- y: 2.11145

yhat: -0.23761 --- y: -1.17797
yhat: 0.65484 --- y: 3.27190

yhat: -0.18744 --- y: -0.37920
yhat: 1.53582 --- y: 1.76783

yhat: -0.21283 --- y: -1.03419
yhat: 0.95373 --- y: -0.87725

yhat: -0.24843 --- y: -0.96111
yhat: 0.63992 --- y: -2.31560


Denmark:
yhat: -0.36131 --- y: 1.55780
yhat: -0.88483 --- y: 1.63211

yhat: -0.21755 --- y: -1.25348
yhat: 1.00329 --- y: -2.77735

yhat: -0.25814 --- y: -1.24319
yhat: -0.61972 --- y: -1.89984

yhat: -0.35115 --- y: -0.87442
yhat: -1.40542 --- y: 2.01859

yhat: -0.28032 --- y: -0.75151
yhat: -0.61609 --- y: -3.19554

yhat: -0.25133 --- y: -1.06445
yhat: -0.19506 --- y: -2.28908

yhat: -0.30813 --- y: 1.19835
yhat: -1.25093 --- y: 3.06558


Dominican_Republic:
yhat: -0.32401 --- y: -1.18033
yhat: -1.19144 --- y: -4.40388

yhat: -0.27888 --- y: 1.76919
yhat: -0.02251 --- y: -2.97327

yhat: -0.30902 --- y: -1.28666
yhat: -0.84475 --- y: 5.05698

yhat: -0.27707 --- y: -1.64160
yhat: 0.84341 --- y: -6.95844

yhat: -0.29461 --- y: -1.23126
yhat: -0.38029 --- y: 6.68782

yhat: -0.35109 --- y: 1.24790
yhat: 0.14148 --- y: -5.30229

yhat: -0.38049 --- y: -0.91920
yhat: -0.18087 --- y: 3.67469


Ecuador:
yhat: -0.37368 --- y: 3.82487
yhat: -1.53672 --- y: -6.37228

yhat: -0.24129 --- y: 2.59208
yhat: -0.31000 --- y: -5.72133

yhat: -0.36368 --- y: -3.09331
yhat: -2.08816 --- y: -5.74469

yhat: -0.49234 --- y: -3.87180
yhat: -2.36993 --- y: -8.33691

yhat: -0.68920 --- y: 3.99653
yhat: -2.82387 --- y: -6.01180

yhat: -0.57523 --- y: -4.12902
yhat: -2.85659 --- y: -10.85120

yhat: -0.65766 --- y: 3.39579
yhat: -1.64842 --- y: 10.93639


Estonia:
yhat: -0.36444 --- y: -0.32032
yhat: -0.96371 --- y: -1.53360

yhat: -0.37056 --- y: -0.38241
yhat: -0.33107 --- y: -0.40494

yhat: -0.30985 --- y: -0.44937
yhat: -0.47135 --- y: 1.80322

yhat: -0.27174 --- y: -0.34832
yhat: 0.94230 --- y: -0.97600

yhat: -0.32082 --- y: -0.89547
yhat: 0.08125 --- y: -1.22781

yhat: -0.31016 --- y: -0.77150
yhat: 0.24914 --- y: 1.72982

yhat: -0.33278 --- y: -0.43582
yhat: 0.24502 --- y: -1.53226


Finland:
yhat: -0.40277 --- y: -0.69646
yhat: -0.40816 --- y: 2.39672

yhat: -0.31930 --- y: -1.00191
yhat: -0.03540 --- y: 2.47074

yhat: -0.25480 --- y: -0.81659
yhat: 0.95538 --- y: -1.95544

yhat: -0.32985 --- y: 1.03711
yhat: -0.33012 --- y: -2.35241

yhat: -0.21197 --- y: 1.06105
yhat: -0.18928 --- y: -2.15071

yhat: -0.27233 --- y: 1.07343
yhat: -0.19697 --- y: -1.12571

yhat: -0.27037 --- y: -1.18456
yhat: -0.75650 --- y: 2.12345


France:
yhat: -0.31059 --- y: 1.47062
yhat: 1.29727 --- y: 1.95119

yhat: -0.41333 --- y: 1.84496
yhat: -0.94829 --- y: 4.29378

yhat: -0.24654 --- y: 2.36600
yhat: 0.84664 --- y: -4.60105

yhat: -0.18195 --- y: 3.00865
yhat: 1.71071 --- y: -4.87342

yhat: -0.04654 --- y: 3.13331
yhat: 0.76545 --- y: 3.45566

yhat: -0.06455 --- y: 2.66456
yhat: 1.89193 --- y: -3.02233

yhat: -0.22312 --- y: -3.83487
yhat: -0.45627 --- y: 3.62248


Germany:
yhat: -0.44336 --- y: -2.46588
yhat: -2.92253 --- y: -6.12090

yhat: -0.50186 --- y: 1.30463
yhat: -2.77536 --- y: -4.68778

yhat: -0.56074 --- y: 1.94986
yhat: -3.52179 --- y: -5.24652

yhat: -0.33662 --- y: -2.44539
yhat: -1.71752 --- y: -6.01117

yhat: -0.24250 --- y: 2.05608
yhat: -1.26647 --- y: -2.60860

yhat: -0.29257 --- y: -1.59584
yhat: -1.78426 --- y: 3.06718

yhat: -0.41185 --- y: 1.34991
yhat: -1.73053 --- y: 5.53225


Greece:
yhat: -0.29898 --- y: -0.86151
yhat: -0.35904 --- y: -1.79572

yhat: -0.38518 --- y: -0.76764
yhat: -1.10234 --- y: 2.40186

yhat: -0.34840 --- y: -0.77374
yhat: -0.21759 --- y: -1.08651

yhat: -0.29841 --- y: -0.96919
yhat: 0.87102 --- y: -1.22245

yhat: -0.35785 --- y: -0.50750
yhat: -1.16286 --- y: 1.23430

yhat: -0.20687 --- y: -0.90414
yhat: 1.12340 --- y: -0.93118

yhat: -0.29180 --- y: -0.65397
yhat: -0.13416 --- y: -1.21443


India:
yhat: -0.39177 --- y: 3.09072
yhat: -1.63068 --- y: 8.38598

yhat: -0.10736 --- y: 1.22966
yhat: 1.68733 --- y: 7.80917

yhat: -0.04193 --- y: -1.64968
yhat: 2.11903 --- y: -6.60997

yhat: -0.23484 --- y: 1.70510
yhat: -1.27145 --- y: 5.19524

yhat: -0.07794 --- y: -2.87250
yhat: 1.55422 --- y: -6.73518

yhat: -0.21455 --- y: -2.29927
yhat: -0.30077 --- y: -6.32788

yhat: -0.10699 --- y: 2.62554
yhat: -0.66161 --- y: 6.25808


Indonesia:
yhat: -0.32686 --- y: 1.59327
yhat: 0.59728 --- y: 5.82971

yhat: -0.34025 --- y: 2.42637
yhat: 0.30561 --- y: -4.30851

yhat: -0.28283 --- y: -0.72894
yhat: -0.20811 --- y: 5.87949

yhat: -0.33593 --- y: -2.25197
yhat: -0.10620 --- y: -4.49892

yhat: -0.31380 --- y: -2.03029
yhat: -0.45146 --- y: -3.37806

yhat: -0.48606 --- y: -2.06015
yhat: -2.71706 --- y: -5.56358

yhat: -0.53436 --- y: 2.30951
yhat: -0.66312 --- y: 5.00502


Iran:
yhat: -0.42643 --- y: 1.91084
yhat: -1.01590 --- y: 7.08632

yhat: -0.51898 --- y: 1.20678
yhat: -0.70889 --- y: 7.04641

yhat: -0.34596 --- y: -1.39464
yhat: 0.55769 --- y: -7.74909

yhat: -0.42874 --- y: 1.47403
yhat: -1.31476 --- y: 5.52053

yhat: -0.20281 --- y: -2.75478
yhat: 0.71258 --- y: -3.04760

yhat: -0.25803 --- y: 1.70177
yhat: -0.17691 --- y: -5.88402

yhat: -0.22871 --- y: 1.74755
yhat: -0.58146 --- y: 4.58630


Ireland:
yhat: -0.26346 --- y: 1.73897
yhat: 1.57984 --- y: -2.30659

yhat: -0.37629 --- y: 1.48770
yhat: -0.25365 --- y: 3.85189

yhat: -0.31957 --- y: 1.15695
yhat: 1.51631 --- y: 2.90560

yhat: -0.36962 --- y: -1.37281
yhat: -0.19946 --- y: 1.99197

yhat: -0.26901 --- y: -1.81819
yhat: -0.00191 --- y: 2.43845

yhat: -0.37490 --- y: -0.79108
yhat: 0.40666 --- y: -2.52127

yhat: -0.28217 --- y: 1.43060
yhat: 1.20597 --- y: -2.35054


Israel:
yhat: -0.47704 --- y: -1.08731
yhat: -2.72477 --- y: 1.10498

yhat: -0.43162 --- y: -0.96778
yhat: -1.50548 --- y: -2.29789

yhat: -0.39443 --- y: -0.82619
yhat: -1.36347 --- y: -2.00573

yhat: -0.43046 --- y: 1.01667
yhat: -2.14524 --- y: 3.01751

yhat: -0.23783 --- y: -0.93115
yhat: 1.95024 --- y: 1.97189

yhat: -0.15181 --- y: -0.55073
yhat: 1.38708 --- y: 1.52110

yhat: -0.25356 --- y: -0.75270
yhat: -0.09480 --- y: -2.32268


Italy:
yhat: -0.23745 --- y: 2.53225
yhat: 0.08529 --- y: -5.23974

yhat: -0.46558 --- y: -2.75127
yhat: -3.58955 --- y: -5.40565

yhat: -0.40044 --- y: -2.95509
yhat: -0.86183 --- y: -5.63968

yhat: -0.54462 --- y: -4.15783
yhat: -3.43174 --- y: -5.84477

yhat: -0.34089 --- y: -2.52554
yhat: -1.53801 --- y: -6.61863

yhat: -0.49799 --- y: -2.37861
yhat: -3.52217 --- y: -1.57112

yhat: -0.18654 --- y: 4.03784
yhat: 0.18875 --- y: 7.51630


Japan:
yhat: -0.33907 --- y: 1.47964
yhat: 0.12342 --- y: 3.34332

yhat: -0.19541 --- y: -1.46922
yhat: 0.69779 --- y: -2.90432

yhat: -0.23304 --- y: -1.06913
yhat: 0.91797 --- y: -3.41383

yhat: -0.32798 --- y: 1.73898
yhat: -0.31527 --- y: -2.65320

yhat: -0.28696 --- y: 1.51300
yhat: -0.18524 --- y: 2.12763

yhat: -0.35255 --- y: 1.76185
yhat: -0.80216 --- y: 1.92978

yhat: -0.30528 --- y: -1.86697
yhat: -0.06352 --- y: 1.80875


Luxembourg:
yhat: -0.23066 --- y: -0.79764
yhat: 1.35314 --- y: -0.80767

yhat: -0.29776 --- y: -0.76184
yhat: -0.69386 --- y: -1.83523

yhat: -0.30099 --- y: -0.71350
yhat: -0.13874 --- y: -0.77218

yhat: -0.33829 --- y: -0.72103
yhat: -0.82672 --- y: -1.49496

yhat: -0.25596 --- y: -0.53536
yhat: 0.25724 --- y: -1.29109

yhat: -0.33563 --- y: -0.25326
yhat: -0.11163 --- y: -1.20050

yhat: -0.34613 --- y: -0.52795
yhat: -0.64311 --- y: 1.64893


Malaysia:
yhat: -0.25377 --- y: -0.66503
yhat: -1.08985 --- y: -2.20649

yhat: -0.35159 --- y: -0.98564
yhat: -1.72627 --- y: 1.93023

yhat: -0.31579 --- y: -0.27044
yhat: -0.60492 --- y: -3.19818

yhat: -0.38593 --- y: -0.43016
yhat: -1.40389 --- y: -3.32532

yhat: -0.46099 --- y: -0.48181
yhat: -1.43824 --- y: 3.92755

yhat: -0.26763 --- y: -0.31741
yhat: 1.30086 --- y: 4.50122

yhat: -0.29277 --- y: -0.60214
yhat: 0.89852 --- y: -4.26545


Mexico:
yhat: -0.40379 --- y: 4.44675
yhat: -2.11830 --- y: 6.46093

yhat: -0.20604 --- y: 4.54420
yhat: 1.46372 --- y: 2.46047

yhat: -0.21677 --- y: -4.93744
yhat: 0.67353 --- y: 7.22090

yhat: -0.24896 --- y: 3.13531
yhat: 0.85938 --- y: -3.65177

yhat: -0.35086 --- y: 1.81978
yhat: -0.85230 --- y: -6.48456

yhat: -0.39479 --- y: -1.91081
yhat: 0.09183 --- y: 3.72479

yhat: -0.28050 --- y: -0.75885
yhat: 0.84256 --- y: 3.29157


Morocco:
yhat: -0.45133 --- y: -0.86942
yhat: -0.61219 --- y: -1.37153

yhat: -0.34084 --- y: -0.62499
yhat: -0.70088 --- y: 3.32128

yhat: -0.25833 --- y: -0.65568
yhat: 1.12889 --- y: -2.42911

yhat: -0.27802 --- y: -0.52177
yhat: 0.32797 --- y: -3.79787

yhat: -0.18479 --- y: -0.41303
yhat: 0.73767 --- y: 2.98267

yhat: -0.29345 --- y: 1.15125
yhat: 0.12794 --- y: -1.99333

yhat: -0.16725 --- y: -0.99586
yhat: 1.24827 --- y: 1.77730


Netherlands:
yhat: -0.34078 --- y: 1.50851
yhat: -1.40772 --- y: 3.75213

yhat: -0.35799 --- y: -2.05363
yhat: 0.60448 --- y: 1.54372

yhat: -0.49902 --- y: -0.74919
yhat: -2.11820 --- y: 2.22008

yhat: -0.40535 --- y: -1.86775
yhat: -0.83544 --- y: 2.34337

yhat: -0.34030 --- y: -1.79321
yhat: -0.79408 --- y: 4.35957

yhat: -0.16558 --- y: 1.71592
yhat: 2.03412 --- y: -3.19702

yhat: -0.14582 --- y: 1.47429
yhat: 1.22625 --- y: -3.34740


Norway:
yhat: -0.40133 --- y: -0.67466
yhat: -1.51287 --- y: -2.64069

yhat: -0.41722 --- y: 1.10507
yhat: -1.04865 --- y: 2.72428

yhat: -0.17580 --- y: -0.66285
yhat: 1.34030 --- y: -2.71855

yhat: -0.26369 --- y: -0.75938
yhat: 0.24135 --- y: -2.74339

yhat: -0.16623 --- y: -0.73101
yhat: 0.60789 --- y: 3.32026

yhat: -0.31911 --- y: -0.38662
yhat: 0.19346 --- y: -1.85141

yhat: -0.29705 --- y: -0.87653
yhat: 0.41437 --- y: -1.37077


Pakistan:
yhat: -0.46423 --- y: 1.92225
yhat: 0.29779 --- y: 7.42045

yhat: -0.24728 --- y: 1.30591
yhat: -0.70833 --- y: -2.86444

yhat: -0.32703 --- y: -1.50422
yhat: -0.86275 --- y: 5.92335

yhat: -0.22704 --- y: -0.92889
yhat: 0.76331 --- y: -5.92965

yhat: -0.09081 --- y: -1.30841
yhat: 0.91135 --- y: -7.18624

yhat: -0.15174 --- y: -1.92873
yhat: 0.12473 --- y: -6.68515

yhat: -0.23029 --- y: 1.87230
yhat: -0.31793 --- y: 7.21391


Panama:
yhat: -0.28131 --- y: -0.70476
yhat: -1.35192 --- y: -3.46935

yhat: -0.41889 --- y: -1.06086
yhat: -2.28998 --- y: -3.83468

yhat: -0.39733 --- y: -0.73314
yhat: -1.61800 --- y: 3.38427

yhat: -0.37740 --- y: -0.76334
yhat: -1.53214 --- y: 4.37115

yhat: -0.39609 --- y: -0.25055
yhat: -1.84389 --- y: 2.23146

yhat: -0.37859 --- y: -0.71504
yhat: -0.26432 --- y: 1.94312

yhat: -0.31093 --- y: -0.63519
yhat: -0.15929 --- y: -3.21663


Peru:
yhat: -0.15334 --- y: 2.44615
yhat: 0.05813 --- y: 7.66851

yhat: -0.07565 --- y: -2.49653
yhat: 1.71339 --- y: -9.65660

yhat: -0.42185 --- y: 1.31501
yhat: -3.21676 --- y: -7.68202

yhat: -0.43757 --- y: -3.05037
yhat: -3.02056 --- y: -6.80541

yhat: -0.57675 --- y: 3.38305
yhat: -2.42029 --- y: 11.69699

yhat: -0.29752 --- y: -2.29878
yhat: 0.76382 --- y: -8.16404

yhat: -0.25413 --- y: -0.98309
yhat: -0.58876 --- y: -4.24429


Philippines:
yhat: -0.22154 --- y: -1.13308
yhat: 0.68972 --- y: -2.72072

yhat: -0.41655 --- y: 1.75086
yhat: -1.79025 --- y: -2.86094

yhat: -0.35483 --- y: -0.49167
yhat: -0.46110 --- y: -1.91084

yhat: -0.38125 --- y: -0.78981
yhat: -0.71762 --- y: 3.13895

yhat: -0.23023 --- y: -1.47109
yhat: 1.33256 --- y: -3.76058

yhat: -0.30145 --- y: 1.14552
yhat: -1.12237 --- y: 4.48005

yhat: -0.30820 --- y: -0.52623
yhat: 0.89644 --- y: -3.59030


Poland:
yhat: -0.36870 --- y: -1.46133
yhat: 0.76289 --- y: 2.33877

yhat: -0.42169 --- y: -1.01449
yhat: -0.69118 --- y: 3.51426

yhat: -0.24274 --- y: 1.54410
yhat: 1.10451 --- y: -3.07083

yhat: -0.28949 --- y: -1.70088
yhat: -1.02444 --- y: 1.17933

yhat: -0.27139 --- y: 1.55615
yhat: 0.40235 --- y: -2.99041

yhat: -0.29654 --- y: 1.86971
yhat: -0.76033 --- y: 2.69523

yhat: -0.17964 --- y: -1.71808
yhat: 0.98480 --- y: -1.78593


Portugal:
yhat: -0.42146 --- y: -0.74604
yhat: 0.49676 --- y: 1.81550

yhat: -0.38783 --- y: -1.37584
yhat: -0.77142 --- y: -1.25825

yhat: -0.40618 --- y: -1.02614
yhat: 0.20045 --- y: 4.65367

yhat: -0.21670 --- y: -1.07616
yhat: 2.35555 --- y: -3.24428

yhat: -0.22851 --- y: 1.54819
yhat: 1.48867 --- y: 2.90266

yhat: -0.19865 --- y: -1.15509
yhat: 1.69985 --- y: 2.18839

yhat: -0.13307 --- y: -0.56321
yhat: 1.50990 --- y: -3.28045


Qatar:
yhat: -0.39644 --- y: -0.93696
yhat: -1.01487 --- y: -2.24850

yhat: -0.56093 --- y: -0.81538
yhat: -2.44642 --- y: 6.64132

yhat: -0.42027 --- y: -0.76057
yhat: -0.94321 --- y: 3.72928

yhat: -0.49723 --- y: -0.72568
yhat: -2.32812 --- y: -5.64661

yhat: -0.43336 --- y: -0.98836
yhat: -1.23529 --- y: 4.43714

yhat: -0.53500 --- y: -0.82712
yhat: -0.54713 --- y: -3.86997

yhat: -0.12608 --- y: -0.21044
yhat: 0.45511 --- y: 3.06635


Romania:
yhat: -0.48364 --- y: -1.48379
yhat: -1.06103 --- y: 1.50914

yhat: -0.36414 --- y: -1.71831
yhat: 0.17906 --- y: -3.73783

yhat: -0.22906 --- y: -1.04032
yhat: 0.63993 --- y: -3.33710

yhat: -0.22994 --- y: -1.20262
yhat: -0.71031 --- y: 2.67364

yhat: -0.35096 --- y: 2.29409
yhat: 0.76081 --- y: 4.12077

yhat: -0.18449 --- y: -0.87084
yhat: 0.55542 --- y: -2.82958

yhat: -0.28840 --- y: -1.55235
yhat: 0.08222 --- y: -2.29430


Russia:
yhat: -0.32873 --- y: 1.72654
yhat: -0.41984 --- y: 7.29722

yhat: -0.06212 --- y: 1.54962
yhat: 1.90648 --- y: 2.79522

yhat: -0.06342 --- y: -1.23897
yhat: 1.50271 --- y: 6.70135

yhat: -0.14688 --- y: 2.99076
yhat: 1.99896 --- y: -5.16491

yhat: -0.22197 --- y: -3.04817
yhat: -0.37151 --- y: 7.07561

yhat: -0.11827 --- y: 2.27764
yhat: 1.68200 --- y: 3.31110

yhat: -0.20295 --- y: -1.52185
yhat: 1.05805 --- y: -6.73430


Saudi_Arabia:
yhat: -0.32690 --- y: -0.96948
yhat: 0.38514 --- y: -2.51358

yhat: -0.15758 --- y: 1.41197
yhat: 2.02390 --- y: 3.72162

yhat: -0.11563 --- y: 1.22056
yhat: 2.52697 --- y: -4.08602

yhat: -0.09737 --- y: -0.75686
yhat: 1.92930 --- y: -2.09385

yhat: -0.12046 --- y: -1.20593
yhat: 2.10140 --- y: -2.34501

yhat: -0.28172 --- y: -1.05530
yhat: -0.38079 --- y: -3.64258

yhat: -0.22871 --- y: 1.00910
yhat: -0.64884 --- y: 3.78165


Serbia:
yhat: -0.32033 --- y: -0.90984
yhat: 0.82517 --- y: 1.74328

yhat: -0.36698 --- y: -0.98790
yhat: -0.09243 --- y: 2.54727

yhat: -0.35852 --- y: -0.59024
yhat: -0.17499 --- y: -1.69638

yhat: -0.44442 --- y: -0.78784
yhat: -1.03917 --- y: 1.34424

yhat: -0.29658 --- y: -0.91210
yhat: 0.16644 --- y: -2.77099

yhat: -0.43846 --- y: -0.79959
yhat: -1.08156 --- y: -2.19978

yhat: -0.37663 --- y: -0.55260
yhat: -1.46752 --- y: 2.50330


Singapore:
yhat: -0.48109 --- y: -0.93066
yhat: -1.75973 --- y: -4.73440

yhat: -0.51939 --- y: -0.56253
yhat: -3.47270 --- y: 4.83307

yhat: -0.36151 --- y: -0.62973
yhat: 0.50269 --- y: 6.09753

yhat: -0.41020 --- y: -0.65772
yhat: -0.79650 --- y: 4.75715

yhat: -0.11847 --- y: -0.62426
yhat: 0.92952 --- y: -4.12281

yhat: -0.40994 --- y: -0.41774
yhat: -0.48461 --- y: -3.94918

yhat: -0.20359 --- y: -0.66668
yhat: 0.48814 --- y: -2.53006


South_Africa:
yhat: -0.38152 --- y: 1.31609
yhat: -1.19614 --- y: 5.91720

yhat: -0.24772 --- y: -1.24417
yhat: 0.35468 --- y: -3.06770

yhat: -0.23886 --- y: -2.51952
yhat: 0.94303 --- y: 5.83827

yhat: -0.24490 --- y: 1.44450
yhat: 1.19141 --- y: 2.18485

yhat: -0.46455 --- y: 1.97142
yhat: -0.69370 --- y: -2.84775

yhat: -0.41265 --- y: 2.05546
yhat: 0.11807 --- y: -7.27480

yhat: -0.37607 --- y: -1.96786
yhat: -1.10336 --- y: 6.20058


South_Korea:
yhat: -0.38234 --- y: -0.88581
yhat: 0.83367 --- y: 2.55438

yhat: -0.36994 --- y: 1.24454
yhat: 0.92639 --- y: 2.38353

yhat: -0.39765 --- y: -0.84841
yhat: 0.58405 --- y: 2.54463

yhat: -0.33436 --- y: -0.79141
yhat: 1.13609 --- y: 1.36590

yhat: -0.33848 --- y: 1.02750
yhat: 0.26347 --- y: -1.86178

yhat: -0.31024 --- y: -0.82672
yhat: 0.09517 --- y: -1.99116

yhat: -0.28841 --- y: -0.84285
yhat: -0.15510 --- y: -2.24894


Spain:
yhat: -0.28648 --- y: 6.63750
yhat: 2.37225 --- y: -6.06312

yhat: -0.39817 --- y: 9.77500
yhat: 0.77631 --- y: 9.77182

yhat: -0.14269 --- y: 8.10214
yhat: 2.65790 --- y: -6.30574

yhat: -0.47271 --- y: 8.81579
yhat: -2.51359 --- y: -4.98195

yhat: -0.18574 --- y: -16.23435
yhat: 0.41841 --- y: -10.43521

yhat: -0.60697 --- y: 10.27469
yhat: -3.02445 --- y: 7.45407

yhat: -0.31785 --- y: 9.67110
yhat: -0.67510 --- y: 7.14384


Sweden:
yhat: -0.41481 --- y: -2.41185
yhat: -0.84205 --- y: 3.60622

yhat: -0.44808 --- y: -1.49581
yhat: -2.22363 --- y: 4.29845

yhat: -0.43244 --- y: 3.85220
yhat: -1.64515 --- y: -4.55314

yhat: -0.59121 --- y: -2.59006
yhat: -2.04478 --- y: -4.98876

yhat: -0.38813 --- y: -2.23543
yhat: -0.92299 --- y: 3.63438

yhat: -0.32364 --- y: 2.16239
yhat: -0.53448 --- y: 3.76750

yhat: -0.21820 --- y: -1.91222
yhat: -0.52062 --- y: -2.23703


Switzerland:
yhat: -0.24514 --- y: -0.52237
yhat: -0.16710 --- y: -1.58424

yhat: -0.42709 --- y: -1.76518
yhat: -1.87891 --- y: -3.08639

yhat: -0.42538 --- y: -1.17769
yhat: -2.32941 --- y: -3.02513

yhat: -0.49211 --- y: -1.67599
yhat: -3.09702 --- y: -3.17675

yhat: -0.38924 --- y: -1.50467
yhat: -1.79174 --- y: -2.66902

yhat: -0.44418 --- y: 1.50543
yhat: -2.36437 --- y: 2.28596

yhat: -0.33867 --- y: 1.37171
yhat: -1.51859 --- y: 3.19982


Thailand:
yhat: -0.34008 --- y: -0.52470
yhat: 0.42538 --- y: 1.17197

yhat: -0.34672 --- y: -0.62242
yhat: -0.16779 --- y: 1.35556

yhat: -0.22399 --- y: -0.68619
yhat: 0.67039 --- y: -0.65423

yhat: -0.30925 --- y: -0.92632
yhat: 0.27415 --- y: 1.28532

yhat: -0.28246 --- y: -0.69135
yhat: 0.54124 --- y: -0.98578

yhat: -0.22894 --- y: -0.55870
yhat: 0.74535 --- y: -0.68715

yhat: -0.24774 --- y: -0.54631
yhat: -0.18283 --- y: -0.90778


Turkey:
yhat: -0.27561 --- y: -1.99884
yhat: -0.69025 --- y: -6.03265

yhat: -0.50102 --- y: -1.55654
yhat: -3.45830 --- y: -5.76682

yhat: -0.35557 --- y: 1.65987
yhat: -0.80454 --- y: 5.50924

yhat: -0.29108 --- y: 2.06304
yhat: 0.84309 --- y: 6.54363

yhat: -0.24316 --- y: 2.08745
yhat: 1.88300 --- y: 6.74107

yhat: -0.15128 --- y: 2.24383
yhat: 1.44625 --- y: 6.62238

yhat: -0.18589 --- y: -2.44726
yhat: -0.32061 --- y: -7.66825


Ukraine:
yhat: -0.51009 --- y: 1.52317
yhat: -1.76188 --- y: 3.82947

yhat: -0.25508 --- y: -2.06894
yhat: 1.20435 --- y: -3.84474

yhat: -0.26755 --- y: 1.79780
yhat: -1.23751 --- y: -3.66565

yhat: -0.41289 --- y: -0.71819
yhat: -0.97636 --- y: 2.29884

yhat: -0.49118 --- y: -1.68717
yhat: 0.21348 --- y: -2.00785

yhat: -0.41212 --- y: 2.12392
yhat: -0.87582 --- y: 5.12183

yhat: -0.38556 --- y: -1.65850
yhat: -0.60791 --- y: -4.27296


United_Kingdom:
yhat: -0.14347 --- y: 3.43679
yhat: -0.41345 --- y: 7.24641

yhat: -0.18738 --- y: 3.42512
yhat: 1.55161 --- y: 9.22345

yhat: -0.36749 --- y: 2.63238
yhat: -0.28806 --- y: 7.68001

yhat: -0.13691 --- y: -3.75586
yhat: 0.62716 --- y: 2.40089

yhat: -0.18943 --- y: -3.58412
yhat: -0.13015 --- y: -8.58225

yhat: -0.27771 --- y: -4.98436
yhat: -1.06060 --- y: 11.44454

yhat: -0.17669 --- y: 4.88587
yhat: -0.38713 --- y: -9.74175


United_States_of_America:
yhat: -0.10432 --- y: -2.89365
yhat: 3.36916 --- y: 5.68043

yhat: -0.05038 --- y: 6.30131
yhat: 2.00300 --- y: 8.98066

yhat: -0.10812 --- y: 6.49668
yhat: 0.93586 --- y: -14.96620

yhat: -0.51464 --- y: 3.26647
yhat: -3.57528 --- y: 10.29658

yhat: -0.21068 --- y: -5.57814
yhat: 1.89332 --- y: -7.34961

yhat: -0.18153 --- y: -6.38196
yhat: 0.00553 --- y: -9.45555

yhat: -0.38598 --- y: 5.28059
yhat: -1.45653 --- y: 10.23541



### Layer 0: ###
Unit 0: -0.0043 -0.0610 0.0362 -0.0006 0.0131 0.0632 -0.0781 0.0404 0.0761 0.1103 
Unit 1: -0.0886 0.0889 -0.0383 0.1177 0.0603 0.0702 0.0259 0.0620 -0.1775 0.0335 
Unit 2: 0.0242 -0.0422 0.0870 0.0931 0.0245 -0.0579 0.0171 0.0265 0.0244 -0.0385 
Unit 3: -0.0351 0.0742 -0.0118 -0.0238 0.0573 0.1004 0.0980 0.1305 0.0668 -0.0836 
Unit 4: -0.1218 0.0070 -0.0467 0.0113 0.0695 0.1591 -0.0850 0.0131 -0.0642 -0.0184 
Unit 5: -0.0388 0.0941 0.1244 0.1978 0.1667 0.1017 0.0263 -0.0263 0.0875 0.2083 
Unit 6: -0.1023 -0.0956 -0.0554 -0.0420 0.0114 -0.1935 -0.0174 -0.1039 0.0448 -0.0521 
Unit 7: -0.0077 -0.0671 -0.0503 -0.0440 0.1174 0.0432 0.0475 -0.0067 0.0099 -0.0608 
Unit 8: 0.0698 -0.0759 -0.0647 0.0186 -0.0842 -0.0746 -0.0409 0.0267 -0.0270 -0.0658 
Unit 9: -0.2164 0.0093 0.1689 -0.0457 -0.0770 0.1182 -0.0038 0.0881 0.0732 0.0573 
Unit 10: 0.0095 -0.0163 0.0067 0.0028 -0.0279 0.0549 -0.0369 -0.0464 -0.0634 0.0478 
Unit 11: -0.0827 -0.0841 0.0839 -0.0157 -0.0954 -0.0692 0.1591 0.0109 0.0510 0.0653 
Unit 12: 0.0465 -0.0292 -0.0387 0.0022 0.0531 0.0344 0.0120 0.0675 -0.0570 0.0884 
Unit 13: -0.1015 0.0764 -0.0027 -0.0413 0.0463 0.0231 0.0013 0.0066 -0.0189 -0.0245 
Unit 14: -0.0561 -0.1021 0.0767 0.0290 -0.0164 -0.0848 0.0854 0.0608 0.0156 -0.0730 
Unit 15: -0.1002 -0.0748 -0.0556 0.0337 0.0656 0.1342 0.1808 0.0892 0.1752 0.1202 
Unit 16: 0.1409 0.0854 0.0102 -0.0196 -0.0482 0.0734 0.0775 0.0255 0.0086 0.0283 
Unit 17: -0.1729 0.1501 0.0138 -0.0236 0.0302 0.1187 0.0166 0.0316 0.0391 0.0451 
Unit 18: -0.1631 -0.1324 -0.1331 -0.0847 -0.1164 -0.1134 -0.0388 -0.1147 -0.0860 -0.0334 
Unit 19: 0.0420 0.0531 0.0711 0.0556 0.0011 -0.0087 -0.0630 -0.0538 -0.0825 0.0759 
Unit 20: -0.0620 0.0211 -0.0112 -0.0783 -0.0064 -0.1169 0.1987 -0.0740 0.0574 -0.0042 
Unit 21: 0.0261 -0.0951 -0.1128 0.0336 0.0111 0.0320 0.0964 -0.0198 0.0489 0.0475 
Unit 22: -0.0268 -0.0697 -0.1847 -0.0448 -0.0639 -0.0388 -0.0145 -0.1249 -0.0809 0.0258 
Unit 23: -0.0778 -0.1857 -0.1861 0.0801 0.0170 -0.0039 -0.0237 -0.0242 0.1304 0.0160 
Unit 24: -0.0549 -0.0074 -0.0250 0.0900 0.0651 -0.0265 0.1305 0.0630 0.1143 0.1385 
Unit 25: -0.0821 -0.0472 -0.0724 -0.0585 -0.0208 -0.1019 0.0838 -0.0505 -0.0034 -0.0104 
Unit 26: -0.0994 0.0314 0.0174 0.0201 -0.0119 0.0069 0.0551 -0.0002 0.0362 0.0695 
Unit 27: -0.0026 0.0402 0.0849 0.1512 0.1133 0.0125 -0.0737 0.0819 -0.0407 -0.1312 
Unit 28: -0.0853 0.0910 0.0481 0.1673 0.1595 0.1005 0.0808 -0.0074 0.0874 0.1017 
Unit 29: 0.0308 0.1462 0.0443 0.0635 0.1862 -0.0163 -0.0554 0.1385 -0.0256 0.0711 
Unit 30: -0.2123 0.0743 -0.0215 0.0452 0.0376 -0.0197 -0.1148 0.0267 0.1233 -0.0176 
Unit 31: 0.1231 -0.0219 0.0428 -0.0330 -0.0329 0.0768 -0.0044 0.0356 -0.0531 -0.0880 
Unit 32: -0.0362 -0.0219 -0.0731 0.0669 -0.0761 -0.0771 -0.0344 -0.0294 -0.0405 0.0660 
Unit 33: -0.0066 0.2573 0.0947 0.1640 0.1638 0.0648 0.0624 0.1820 0.2064 0.0955 
Unit 34: -0.0138 0.1010 -0.0320 0.0205 0.0218 0.0234 -0.0757 -0.0825 0.0517 0.0126 
Unit 35: 0.0139 0.1245 -0.1296 0.0622 0.1029 -0.0559 0.0793 -0.0235 0.0707 0.1536 
Unit 36: 0.0790 -0.0032 0.0618 0.0048 0.0555 0.0503 -0.0579 0.0051 -0.0410 -0.0817 
Unit 37: 0.1198 0.0437 0.0644 -0.0390 0.0479 0.0717 0.2804 -0.0189 0.1890 0.1058 
Unit 38: -0.0470 -0.0365 0.1141 0.0377 0.0960 0.0496 -0.0539 0.0556 0.0583 -0.0138 
Unit 39: 0.1931 -0.1128 0.1194 0.0465 0.0298 0.0801 -0.0705 0.1078 -0.0459 0.0721 
Unit 40: 0.0644 -0.0964 0.0790 -0.0455 0.0111 0.0253 0.0234 0.0311 0.0200 -0.0303 
Unit 41: 0.1845 0.1467 -0.0053 0.2339 0.1942 0.0273 0.1449 0.0493 0.1884 0.2436 
Unit 42: 0.0848 0.0852 0.0502 -0.0133 -0.0085 0.1065 -0.0015 0.0806 -0.1157 -0.1087 
Unit 43: 0.1958 0.0355 0.1049 -0.0574 -0.0813 0.1540 0.0983 0.0887 -0.0117 0.0645 
Unit 44: 0.1311 0.1259 0.1190 0.1047 0.1051 0.1520 0.1190 0.0200 0.0501 0.1154 
Unit 45: 0.1764 -0.0182 -0.0467 0.1785 0.0426 -0.0165 0.0402 0.0290 -0.0398 0.0200 
Unit 46: 0.0592 -0.0226 0.0507 0.1415 0.1156 0.1847 0.0799 0.1692 0.0339 0.0576 
Unit 47: 0.2460 0.1609 0.0110 -0.0261 -0.0283 0.0089 -0.0174 0.1474 0.1321 -0.1163 
Unit 48: -0.0487 -0.0555 -0.1630 -0.1026 -0.0305 -0.0242 0.0177 -0.0039 -0.0397 0.0880 
Unit 49: 0.1706 0.0343 -0.0439 0.0883 0.0689 -0.0025 0.0105 -0.1903 0.1312 0.0296 
Unit 50: 0.0765 0.1512 0.1444 0.1169 0.1251 0.1341 0.0586 0.1196 0.1292 0.1343 
Unit 51: 0.1989 -0.1832 -0.0993 -0.0116 0.0797 0.0484 -0.1024 -0.0164 0.0917 0.0757 
Unit 52: 0.1206 0.0012 0.0497 0.1246 0.0406 0.0973 0.2025 0.0032 0.1921 0.1085 
Unit 53: 0.1373 0.0170 -0.0425 0.0169 0.0860 0.0825 0.1059 -0.0113 -0.0898 0.0445 
Unit 54: 0.0998 0.0710 0.1057 0.1134 0.0928 0.1156 0.0762 -0.0366 0.0624 0.1649 
Unit 55: 0.0753 -0.0753 -0.0608 0.0316 0.0277 0.0262 -0.0136 0.0424 0.0581 0.0216 
Unit 56: 0.0002 0.0696 -0.0496 -0.1094 -0.0438 -0.1192 -0.0727 0.0207 -0.1164 -0.0597 
Unit 57: 0.1326 0.0135 -0.1075 -0.0855 -0.0707 0.0741 0.1142 -0.1737 -0.0300 0.0114 
Unit 58: -0.0069 0.1007 -0.1173 -0.0198 -0.0527 -0.0841 -0.1331 -0.0786 -0.0984 -0.0011 
Unit 59: -0.0049 -0.1745 -0.0362 -0.0952 -0.0825 -0.2176 -0.1114 -0.0783 -0.2203 -0.1602 
Bias: 0.7157 -2.8511 0.2189 0.4290 0.2132 1.7615 0.3347 -2.2900 -0.0704 0.4351 

### Layer 1: ###
Unit 0: 0.0867 -1.0118 
Unit 1: -0.0592 -0.9238 
Unit 2: -0.1661 -0.6881 
Unit 3: -0.0083 -0.7126 
Unit 4: -0.0639 -0.7162 
Unit 5: -0.0559 -0.7754 
Unit 6: -0.1633 -0.8012 
Unit 7: -0.0936 -0.7372 
Unit 8: 0.0105 -0.8306 
Unit 9: -0.0023 -0.7108 
Bias: -0.1021 3.3918 
