
#####################################
Regularization - ALPHA^2: = 0.000e+00
#####################################
## Fold - K: 0
 - Training loss Fold 0: 10.801894 - 
 - Validation loss Fold 0: 16.005915 - 
 - Average Training loss: 10.801894 - 
 - Average Validation loss: 16.005915 - 



Best regularization - ALPHA^2: = 0.000e+00
Train on full training set...

 - Final Testing loss: 20.106018 - 

Predictions on testing set:
Argentina:
yhat: -0.23920 --- y: -1.07274
yhat: -4.06685 --- y: 5.08895

yhat: -0.59603 --- y: 1.94290
yhat: -4.63978 --- y: 4.38533

yhat: -0.72719 --- y: -1.53515
yhat: -1.14291 --- y: -4.96588

yhat: -0.47385 --- y: -0.81210
yhat: -1.38458 --- y: 7.49281

yhat: 0.02878 --- y: -1.37339
yhat: -4.02817 --- y: -6.08911

yhat: -0.12661 --- y: -0.61879
yhat: -1.24375 --- y: -5.33753

yhat: -0.24200 --- y: 1.08442
yhat: -0.41839 --- y: 4.46467


Australia:
yhat: 0.19972 --- y: -0.77960
yhat: -0.73484 --- y: -1.98606

yhat: -0.16609 --- y: -0.43629
yhat: -4.60093 --- y: 2.01989

yhat: -0.23837 --- y: -0.70953
yhat: 3.37174 --- y: 1.95770

yhat: -0.14293 --- y: -0.90210
yhat: 5.14453 --- y: 1.08317

yhat: -0.61219 --- y: -0.86859
yhat: 1.34368 --- y: 2.02634

yhat: -0.59018 --- y: -0.74779
yhat: 3.03564 --- y: 1.87226

yhat: -0.44336 --- y: -0.95890
yhat: 1.36028 --- y: -2.33178


Austria:
yhat: -0.16674 --- y: -1.20152
yhat: -0.74790 --- y: 1.78705

yhat: 0.25948 --- y: -0.31267
yhat: 2.67831 --- y: -1.55711

yhat: -0.79929 --- y: 1.28008
yhat: -5.02926 --- y: 3.21630

yhat: -0.74754 --- y: -1.05281
yhat: 0.68092 --- y: 2.83246

yhat: -0.40191 --- y: -1.05727
yhat: -3.46082 --- y: 1.47521

yhat: -0.61600 --- y: -0.42477
yhat: -1.90571 --- y: 2.29333

yhat: -0.53903 --- y: -0.91609
yhat: 1.70248 --- y: -3.02742


Belgium:
yhat: -0.47397 --- y: 1.23453
yhat: -1.39464 --- y: -3.70089

yhat: -0.44567 --- y: -0.99358
yhat: -3.66449 --- y: -1.42277

yhat: -0.33359 --- y: 1.73811
yhat: 2.81624 --- y: 3.49090

yhat: -0.65366 --- y: 3.10953
yhat: -0.70655 --- y: 3.94117

yhat: 0.32315 --- y: 2.66261
yhat: 6.54875 --- y: 4.82972

yhat: -0.06786 --- y: -2.06655
yhat: -1.06888 --- y: -2.99367

yhat: -0.23924 --- y: -2.64582
yhat: 1.55072 --- y: -3.94533


Brazil:
yhat: 0.21226 --- y: 5.48655
yhat: -1.28748 --- y: 9.77254

yhat: 0.14567 --- y: 1.01398
yhat: 4.03032 --- y: 11.05724

yhat: -0.17366 --- y: -2.62352
yhat: 0.36342 --- y: -12.05791

yhat: -0.92572 --- y: 1.83096
yhat: -4.18118 --- y: 14.24019

yhat: -0.22250 --- y: 3.83431
yhat: 3.59623 --- y: -14.63977

yhat: -0.71983 --- y: -5.40729
yhat: -4.47350 --- y: -11.73404

yhat: -0.05184 --- y: 4.25319
yhat: 1.17487 --- y: 12.37230


Canada:
yhat: 0.05463 --- y: 2.14736
yhat: 0.12824 --- y: 1.93246

yhat: -0.33502 --- y: 1.68694
yhat: -1.87483 --- y: -3.33414

yhat: -0.03862 --- y: 1.91842
yhat: -0.54803 --- y: 2.96195

yhat: 0.08275 --- y: -2.47135
yhat: 4.15597 --- y: -4.71701

yhat: -0.46666 --- y: 3.36216
yhat: -1.83554 --- y: 2.82586

yhat: -0.25711 --- y: -2.71754
yhat: -1.78900 --- y: 3.64070

yhat: 0.14263 --- y: -1.60956
yhat: 6.10324 --- y: -1.57551


Chile:
yhat: 0.20159 --- y: 2.27699
yhat: -1.45528 --- y: 6.46184

yhat: -0.12559 --- y: -1.48492
yhat: 3.38323 --- y: 7.11264

yhat: -0.74303 --- y: -1.50830
yhat: -7.15037 --- y: -6.37638

yhat: -0.73916 --- y: -1.39143
yhat: -0.90784 --- y: -6.61064

yhat: -0.51684 --- y: -0.98422
yhat: 0.08488 --- y: 9.07259

yhat: -0.09810 --- y: -0.92418
yhat: 4.72531 --- y: -7.19388

yhat: 0.09710 --- y: -0.81167
yhat: 2.43092 --- y: -2.55312


China:
yhat: -0.32858 --- y: -1.70386
yhat: 5.92359 --- y: 6.07721

yhat: -0.43872 --- y: -1.73383
yhat: 4.93047 --- y: 6.06052

yhat: -0.35323 --- y: -1.68798
yhat: 1.63118 --- y: 5.87943

yhat: -0.26747 --- y: -1.52371
yhat: 3.00758 --- y: 5.36001

yhat: -0.17198 --- y: -1.05344
yhat: 3.47583 --- y: 3.37938

yhat: 0.14070 --- y: 1.36654
yhat: 4.74418 --- y: -5.20805

yhat: 0.02903 --- y: 1.99259
yhat: -3.35502 --- y: -7.32384


Czechia:
yhat: -0.05047 --- y: -0.88737
yhat: -0.94380 --- y: -3.54611

yhat: -0.68449 --- y: 1.66390
yhat: -2.88633 --- y: -2.42819

yhat: -0.34883 --- y: -0.82834
yhat: -0.74620 --- y: 2.11145

yhat: -0.44390 --- y: -1.17797
yhat: -1.12800 --- y: 3.27190

yhat: 0.18564 --- y: -0.37920
yhat: 1.04919 --- y: 1.76783

yhat: 0.09710 --- y: -1.03419
yhat: 2.80926 --- y: -0.87725

yhat: -0.65197 --- y: -0.96111
yhat: 1.26994 --- y: -2.31560


Denmark:
yhat: -0.76984 --- y: 1.55780
yhat: -0.31601 --- y: 1.63211

yhat: 0.23965 --- y: -1.25348
yhat: 2.65765 --- y: -2.77735

yhat: 0.05493 --- y: -1.24319
yhat: -2.80628 --- y: -1.89984

yhat: -0.04716 --- y: -0.87442
yhat: -1.23751 --- y: 2.01859

yhat: -0.04008 --- y: -0.75151
yhat: -1.02401 --- y: -3.19554

yhat: -0.75190 --- y: -1.06445
yhat: -4.13697 --- y: -2.28908

yhat: -0.67008 --- y: 1.19835
yhat: -1.73573 --- y: 3.06558


Dominican_Republic:
yhat: -0.58790 --- y: -1.18033
yhat: -2.30094 --- y: -4.40388

yhat: -0.25705 --- y: 1.76919
yhat: -4.11713 --- y: -2.97327

yhat: 0.03484 --- y: -1.28666
yhat: -1.71985 --- y: 5.05698

yhat: -0.06889 --- y: -1.64160
yhat: -2.05109 --- y: -6.95844

yhat: -0.10388 --- y: -1.23126
yhat: -5.02923 --- y: 6.68782

yhat: -0.16195 --- y: 1.24790
yhat: -2.80398 --- y: -5.30229

yhat: -0.78253 --- y: -0.91920
yhat: -4.90291 --- y: 3.67469


Ecuador:
yhat: -0.29864 --- y: 3.82487
yhat: -1.95393 --- y: -6.37228

yhat: -0.21531 --- y: 2.59208
yhat: -1.43307 --- y: -5.72133

yhat: 0.21230 --- y: -3.09331
yhat: -1.28697 --- y: -5.74469

yhat: -0.37949 --- y: -3.87180
yhat: -1.13969 --- y: -8.33691

yhat: -0.84607 --- y: 3.99653
yhat: -3.20781 --- y: -6.01180

yhat: -0.64706 --- y: -4.12902
yhat: -2.00538 --- y: -10.85120

yhat: -0.89352 --- y: 3.39579
yhat: -3.61049 --- y: 10.93639


Estonia:
yhat: -0.50072 --- y: -0.32032
yhat: -1.25130 --- y: -1.53360

yhat: -0.59930 --- y: -0.38241
yhat: 1.24370 --- y: -0.40494

yhat: -0.23360 --- y: -0.44937
yhat: 0.03191 --- y: 1.80322

yhat: -0.42815 --- y: -0.34832
yhat: 3.19526 --- y: -0.97600

yhat: -0.02488 --- y: -0.89547
yhat: -0.63765 --- y: -1.22781

yhat: -0.30996 --- y: -0.77150
yhat: 0.67032 --- y: 1.72982

yhat: -0.48978 --- y: -0.43582
yhat: 0.42189 --- y: -1.53226


Finland:
yhat: -0.11646 --- y: -0.69646
yhat: 3.75004 --- y: 2.39672

yhat: -0.50558 --- y: -1.00191
yhat: 1.26201 --- y: 2.47074

yhat: 0.09333 --- y: -0.81659
yhat: -0.03879 --- y: -1.95544

yhat: -0.05255 --- y: 1.03711
yhat: -3.32865 --- y: -2.35241

yhat: -0.47902 --- y: 1.06105
yhat: -1.08095 --- y: -2.15071

yhat: -0.33821 --- y: 1.07343
yhat: 2.44797 --- y: -1.12571

yhat: -0.29942 --- y: -1.18456
yhat: -3.25024 --- y: 2.12345


France:
yhat: -0.42393 --- y: 1.47062
yhat: 1.24445 --- y: 1.95119

yhat: -0.49899 --- y: 1.84496
yhat: 2.55890 --- y: 4.29378

yhat: -0.73800 --- y: 2.36600
yhat: -3.55255 --- y: -4.60105

yhat: 0.27668 --- y: 3.00865
yhat: 9.07700 --- y: -4.87342

yhat: 0.24891 --- y: 3.13331
yhat: 2.03934 --- y: 3.45566

yhat: 0.09888 --- y: 2.66456
yhat: 2.66177 --- y: -3.02233

yhat: 0.24363 --- y: -3.83487
yhat: 0.58090 --- y: 3.62248


Germany:
yhat: -0.69959 --- y: -2.46588
yhat: -1.47361 --- y: -6.12090

yhat: -0.75565 --- y: 1.30463
yhat: -6.40348 --- y: -4.68778

yhat: -0.78995 --- y: 1.94986
yhat: -7.74696 --- y: -5.24652

yhat: -0.65580 --- y: -2.44539
yhat: -4.67206 --- y: -6.01117

yhat: -0.27508 --- y: 2.05608
yhat: -8.22405 --- y: -2.60860

yhat: 0.20447 --- y: -1.59584
yhat: -1.42588 --- y: 3.06718

yhat: -0.18756 --- y: 1.34991
yhat: -1.11409 --- y: 5.53225


Greece:
yhat: -0.02123 --- y: -0.86151
yhat: 1.53824 --- y: -1.79572

yhat: -0.71510 --- y: -0.76764
yhat: -1.23265 --- y: 2.40186

yhat: -0.50645 --- y: -0.77374
yhat: -2.29857 --- y: -1.08651

yhat: -0.20877 --- y: -0.96919
yhat: -0.19839 --- y: -1.22245

yhat: -0.61356 --- y: -0.50750
yhat: -4.30050 --- y: 1.23430

yhat: -0.56490 --- y: -0.90414
yhat: 3.74224 --- y: -0.93118

yhat: 0.13214 --- y: -0.65397
yhat: -0.62940 --- y: -1.21443


India:
yhat: -0.17818 --- y: 3.09072
yhat: 0.11730 --- y: 8.38598

yhat: -0.54131 --- y: 1.22966
yhat: 3.65000 --- y: 7.80917

yhat: 0.01561 --- y: -1.64968
yhat: 3.57749 --- y: -6.60997

yhat: -0.36886 --- y: 1.70510
yhat: -3.78652 --- y: 5.19524

yhat: -0.18734 --- y: -2.87250
yhat: -2.30586 --- y: -6.73518

yhat: -0.29380 --- y: -2.29927
yhat: -1.91612 --- y: -6.32788

yhat: -0.72318 --- y: 2.62554
yhat: -4.79890 --- y: 6.25808


Indonesia:
yhat: -0.03256 --- y: 1.59327
yhat: 2.61682 --- y: 5.82971

yhat: -0.85588 --- y: 2.42637
yhat: -0.82698 --- y: -4.30851

yhat: -0.26294 --- y: -0.72894
yhat: 3.87742 --- y: 5.87949

yhat: -0.31558 --- y: -2.25197
yhat: -3.15958 --- y: -4.49892

yhat: -0.06401 --- y: -2.03029
yhat: 0.57501 --- y: -3.37806

yhat: -0.92969 --- y: -2.06015
yhat: -7.90873 --- y: -5.56358

yhat: -0.73935 --- y: 2.30951
yhat: -0.91265 --- y: 5.00502


Iran:
yhat: -0.03615 --- y: 1.91084
yhat: 4.66609 --- y: 7.08632

yhat: -0.36559 --- y: 1.20678
yhat: -1.12941 --- y: 7.04641

yhat: -0.85378 --- y: -1.39464
yhat: 0.08283 --- y: -7.74909

yhat: -0.49731 --- y: 1.47403
yhat: -4.06270 --- y: 5.52053

yhat: -0.58891 --- y: -2.75478
yhat: -4.30717 --- y: -3.04760

yhat: -0.30214 --- y: 1.70177
yhat: 2.03613 --- y: -5.88402

yhat: 0.14961 --- y: 1.74755
yhat: 0.05074 --- y: 4.58630


Ireland:
yhat: -0.20057 --- y: 1.73897
yhat: 2.77893 --- y: -2.30659

yhat: -0.49128 --- y: 1.48770
yhat: 0.56213 --- y: 3.85189

yhat: 0.11448 --- y: 1.15695
yhat: 4.30822 --- y: 2.90560

yhat: -0.13393 --- y: -1.37281
yhat: -1.17339 --- y: 1.99197

yhat: -0.43149 --- y: -1.81819
yhat: 2.65328 --- y: 2.43845

yhat: -0.66274 --- y: -0.79108
yhat: 3.07311 --- y: -2.52127

yhat: -0.22435 --- y: 1.43060
yhat: 3.22010 --- y: -2.35054


Israel:
yhat: -0.44351 --- y: -1.08731
yhat: -3.58132 --- y: 1.10498

yhat: -0.43715 --- y: -0.96778
yhat: -2.73157 --- y: -2.29789

yhat: -0.32221 --- y: -0.82619
yhat: -1.01466 --- y: -2.00573

yhat: -0.60355 --- y: 1.01667
yhat: -2.96724 --- y: 3.01751

yhat: 0.12883 --- y: -0.93115
yhat: 5.48461 --- y: 1.97189

yhat: 0.21964 --- y: -0.55073
yhat: 0.26741 --- y: 1.52110

yhat: -0.42240 --- y: -0.75270
yhat: 1.10373 --- y: -2.32268


Italy:
yhat: 0.17462 --- y: 2.53225
yhat: 1.72846 --- y: -5.23974

yhat: -0.21617 --- y: -2.75127
yhat: -4.15833 --- y: -5.40565

yhat: -0.69904 --- y: -2.95509
yhat: -1.50406 --- y: -5.63968

yhat: -0.43909 --- y: -4.15783
yhat: -4.95279 --- y: -5.84477

yhat: 0.04640 --- y: -2.52554
yhat: 1.67416 --- y: -6.61863

yhat: 0.19869 --- y: -2.37861
yhat: -1.08994 --- y: -1.57112

yhat: -0.70709 --- y: 4.03784
yhat: -0.89625 --- y: 7.51630


Japan:
yhat: -0.63210 --- y: 1.47964
yhat: -2.22685 --- y: 3.34332

yhat: -0.68317 --- y: -1.46922
yhat: 2.43240 --- y: -2.90432

yhat: -0.16945 --- y: -1.06913
yhat: 1.11763 --- y: -3.41383

yhat: 0.03054 --- y: 1.73898
yhat: -4.47864 --- y: -2.65320

yhat: -0.00263 --- y: 1.51300
yhat: 1.50168 --- y: 2.12763

yhat: -0.72086 --- y: 1.76185
yhat: -1.21015 --- y: 1.92978

yhat: -0.25007 --- y: -1.86697
yhat: 2.82945 --- y: 1.80875


Luxembourg:
yhat: -0.32519 --- y: -0.79764
yhat: 4.65899 --- y: -0.80767

yhat: -0.29670 --- y: -0.76184
yhat: -1.69826 --- y: -1.83523

yhat: -0.42411 --- y: -0.71350
yhat: 1.37484 --- y: -0.77218

yhat: -0.21056 --- y: -0.72103
yhat: -2.75999 --- y: -1.49496

yhat: -0.20434 --- y: -0.53536
yhat: 3.26479 --- y: -1.29109

yhat: -0.02984 --- y: -0.25326
yhat: 0.25757 --- y: -1.20050

yhat: -0.23741 --- y: -0.52795
yhat: -1.18467 --- y: 1.64893


Malaysia:
yhat: -0.11545 --- y: -0.66503
yhat: -1.03672 --- y: -2.20649

yhat: -0.51405 --- y: -0.98564
yhat: -3.00218 --- y: 1.93023

yhat: -0.51611 --- y: -0.27044
yhat: -0.57703 --- y: -3.19818

yhat: -0.29543 --- y: -0.43016
yhat: -1.89880 --- y: -3.32532

yhat: -0.53176 --- y: -0.48181
yhat: -3.48056 --- y: 3.92755

yhat: -0.53039 --- y: -0.31741
yhat: 0.58237 --- y: 4.50122

yhat: -0.00356 --- y: -0.60214
yhat: 4.70935 --- y: -4.26545


Mexico:
yhat: -0.67310 --- y: 4.44675
yhat: -5.90248 --- y: 6.46093

yhat: -0.16518 --- y: 4.54420
yhat: 0.22808 --- y: 2.46047

yhat: -0.01023 --- y: -4.93744
yhat: 3.12839 --- y: 7.22090

yhat: -0.59958 --- y: 3.13531
yhat: -4.61399 --- y: -3.65177

yhat: -0.60665 --- y: 1.81978
yhat: -4.47665 --- y: -6.48456

yhat: -0.14546 --- y: -1.91081
yhat: -1.56314 --- y: 3.72479

yhat: -0.06816 --- y: -0.75885
yhat: -0.50125 --- y: 3.29157


Morocco:
yhat: -0.48856 --- y: -0.86942
yhat: 4.08241 --- y: -1.37153

yhat: -0.82500 --- y: -0.62499
yhat: -0.84488 --- y: 3.32128

yhat: -0.41640 --- y: -0.65568
yhat: 0.86098 --- y: -2.42911

yhat: 0.02756 --- y: -0.52177
yhat: 0.60472 --- y: -3.79787

yhat: 0.07522 --- y: -0.41303
yhat: 5.63472 --- y: 2.98267

yhat: -0.05381 --- y: 1.15125
yhat: 0.00458 --- y: -1.99333

yhat: -0.17060 --- y: -0.99586
yhat: 3.01720 --- y: 1.77730


Netherlands:
yhat: -0.08244 --- y: 1.50851
yhat: 0.39603 --- y: 3.75213

yhat: -0.65369 --- y: -2.05363
yhat: 3.44200 --- y: 1.54372

yhat: -0.72219 --- y: -0.74919
yhat: -3.93171 --- y: 2.22008

yhat: -0.61024 --- y: -1.86775
yhat: -1.08129 --- y: 2.34337

yhat: -0.85219 --- y: -1.79321
yhat: -6.71281 --- y: 4.35957

yhat: -0.26893 --- y: 1.71592
yhat: 2.10912 --- y: -3.19702

yhat: 0.23589 --- y: 1.47429
yhat: 2.22116 --- y: -3.34740


Norway:
yhat: -0.42118 --- y: -0.67466
yhat: -1.22007 --- y: -2.64069

yhat: -0.25468 --- y: 1.10507
yhat: -0.22687 --- y: 2.72428

yhat: -0.02710 --- y: -0.66285
yhat: 0.78649 --- y: -2.71855

yhat: 0.07415 --- y: -0.75938
yhat: 2.12543 --- y: -2.74339

yhat: 0.00767 --- y: -0.73101
yhat: 4.17288 --- y: 3.32026

yhat: -0.19349 --- y: -0.38662
yhat: 3.48675 --- y: -1.85141

yhat: -0.74135 --- y: -0.87653
yhat: -0.86033 --- y: -1.37077


Pakistan:
yhat: -0.54162 --- y: 1.92225
yhat: -1.92754 --- y: 7.42045

yhat: -0.54911 --- y: 1.30591
yhat: -2.36504 --- y: -2.86444

yhat: -0.66275 --- y: -1.50422
yhat: -2.64754 --- y: 5.92335

yhat: -0.25270 --- y: -0.92889
yhat: 1.12000 --- y: -5.92965

yhat: -0.04539 --- y: -1.30841
yhat: 2.37605 --- y: -7.18624

yhat: -0.21816 --- y: -1.92873
yhat: -1.36130 --- y: -6.68515

yhat: -0.35645 --- y: 1.87230
yhat: -5.42877 --- y: 7.21391


Panama:
yhat: -0.09473 --- y: -0.70476
yhat: -4.83216 --- y: -3.46935

yhat: -0.25815 --- y: -1.06086
yhat: -3.96871 --- y: -3.83468

yhat: -0.05115 --- y: -0.73314
yhat: -1.52743 --- y: 3.38427

yhat: -0.29296 --- y: -0.76334
yhat: -1.84037 --- y: 4.37115

yhat: -0.44211 --- y: -0.25055
yhat: 2.23165 --- y: 2.23146

yhat: -0.58555 --- y: -0.71504
yhat: 2.16083 --- y: 1.94312

yhat: -0.30262 --- y: -0.63519
yhat: -0.96749 --- y: -3.21663


Peru:
yhat: 0.02579 --- y: 2.44615
yhat: -4.58551 --- y: 7.66851

yhat: -0.04209 --- y: -2.49653
yhat: -0.11149 --- y: -9.65660

yhat: -0.38555 --- y: 1.31501
yhat: -3.19568 --- y: -7.68202

yhat: -0.62480 --- y: -3.05037
yhat: 1.33252 --- y: -6.80541

yhat: -0.15712 --- y: 3.38305
yhat: 3.37881 --- y: 11.69699

yhat: 0.13016 --- y: -2.29878
yhat: 6.01596 --- y: -8.16404

yhat: -0.27217 --- y: -0.98309
yhat: -0.04389 --- y: -4.24429


Philippines:
yhat: -0.07612 --- y: -1.13308
yhat: 0.77967 --- y: -2.72072

yhat: -0.77007 --- y: 1.75086
yhat: -3.10284 --- y: -2.86094

yhat: -0.83148 --- y: -0.49167
yhat: 0.28451 --- y: -1.91084

yhat: -0.34250 --- y: -0.78981
yhat: -0.51148 --- y: 3.13895

yhat: 0.14214 --- y: -1.47109
yhat: 6.70652 --- y: -3.76058

yhat: 0.21138 --- y: 1.14552
yhat: -1.28213 --- y: 4.48005

yhat: -0.32216 --- y: -0.52623
yhat: 5.48371 --- y: -3.59030


Poland:
yhat: -0.60525 --- y: -1.46133
yhat: 1.99922 --- y: 2.33877

yhat: -0.89429 --- y: -1.01449
yhat: -4.14065 --- y: 3.51426

yhat: -0.54048 --- y: 1.54410
yhat: 3.92102 --- y: -3.07083

yhat: -0.46749 --- y: -1.70088
yhat: -1.66110 --- y: 1.17933

yhat: 0.13820 --- y: 1.55615
yhat: 3.79770 --- y: -2.99041

yhat: -0.09279 --- y: 1.86971
yhat: -1.09057 --- y: 2.69523

yhat: 0.18356 --- y: -1.71808
yhat: 5.27052 --- y: -1.78593


Portugal:
yhat: 0.01654 --- y: -0.74604
yhat: 2.58328 --- y: 1.81550

yhat: -0.26053 --- y: -1.37584
yhat: 3.00616 --- y: -1.25825

yhat: -0.85621 --- y: -1.02614
yhat: -2.69623 --- y: 4.65367

yhat: -0.01193 --- y: -1.07616
yhat: 5.05064 --- y: -3.24428

yhat: 0.00923 --- y: 1.54819
yhat: 0.27427 --- y: 2.90266

yhat: 0.09056 --- y: -1.15509
yhat: 5.68937 --- y: 2.18839

yhat: -0.04527 --- y: -0.56321
yhat: 2.99450 --- y: -3.28045


Qatar:
yhat: -0.03056 --- y: -0.93696
yhat: -0.83769 --- y: -2.24850

yhat: -0.27044 --- y: -0.81538
yhat: -2.04221 --- y: 6.64132

yhat: -0.27736 --- y: -0.76057
yhat: 0.11550 --- y: 3.72928

yhat: -0.54119 --- y: -0.72568
yhat: -3.24225 --- y: -5.64661

yhat: -0.57491 --- y: -0.98836
yhat: -2.12095 --- y: 4.43714

yhat: -0.55246 --- y: -0.82712
yhat: 2.85068 --- y: -3.86997

yhat: 0.20627 --- y: -0.21044
yhat: 2.35556 --- y: 3.06635


Romania:
yhat: -0.64695 --- y: -1.48379
yhat: 0.49312 --- y: 1.50914

yhat: 0.06725 --- y: -1.71831
yhat: -0.83003 --- y: -3.73783

yhat: 0.10724 --- y: -1.04032
yhat: 0.31949 --- y: -3.33710

yhat: -0.57700 --- y: -1.20262
yhat: -5.94639 --- y: 2.67364

yhat: -0.87781 --- y: 2.29409
yhat: -3.20491 --- y: 4.12077

yhat: -0.57452 --- y: -0.87084
yhat: 0.19722 --- y: -2.82958

yhat: 0.09892 --- y: -1.55235
yhat: 0.39302 --- y: -2.29430


Russia:
yhat: -0.41070 --- y: 1.72654
yhat: -5.55919 --- y: 7.29722

yhat: 0.15005 --- y: 1.54962
yhat: 4.02013 --- y: 2.79522

yhat: -0.53079 --- y: -1.23897
yhat: 0.59346 --- y: 6.70135

yhat: -0.29595 --- y: 2.99076
yhat: 1.60474 --- y: -5.16491

yhat: -0.50849 --- y: -3.04817
yhat: 1.49206 --- y: 7.07561

yhat: -0.43970 --- y: 2.27764
yhat: 2.20032 --- y: 3.31110

yhat: -0.59984 --- y: -1.52185
yhat: -5.60452 --- y: -6.73430


Saudi_Arabia:
yhat: -0.73468 --- y: -0.96948
yhat: -3.57403 --- y: -2.51358

yhat: -0.64225 --- y: 1.41197
yhat: -0.08728 --- y: 3.72162

yhat: 0.26205 --- y: 1.22056
yhat: 5.81833 --- y: -4.08602

yhat: -0.13394 --- y: -0.75686
yhat: 2.27060 --- y: -2.09385

yhat: -0.30226 --- y: -1.20593
yhat: 1.41647 --- y: -2.34501

yhat: -0.64718 --- y: -1.05530
yhat: -0.24236 --- y: -3.64258

yhat: -0.76456 --- y: 1.00910
yhat: -4.61306 --- y: 3.78165


Serbia:
yhat: -0.45038 --- y: -0.90984
yhat: 0.70678 --- y: 1.74328

yhat: -0.69586 --- y: -0.98790
yhat: -2.92801 --- y: 2.54727

yhat: -0.21278 --- y: -0.59024
yhat: -0.06424 --- y: -1.69638

yhat: -0.33710 --- y: -0.78784
yhat: -0.19329 --- y: 1.34424

yhat: -0.42569 --- y: -0.91210
yhat: -1.59555 --- y: -2.77099

yhat: -0.70044 --- y: -0.79959
yhat: -0.87041 --- y: -2.19978

yhat: -0.26830 --- y: -0.55260
yhat: -4.07545 --- y: 2.50330


Singapore:
yhat: 0.15058 --- y: -0.93066
yhat: 1.60893 --- y: -4.73440

yhat: -0.30263 --- y: -0.56253
yhat: -8.19469 --- y: 4.83307

yhat: -0.10184 --- y: -0.62973
yhat: 1.75818 --- y: 6.09753

yhat: -0.09803 --- y: -0.65772
yhat: 3.89684 --- y: 4.75715

yhat: -0.85034 --- y: -0.62426
yhat: 0.09518 --- y: -4.12281

yhat: -0.42354 --- y: -0.41774
yhat: 0.05020 --- y: -3.94918

yhat: -0.34441 --- y: -0.66668
yhat: -0.14322 --- y: -2.53006


South_Africa:
yhat: -0.61631 --- y: 1.31609
yhat: -4.18048 --- y: 5.91720

yhat: -0.27087 --- y: -1.24417
yhat: 1.01590 --- y: -3.06770

yhat: -0.25032 --- y: -2.51952
yhat: 1.28079 --- y: 5.83827

yhat: -0.23555 --- y: 1.44450
yhat: -0.60278 --- y: 2.18485

yhat: -0.34908 --- y: 1.97142
yhat: -1.97348 --- y: -2.84775

yhat: -0.29062 --- y: 2.05546
yhat: 3.56759 --- y: -7.27480

yhat: -0.42935 --- y: -1.96786
yhat: -0.43701 --- y: 6.20058


South_Korea:
yhat: -0.56063 --- y: -0.88581
yhat: 2.83434 --- y: 2.55438

yhat: -0.32445 --- y: 1.24454
yhat: 5.53815 --- y: 2.38353

yhat: -0.27061 --- y: -0.84841
yhat: 3.03827 --- y: 2.54463

yhat: -0.29637 --- y: -0.79141
yhat: 2.98162 --- y: 1.36590

yhat: -0.29726 --- y: 1.02750
yhat: 2.42134 --- y: -1.86178

yhat: -0.18808 --- y: -0.82672
yhat: 2.36967 --- y: -1.99116

yhat: -0.19721 --- y: -0.84285
yhat: 0.15443 --- y: -2.24894


Spain:
yhat: 0.33170 --- y: 6.63750
yhat: 7.33342 --- y: -6.06312

yhat: 0.01846 --- y: 9.77500
yhat: -4.10174 --- y: 9.77182

yhat: 0.14342 --- y: 8.10214
yhat: 3.84676 --- y: -6.30574

yhat: -0.23971 --- y: 8.81579
yhat: -4.29854 --- y: -4.98195

yhat: -0.12082 --- y: -16.23435
yhat: 2.10260 --- y: -10.43521

yhat: -0.51059 --- y: 10.27469
yhat: -3.47822 --- y: 7.45407

yhat: -0.70138 --- y: 9.67110
yhat: 0.39883 --- y: 7.14384


Sweden:
yhat: -0.13414 --- y: -2.41185
yhat: 0.58502 --- y: 3.60622

yhat: -0.85217 --- y: -1.49581
yhat: -0.02713 --- y: 4.29845

yhat: -0.31966 --- y: 3.85220
yhat: -0.46395 --- y: -4.55314

yhat: -0.74419 --- y: -2.59006
yhat: -7.22240 --- y: -4.98876

yhat: -0.65619 --- y: -2.23543
yhat: -1.26483 --- y: 3.63438

yhat: 0.07291 --- y: 2.16239
yhat: -0.22194 --- y: 3.76750

yhat: 0.21312 --- y: -1.91222
yhat: -0.98990 --- y: -2.23703


Switzerland:
yhat: -0.47677 --- y: -0.52237
yhat: -2.99266 --- y: -1.58424

yhat: -0.18059 --- y: -1.76518
yhat: 0.65187 --- y: -3.08639

yhat: -0.08654 --- y: -1.17769
yhat: -1.96070 --- y: -3.02513

yhat: -0.87900 --- y: -1.67599
yhat: -7.56591 --- y: -3.17675

yhat: -0.47981 --- y: -1.50467
yhat: 0.00232 --- y: -2.66902

yhat: -0.06763 --- y: 1.50543
yhat: -0.11485 --- y: 2.28596

yhat: -0.29264 --- y: 1.37171
yhat: -1.41986 --- y: 3.19982


Thailand:
yhat: -0.64303 --- y: -0.52470
yhat: 2.96147 --- y: 1.17197

yhat: 0.07939 --- y: -0.62242
yhat: 1.12383 --- y: 1.35556

yhat: -0.43966 --- y: -0.68619
yhat: 2.39379 --- y: -0.65423

yhat: -0.22676 --- y: -0.92632
yhat: 0.42000 --- y: 1.28532

yhat: -0.49507 --- y: -0.69135
yhat: -2.70327 --- y: -0.98578

yhat: -0.56388 --- y: -0.55870
yhat: 1.86529 --- y: -0.68715

yhat: -0.24230 --- y: -0.54631
yhat: -0.10549 --- y: -0.90778


Turkey:
yhat: -0.02950 --- y: -1.99884
yhat: -0.85201 --- y: -6.03265

yhat: -0.21049 --- y: -1.55654
yhat: -1.60240 --- y: -5.76682

yhat: -0.10466 --- y: 1.65987
yhat: 1.51932 --- y: 5.50924

yhat: -0.14468 --- y: 2.06304
yhat: 2.86621 --- y: 6.54363

yhat: 0.16858 --- y: 2.08745
yhat: 6.69784 --- y: 6.74107

yhat: -0.50284 --- y: 2.24383
yhat: -1.92522 --- y: 6.62238

yhat: -0.47961 --- y: -2.44726
yhat: -0.22132 --- y: -7.66825


Ukraine:
yhat: -0.90866 --- y: 1.52317
yhat: -3.97562 --- y: 3.82947

yhat: -0.09272 --- y: -2.06894
yhat: 2.94948 --- y: -3.84474

yhat: -0.27357 --- y: 1.79780
yhat: -0.81906 --- y: -3.66565

yhat: 0.14835 --- y: -0.71819
yhat: 1.91258 --- y: 2.29884

yhat: -0.00755 --- y: -1.68717
yhat: 1.15583 --- y: -2.00785

yhat: -0.75019 --- y: 2.12392
yhat: -4.62752 --- y: 5.12183

yhat: -0.47161 --- y: -1.65850
yhat: 5.56076 --- y: -4.27296


United_Kingdom:
yhat: 0.00034 --- y: 3.43679
yhat: 2.17873 --- y: 7.24641

yhat: 0.01799 --- y: 3.42512
yhat: 3.49821 --- y: 9.22345

yhat: -0.91556 --- y: 2.63238
yhat: -4.00209 --- y: 7.68001

yhat: -0.03835 --- y: -3.75586
yhat: -1.96475 --- y: 2.40089

yhat: 0.21231 --- y: -3.58412
yhat: -1.28606 --- y: -8.58225

yhat: -0.22097 --- y: -4.98436
yhat: -1.48249 --- y: 11.44454

yhat: -0.44156 --- y: 4.88587
yhat: 2.17685 --- y: -9.74175


United_States_of_America:
yhat: 0.09769 --- y: -2.89365
yhat: -0.31917 --- y: 5.68043

yhat: 0.17874 --- y: 6.30131
yhat: -0.20301 --- y: 8.98066

yhat: -0.16787 --- y: 6.49668
yhat: 0.19498 --- y: -14.96620

yhat: -0.73553 --- y: 3.26647
yhat: -0.64629 --- y: 10.29658

yhat: -0.16792 --- y: -5.57814
yhat: 0.19657 --- y: -7.34961

yhat: 0.09712 --- y: -6.38196
yhat: 2.43114 --- y: -9.45555

yhat: 0.02496 --- y: 5.28059
yhat: -4.55924 --- y: 10.23541



### Layer 0: ###
Unit 0: 0.3386 -0.4112 0.2158 0.0662 0.5074 0.6683 
Unit 1: -0.0621 -0.1873 -0.2958 0.0279 -0.7512 1.0397 
Unit 2: -0.5906 -0.2173 -0.2529 0.3322 -0.1235 -0.7007 
Unit 3: -0.2214 0.6814 -0.1585 0.9145 0.2728 -0.3094 
Unit 4: -0.1539 0.1004 -0.3229 0.3015 -0.4188 0.2459 
Unit 5: 0.1924 0.2988 -0.8626 0.7848 0.1482 0.3415 
Unit 6: 0.1254 -0.2831 0.2228 0.2735 -0.3062 0.4365 
Unit 7: 0.3072 0.2087 0.0601 -0.0209 -0.0793 0.2349 
Unit 8: -0.0145 -0.1937 0.4181 0.3926 0.2152 0.0252 
Unit 9: 0.1209 -0.0868 -0.6370 0.2957 0.2351 -0.3029 
Unit 10: 0.0208 0.9441 -0.0099 0.0858 -0.6325 -0.4370 
Unit 11: 0.2461 -0.0879 0.5802 -0.5109 0.0762 0.3179 
Unit 12: -0.1571 0.0335 -0.2728 -0.1533 -0.4621 0.0842 
Unit 13: -0.5218 0.0240 0.0664 0.5012 -0.3115 0.4161 
Unit 14: -0.1432 -0.6774 0.0584 -0.3080 -0.1442 -0.0892 
Unit 15: 0.0809 0.3310 -0.1380 -0.3461 0.1998 -0.2935 
Unit 16: 0.3832 -0.4725 -0.2602 -0.3369 0.2902 0.3594 
Unit 17: -0.3815 0.2144 0.0593 0.6360 0.4327 -0.3169 
Unit 18: -0.0460 -0.5786 0.1595 0.6430 0.0112 -0.0592 
Unit 19: -0.3857 0.0111 0.2150 -0.0407 -0.2436 0.4161 
Unit 20: -0.2129 -0.3132 0.4588 0.1974 0.4193 0.2251 
Unit 21: -0.1089 -0.1676 -0.2121 -0.2012 0.1867 -0.1502 
Unit 22: 0.2921 -0.0954 -0.0861 0.4972 -0.2464 0.4526 
Unit 23: 0.1231 -0.1905 -0.0188 0.1376 0.4768 0.2751 
Unit 24: -0.7144 -0.1378 -0.8618 0.6155 -0.0495 0.2562 
Unit 25: 0.1922 -0.5467 -0.7837 0.3853 0.4848 -0.3814 
Unit 26: 0.1082 0.7055 0.3867 -0.0468 0.3746 -0.3142 
Unit 27: -0.8471 0.1163 -0.0515 0.1611 -0.0873 -0.2207 
Unit 28: -0.0548 -0.2518 -0.9728 0.6319 0.4091 0.1694 
Unit 29: 0.0236 0.3691 -0.2690 0.2816 -0.0337 0.3029 
Unit 30: 0.7855 0.3390 0.1352 0.5987 0.7288 -0.4159 
Unit 31: -0.5280 -0.0843 0.0313 0.1845 -0.3749 0.5546 
Unit 32: -0.2602 0.5429 -0.2808 0.7637 0.0202 -1.1028 
Unit 33: 0.3325 -0.2404 -0.2317 -0.5084 0.4915 0.3791 
Unit 34: 0.6992 0.1634 0.3186 0.3456 0.2346 0.1506 
Unit 35: 0.4523 0.1331 -0.3546 -0.3947 -0.0723 0.3801 
Unit 36: 0.2799 -0.4686 -0.5440 -0.5207 -0.3109 0.3298 
Unit 37: 0.5150 0.1966 -0.2977 -0.8535 0.5992 -0.7786 
Unit 38: 0.5333 -0.0657 -0.2429 -0.2753 0.2298 0.0809 
Unit 39: -0.1553 0.2458 0.2764 -0.4837 -0.2854 -0.1033 
Unit 40: 0.2983 0.3796 0.0375 -0.2144 0.0834 -0.1349 
Unit 41: -0.1407 0.4288 -0.0626 -0.5940 0.5384 -0.1983 
Unit 42: -0.5715 0.9409 0.1997 0.1246 -0.7489 0.1191 
Unit 43: -0.2984 -0.3056 0.0963 -0.5271 -0.0397 -0.0276 
Unit 44: -0.0877 0.2301 -0.8174 -0.3139 -0.5358 0.1967 
Unit 45: -0.5140 -0.5360 -0.4584 -0.5846 -0.2104 -0.2204 
Unit 46: -0.2468 0.2185 0.0019 0.7234 0.3614 0.1740 
Unit 47: -0.6062 -0.7681 0.3619 -0.4861 0.2373 0.5677 
Unit 48: 0.2227 0.1345 0.5077 -0.3324 0.2107 -0.3779 
Unit 49: 0.4699 -0.0388 0.2111 -0.3364 0.5768 0.4023 
Unit 50: -0.4351 1.2643 0.2253 -0.5157 -0.0322 -0.4276 
Unit 51: -0.4541 -0.3843 -0.4127 0.1129 0.3388 -0.3297 
Unit 52: 0.3966 0.0450 -0.4570 0.0010 0.9239 -0.1269 
Unit 53: -0.0339 0.2397 -0.2423 -0.0026 -0.1463 0.0634 
Unit 54: 0.7896 0.0894 -0.5125 0.2162 0.9049 0.6817 
Unit 55: 0.6030 0.1419 -0.4986 -0.1916 -0.0562 0.1062 
Unit 56: 0.4172 -0.2180 -0.3294 -0.2035 -0.6969 -0.0748 
Unit 57: 0.2569 0.3467 0.5063 -0.4669 0.1634 -0.2661 
Unit 58: 0.5193 -0.4405 0.1054 0.3643 -0.2082 0.1877 
Unit 59: 0.1277 0.1311 0.3201 0.0987 -0.7894 0.1132 
Bias: 0.4507 0.6376 0.2988 0.1876 0.0097 -0.3143 

### Layer 1: ###
Unit 0: 0.3134 3.8331 
Unit 1: -0.5711 -3.8271 
Unit 2: 0.1863 3.3061 
Unit 3: 0.0479 4.3529 
Unit 4: -0.0716 -4.2682 
Unit 5: 0.1152 -3.7181 
Bias: -0.3310 -0.4398 
