
#####################################
Regularization - ALPHA^2: = 0.000e+00
#####################################
## Fold - K: 0
 - Training loss Fold 0: 9.786368 - 
 - Validation loss Fold 0: 13.747634 - 
 - Average Training loss: 9.786368 - 
 - Average Validation loss: 13.747634 - 



Best regularization - ALPHA^2: = 0.000e+00
Train on full training set...

 - Final Testing loss: 21.517366 - 

Predictions on testing set:
Argentina:
yhat: 0.22274 --- y: -1.07274
yhat: 4.10344 --- y: 5.08895

yhat: -0.68647 --- y: 1.94290
yhat: -4.07409 --- y: 4.38533

yhat: 0.91870 --- y: -1.53515
yhat: 4.26495 --- y: -4.96588

yhat: -0.97311 --- y: -0.81210
yhat: -1.85541 --- y: 7.49281

yhat: -1.63770 --- y: -1.37339
yhat: -5.97564 --- y: -6.08911

yhat: 0.12173 --- y: -0.61879
yhat: -1.23370 --- y: -5.33753

yhat: -0.34343 --- y: 1.08442
yhat: -1.99937 --- y: 4.46467


Australia:
yhat: -0.97763 --- y: -0.77960
yhat: -0.13529 --- y: -1.98606

yhat: -0.95359 --- y: -0.43629
yhat: -0.86600 --- y: 2.01989

yhat: -0.49298 --- y: -0.70953
yhat: 3.53358 --- y: 1.95770

yhat: 0.37056 --- y: -0.90210
yhat: 5.02037 --- y: 1.08317

yhat: -0.60002 --- y: -0.86859
yhat: 1.75565 --- y: 2.02634

yhat: -0.48009 --- y: -0.74779
yhat: 3.42470 --- y: 1.87226

yhat: -0.46917 --- y: -0.95890
yhat: 3.34324 --- y: -2.33178


Austria:
yhat: 0.42134 --- y: -1.20152
yhat: 4.93650 --- y: 1.78705

yhat: -1.14035 --- y: -0.31267
yhat: -8.42700 --- y: -1.55711

yhat: -0.03098 --- y: 1.28008
yhat: 3.87030 --- y: 3.21630

yhat: -0.00398 --- y: -1.05281
yhat: 0.70824 --- y: 2.83246

yhat: -0.89581 --- y: -1.05727
yhat: -0.85167 --- y: 1.47521

yhat: -1.98387 --- y: -0.42477
yhat: -8.70651 --- y: 2.29333

yhat: 0.73127 --- y: -0.91609
yhat: 8.37794 --- y: -3.02742


Belgium:
yhat: -0.10107 --- y: 1.23453
yhat: -4.90229 --- y: -3.70089

yhat: -0.24526 --- y: -0.99358
yhat: -0.17539 --- y: -1.42277

yhat: -1.15538 --- y: 1.73811
yhat: -1.21754 --- y: 3.49090

yhat: -0.55512 --- y: 3.10953
yhat: 2.35644 --- y: 3.94117

yhat: 0.44650 --- y: 2.66261
yhat: 4.55078 --- y: 4.82972

yhat: -0.82397 --- y: -2.06655
yhat: 1.48888 --- y: -2.99367

yhat: -1.15821 --- y: -2.64582
yhat: -1.22960 --- y: -3.94533


Brazil:
yhat: -0.87679 --- y: 5.48655
yhat: -0.12708 --- y: 9.77254

yhat: 0.12323 --- y: 1.01398
yhat: 4.99734 --- y: 11.05724

yhat: -0.71091 --- y: -2.62352
yhat: -5.73521 --- y: -12.05791

yhat: -0.09634 --- y: 1.83096
yhat: 1.60466 --- y: 14.24019

yhat: -0.86645 --- y: 3.83431
yhat: -0.64896 --- y: -14.63977

yhat: -0.53578 --- y: -5.40729
yhat: -1.03751 --- y: -11.73404

yhat: 0.45150 --- y: 4.25319
yhat: 4.59124 --- y: 12.37230


Canada:
yhat: -0.87614 --- y: 2.14736
yhat: -2.51598 --- y: 1.93246

yhat: -0.07072 --- y: 1.68694
yhat: 0.06722 --- y: -3.33414

yhat: -0.35212 --- y: 1.91842
yhat: -0.62256 --- y: 2.96195

yhat: 0.01184 --- y: -2.47135
yhat: 7.13128 --- y: -4.71701

yhat: -1.52980 --- y: 3.36216
yhat: -5.20182 --- y: 2.82586

yhat: 0.47338 --- y: -2.71754
yhat: 1.23296 --- y: 3.64070

yhat: 0.08639 --- y: -1.60956
yhat: 2.15889 --- y: -1.57551


Chile:
yhat: 0.27544 --- y: 2.27699
yhat: -0.72755 --- y: 6.46184

yhat: -0.50374 --- y: -1.48492
yhat: 4.15636 --- y: 7.11264

yhat: -0.56973 --- y: -1.50830
yhat: -4.71998 --- y: -6.37638

yhat: -0.71833 --- y: -1.39143
yhat: -5.79849 --- y: -6.61064

yhat: -1.03948 --- y: -0.98422
yhat: -5.31584 --- y: 9.07259

yhat: -0.20281 --- y: -0.92418
yhat: -0.79288 --- y: -7.19388

yhat: -0.29902 --- y: -0.81167
yhat: -2.97602 --- y: -2.55312


China:
yhat: -0.52481 --- y: -1.70386
yhat: 3.96486 --- y: 6.07721

yhat: -0.52987 --- y: -1.73383
yhat: 3.88489 --- y: 6.06052

yhat: -0.45416 --- y: -1.68798
yhat: 4.15704 --- y: 5.87943

yhat: -0.42613 --- y: -1.52371
yhat: 1.61826 --- y: 5.36001

yhat: -0.42382 --- y: -1.05344
yhat: 1.54500 --- y: 3.37938

yhat: -0.32750 --- y: 1.36654
yhat: -0.65281 --- y: -5.20805

yhat: 0.00682 --- y: 1.99259
yhat: 0.43265 --- y: -7.32384


Czechia:
yhat: 0.41361 --- y: -0.88737
yhat: 4.23871 --- y: -3.54611

yhat: -0.66906 --- y: 1.66390
yhat: -4.16784 --- y: -2.42819

yhat: -0.47845 --- y: -0.82834
yhat: -3.63196 --- y: 2.11145

yhat: -0.77429 --- y: -1.17797
yhat: 0.01254 --- y: 3.27190

yhat: -0.34819 --- y: -0.37920
yhat: -0.92971 --- y: 1.76783

yhat: -0.04267 --- y: -1.03419
yhat: 3.82785 --- y: -0.87725

yhat: -0.29685 --- y: -0.96111
yhat: 2.56215 --- y: -2.31560


Denmark:
yhat: 0.33157 --- y: 1.55780
yhat: 5.46383 --- y: 1.63211

yhat: -0.78037 --- y: -1.25348
yhat: -4.31217 --- y: -2.77735

yhat: -0.52542 --- y: -1.24319
yhat: -0.96971 --- y: -1.89984

yhat: 0.77514 --- y: -0.87442
yhat: 4.14633 --- y: 2.01859

yhat: -0.71311 --- y: -0.75151
yhat: -5.75431 --- y: -3.19554

yhat: -0.95701 --- y: -1.06445
yhat: 0.03060 --- y: -2.28908

yhat: 0.04851 --- y: 1.19835
yhat: 3.29862 --- y: 3.06558


Dominican_Republic:
yhat: -0.47507 --- y: -1.18033
yhat: -0.44819 --- y: -4.40388

yhat: -0.35975 --- y: 1.76919
yhat: 4.27708 --- y: -2.97327

yhat: -0.47810 --- y: -1.28666
yhat: -4.32842 --- y: 5.05698

yhat: 0.34953 --- y: -1.64160
yhat: 4.27357 --- y: -6.95844

yhat: -0.24013 --- y: -1.23126
yhat: -5.04388 --- y: 6.68782

yhat: 0.34383 --- y: 1.24790
yhat: 3.84859 --- y: -5.30229

yhat: -0.54478 --- y: -0.91920
yhat: -0.50415 --- y: 3.67469


Ecuador:
yhat: -1.99514 --- y: 3.82487
yhat: -15.09673 --- y: -6.37228

yhat: -0.54495 --- y: 2.59208
yhat: -0.50550 --- y: -5.72133

yhat: 0.26553 --- y: -3.09331
yhat: -0.81199 --- y: -5.74469

yhat: 0.41987 --- y: -3.87180
yhat: -0.59869 --- y: -8.33691

yhat: -0.53330 --- y: 3.99653
yhat: -0.42503 --- y: -6.01180

yhat: 0.55695 --- y: -4.12902
yhat: 0.37592 --- y: -10.85120

yhat: -0.54495 --- y: 3.39579
yhat: -0.50550 --- y: 10.93639


Estonia:
yhat: -0.77466 --- y: -0.32032
yhat: -3.50974 --- y: -1.53360

yhat: -1.46155 --- y: -0.38241
yhat: -4.03748 --- y: -0.40494

yhat: -0.51581 --- y: -0.44937
yhat: -6.62378 --- y: 1.80322

yhat: -1.07003 --- y: -0.34832
yhat: -0.64947 --- y: -0.97600

yhat: -0.36152 --- y: -0.89547
yhat: -0.49074 --- y: -1.22781

yhat: -1.55888 --- y: -0.77150
yhat: -5.41339 --- y: 1.72982

yhat: -0.20362 --- y: -0.43582
yhat: 2.69847 --- y: -1.53226


Finland:
yhat: -0.06273 --- y: -0.69646
yhat: 2.44515 --- y: 2.39672

yhat: -1.03208 --- y: -1.00191
yhat: -1.35910 --- y: 2.47074

yhat: -0.43075 --- y: -0.81659
yhat: -2.31947 --- y: -1.95544

yhat: 0.34773 --- y: 1.03711
yhat: 0.30622 --- y: -2.35241

yhat: -0.02458 --- y: 1.06105
yhat: 3.84455 --- y: -2.15071

yhat: -0.00376 --- y: 1.07343
yhat: 0.84487 --- y: -1.12571

yhat: -0.62598 --- y: -1.18456
yhat: 0.76295 --- y: 2.12345


France:
yhat: 0.32511 --- y: 1.47062
yhat: 8.37033 --- y: 1.95119

yhat: -0.86227 --- y: 1.84496
yhat: -5.70053 --- y: 4.29378

yhat: -0.35827 --- y: 2.36600
yhat: 4.29363 --- y: -4.60105

yhat: -1.02204 --- y: 3.00865
yhat: -0.26278 --- y: -4.87342

yhat: 0.21326 --- y: 3.13331
yhat: 7.94515 --- y: 3.45566

yhat: 0.70091 --- y: 2.66456
yhat: 3.32618 --- y: -3.02233

yhat: 0.44127 --- y: -3.83487
yhat: 4.49188 --- y: 3.62248


Germany:
yhat: 0.81187 --- y: -2.46588
yhat: 3.22873 --- y: -6.12090

yhat: 0.42067 --- y: 1.30463
yhat: -0.59185 --- y: -4.68778

yhat: -2.16946 --- y: 1.94986
yhat: -10.52304 --- y: -5.24652

yhat: -0.53472 --- y: -2.44539
yhat: -1.03142 --- y: -6.01117

yhat: 0.44154 --- y: 2.05608
yhat: 0.85425 --- y: -2.60860

yhat: -0.24224 --- y: -1.59584
yhat: -5.14141 --- y: 3.06718

yhat: 0.94505 --- y: 1.34991
yhat: 4.59084 --- y: 5.53225


Greece:
yhat: -0.60726 --- y: -0.86151
yhat: -1.79110 --- y: -1.79572

yhat: -0.38666 --- y: -0.76764
yhat: -1.32934 --- y: 2.40186

yhat: -0.36003 --- y: -0.77374
yhat: 3.70195 --- y: -1.08651

yhat: -0.39317 --- y: -0.96919
yhat: 0.07754 --- y: -1.22245

yhat: -0.90730 --- y: -0.50750
yhat: -1.09802 --- y: 1.23430

yhat: -0.49450 --- y: -0.90414
yhat: 4.17710 --- y: -0.93118

yhat: -0.28314 --- y: -0.65397
yhat: -1.15805 --- y: -1.21443


India:
yhat: -0.15690 --- y: 3.09072
yhat: -4.57394 --- y: 8.38598

yhat: -0.99015 --- y: 1.22966
yhat: 0.00936 --- y: 7.80917

yhat: -0.05621 --- y: -1.64968
yhat: -0.34699 --- y: -6.60997

yhat: -0.57355 --- y: 1.70510
yhat: -1.35387 --- y: 5.19524

yhat: -0.23069 --- y: -2.87250
yhat: -0.94946 --- y: -6.73518

yhat: -0.20751 --- y: -2.29927
yhat: 4.63949 --- y: -6.32788

yhat: -0.73005 --- y: 2.62554
yhat: 0.31814 --- y: 6.25808


Indonesia:
yhat: -0.44830 --- y: 1.59327
yhat: 1.10087 --- y: 5.82971

yhat: -0.84737 --- y: 2.42637
yhat: -0.64558 --- y: -4.30851

yhat: 0.80104 --- y: -0.72894
yhat: 2.92913 --- y: 5.87949

yhat: -0.38714 --- y: -2.25197
yhat: 4.01911 --- y: -4.49892

yhat: 0.77917 --- y: -2.03029
yhat: 3.41517 --- y: -3.37806

yhat: -1.13623 --- y: -2.06015
yhat: -4.21853 --- y: -5.56358

yhat: -0.99957 --- y: 2.30951
yhat: -1.11272 --- y: 5.00502


Iran:
yhat: 0.39236 --- y: 1.91084
yhat: 5.41366 --- y: 7.08632

yhat: 0.13483 --- y: 1.20678
yhat: -1.11921 --- y: 7.04641

yhat: 0.00517 --- y: -1.39464
yhat: 0.78658 --- y: -7.74909

yhat: -1.20310 --- y: 1.47403
yhat: -6.13017 --- y: 5.52053

yhat: -1.15789 --- y: -2.75478
yhat: -1.23788 --- y: -3.04760

yhat: 0.00536 --- y: 1.70177
yhat: -2.89412 --- y: -5.88402

yhat: -0.20274 --- y: 1.74755
yhat: -0.79229 --- y: 4.58630


Ireland:
yhat: 0.63234 --- y: 1.73897
yhat: 9.14387 --- y: -2.30659

yhat: -1.02963 --- y: 1.48770
yhat: -1.00931 --- y: 3.85189

yhat: 0.43865 --- y: 1.15695
yhat: 4.51970 --- y: 2.90560

yhat: -0.46644 --- y: -1.37281
yhat: -4.27537 --- y: 1.99197

yhat: -1.09725 --- y: -1.81819
yhat: -3.23070 --- y: 2.43845

yhat: -0.87039 --- y: -0.79108
yhat: -0.32815 --- y: -2.52127

yhat: -0.59964 --- y: 1.43060
yhat: 1.58980 --- y: -2.35054


Israel:
yhat: 0.72954 --- y: -1.08731
yhat: 3.78676 --- y: 1.10498

yhat: 0.03563 --- y: -0.96778
yhat: 0.88428 --- y: -2.29789

yhat: -0.38087 --- y: -0.82619
yhat: -0.54029 --- y: -2.00573

yhat: -1.29820 --- y: 1.01667
yhat: -8.19168 --- y: 3.01751

yhat: 0.42030 --- y: -0.93115
yhat: 7.21807 --- y: 1.97189

yhat: 0.10132 --- y: -0.55073
yhat: 2.32396 --- y: 1.52110

yhat: -0.44446 --- y: -0.75270
yhat: -0.40524 --- y: -2.32268


Italy:
yhat: -0.20275 --- y: 2.53225
yhat: -0.79232 --- y: -5.23974

yhat: -0.18927 --- y: -2.75127
yhat: -2.00714 --- y: -5.40565

yhat: 0.03828 --- y: -2.95509
yhat: -2.01363 --- y: -5.63968

yhat: -1.00642 --- y: -4.15783
yhat: -5.12580 --- y: -5.84477

yhat: -1.66640 --- y: -2.52554
yhat: -6.17400 --- y: -6.61863

yhat: -1.05221 --- y: -2.37861
yhat: -5.44092 --- y: -1.57112

yhat: 0.12874 --- y: 4.03784
yhat: -1.17408 --- y: 7.51630


Japan:
yhat: -1.07176 --- y: 1.47964
yhat: -0.81100 --- y: 3.34332

yhat: 0.04658 --- y: -1.46922
yhat: 1.50647 --- y: -2.90432

yhat: -0.72510 --- y: -1.06913
yhat: -4.09083 --- y: -3.41383

yhat: -0.84121 --- y: 1.73898
yhat: -6.37990 --- y: -2.65320

yhat: 0.39006 --- y: 1.51300
yhat: 0.98495 --- y: 2.12763

yhat: -0.47901 --- y: 1.76185
yhat: -4.31824 --- y: 1.92978

yhat: -0.07243 --- y: -1.86697
yhat: 0.13438 --- y: 1.80875


Luxembourg:
yhat: -0.45778 --- y: -0.79764
yhat: 3.39180 --- y: -0.80767

yhat: -0.79452 --- y: -0.76184
yhat: -6.52674 --- y: -1.83523

yhat: -1.32327 --- y: -0.71350
yhat: -2.71717 --- y: -0.77218

yhat: -0.20530 --- y: -0.72103
yhat: -1.25989 --- y: -1.49496

yhat: 0.44792 --- y: -0.53536
yhat: 2.03264 --- y: -1.29109

yhat: -0.61558 --- y: -0.25326
yhat: -2.53308 --- y: -1.20050

yhat: -0.15837 --- y: -0.52795
yhat: 0.63182 --- y: 1.64893


Malaysia:
yhat: -0.29252 --- y: -0.66503
yhat: 0.84221 --- y: -2.20649

yhat: 0.19867 --- y: -0.98564
yhat: -2.08773 --- y: 1.93023

yhat: -1.19183 --- y: -0.27044
yhat: -4.25459 --- y: -3.19818

yhat: -0.65181 --- y: -0.43016
yhat: -5.40167 --- y: -3.32532

yhat: -0.90304 --- y: -0.48181
yhat: -1.82585 --- y: 3.92755

yhat: 0.09213 --- y: -0.31741
yhat: 0.63664 --- y: 4.50122

yhat: -0.18297 --- y: -0.60214
yhat: -0.63115 --- y: -4.26545


Mexico:
yhat: -2.18103 --- y: 4.44675
yhat: -10.56676 --- y: 6.46093

yhat: -0.21201 --- y: 4.54420
yhat: 4.73707 --- y: 2.46047

yhat: -0.08075 --- y: -4.93744
yhat: -0.52453 --- y: 7.22090

yhat: -0.35832 --- y: 3.13531
yhat: 4.29368 --- y: -3.65177

yhat: 0.65899 --- y: 1.81978
yhat: 3.18487 --- y: -6.48456

yhat: -0.86085 --- y: -1.91081
yhat: -2.21281 --- y: 3.72479

yhat: -1.00951 --- y: -0.75885
yhat: -0.17894 --- y: 3.29157


Morocco:
yhat: -0.94885 --- y: -0.86942
yhat: -0.33584 --- y: -1.37153

yhat: -0.35113 --- y: -0.62499
yhat: -4.10021 --- y: 3.32128

yhat: -1.09703 --- y: -0.65568
yhat: -0.95215 --- y: -2.42911

yhat: -0.35577 --- y: -0.52177
yhat: 3.77094 --- y: -3.79787

yhat: -0.06394 --- y: -0.41303
yhat: -0.16156 --- y: 2.98267

yhat: -0.76574 --- y: 1.15125
yhat: -0.85378 --- y: -1.99333

yhat: -0.57883 --- y: -0.99586
yhat: -2.66535 --- y: 1.77730


Netherlands:
yhat: 0.39496 --- y: 1.50851
yhat: 4.04101 --- y: 3.75213

yhat: -1.07618 --- y: -2.05363
yhat: -0.66340 --- y: 1.54372

yhat: -0.09343 --- y: -0.74919
yhat: -0.11621 --- y: 2.22008

yhat: -0.00523 --- y: -1.86775
yhat: -3.90456 --- y: 2.34337

yhat: -1.51150 --- y: -1.79321
yhat: -10.39464 --- y: 4.35957

yhat: -0.61403 --- y: 1.71592
yhat: 2.12992 --- y: -3.19702

yhat: -0.18882 --- y: 1.47429
yhat: 2.52716 --- y: -3.34740


Norway:
yhat: -1.56958 --- y: -0.67466
yhat: -5.44117 --- y: -2.64069

yhat: -0.88980 --- y: 1.10507
yhat: -0.73147 --- y: 2.72428

yhat: -0.27608 --- y: -0.66285
yhat: -0.26511 --- y: -2.71855

yhat: -0.94396 --- y: -0.75938
yhat: -6.00619 --- y: -2.74339

yhat: -0.65081 --- y: -0.73101
yhat: 1.42406 --- y: 3.32026

yhat: 0.06239 --- y: -0.38662
yhat: 5.15029 --- y: -1.85141

yhat: -0.79886 --- y: -0.87653
yhat: -1.85301 --- y: -1.37077


Pakistan:
yhat: -1.15729 --- y: 1.92225
yhat: -1.22354 --- y: 7.42045

yhat: -0.07174 --- y: 1.30591
yhat: 0.12776 --- y: -2.86444

yhat: -0.83948 --- y: -1.50422
yhat: -1.28731 --- y: 5.92335

yhat: -1.67669 --- y: -0.92889
yhat: -5.65027 --- y: -5.92965

yhat: -0.72541 --- y: -1.30841
yhat: -0.29887 --- y: -7.18624

yhat: -1.00370 --- y: -1.92873
yhat: -0.77465 --- y: -6.68515

yhat: 0.60326 --- y: 1.87230
yhat: 1.36741 --- y: 7.21391


Panama:
yhat: -0.02043 --- y: -0.70476
yhat: -2.54387 --- y: -3.46935

yhat: -0.10941 --- y: -1.06086
yhat: -3.89261 --- y: -3.83468

yhat: 0.25894 --- y: -0.73314
yhat: -1.61243 --- y: 3.38427

yhat: 0.26449 --- y: -0.76334
yhat: -0.18904 --- y: 4.37115

yhat: -0.70640 --- y: -0.25055
yhat: -5.71541 --- y: 2.23146

yhat: -0.69866 --- y: -0.71504
yhat: -0.70905 --- y: 1.94312

yhat: -0.85373 --- y: -0.63519
yhat: -0.87189 --- y: -3.21663


Peru:
yhat: 0.35285 --- y: 2.44615
yhat: 6.25246 --- y: 7.66851

yhat: 0.45191 --- y: -2.49653
yhat: 4.59524 --- y: -9.65660

yhat: 0.55719 --- y: 1.31501
yhat: 0.37793 --- y: -7.68202

yhat: 0.55132 --- y: -3.05037
yhat: 0.35133 --- y: -6.80541

yhat: -0.39846 --- y: 3.38305
yhat: -0.06090 --- y: 11.69699

yhat: -0.12562 --- y: -2.29878
yhat: -0.16300 --- y: -8.16404

yhat: -0.38919 --- y: -0.98309
yhat: -5.58994 --- y: -4.24429


Philippines:
yhat: 1.06485 --- y: -1.13308
yhat: 5.31616 --- y: -2.72072

yhat: -1.62762 --- y: 1.75086
yhat: -5.90616 --- y: -2.86094

yhat: 0.19503 --- y: -0.49167
yhat: 5.23416 --- y: -1.91084

yhat: -1.17447 --- y: -0.78981
yhat: -8.85384 --- y: 3.13895

yhat: -0.54534 --- y: -1.47109
yhat: 3.80062 --- y: -3.76058

yhat: 0.90029 --- y: 1.14552
yhat: 3.40547 --- y: 4.48005

yhat: -0.02670 --- y: -0.52623
yhat: 3.91251 --- y: -3.59030


Poland:
yhat: -1.01921 --- y: -1.46133
yhat: -0.23873 --- y: 2.33877

yhat: -0.43729 --- y: -1.01449
yhat: -0.03926 --- y: 3.51426

yhat: 0.12873 --- y: 1.54410
yhat: -1.16771 --- y: -3.07083

yhat: -1.46054 --- y: -1.70088
yhat: -4.77042 --- y: 1.17933

yhat: -0.35887 --- y: 1.55615
yhat: 4.28577 --- y: -2.99041

yhat: 0.33502 --- y: 1.86971
yhat: -0.58843 --- y: 2.69523

yhat: 0.28161 --- y: -1.71808
yhat: 9.55949 --- y: -1.78593


Portugal:
yhat: -0.40868 --- y: -0.74604
yhat: -0.30196 --- y: 1.81550

yhat: -0.05456 --- y: -1.37584
yhat: -0.36028 --- y: -1.25825

yhat: -0.02758 --- y: -1.02614
yhat: 3.90929 --- y: 4.65367

yhat: 0.29549 --- y: -1.07616
yhat: 8.84226 --- y: -3.24428

yhat: -0.85121 --- y: 1.54819
yhat: -0.51689 --- y: 2.90266

yhat: -0.55235 --- y: -1.15509
yhat: 3.09852 --- y: 2.18839

yhat: 0.21058 --- y: -0.56321
yhat: 2.28386 --- y: -3.28045


Qatar:
yhat: -0.26961 --- y: -0.93696
yhat: -1.19865 --- y: -2.24850

yhat: 0.20889 --- y: -0.81538
yhat: -1.60323 --- y: 6.64132

yhat: -0.20229 --- y: -0.76057
yhat: 0.06647 --- y: 3.72928

yhat: 0.72389 --- y: -0.72568
yhat: 3.70367 --- y: -5.64661

yhat: -1.62980 --- y: -0.98836
yhat: -5.95546 --- y: 4.43714

yhat: -0.42343 --- y: -0.82712
yhat: 3.74060 --- y: -3.86997

yhat: 0.44508 --- y: -0.21044
yhat: -0.38910 --- y: 3.06635


Romania:
yhat: -1.98284 --- y: -1.48379
yhat: -8.69454 --- y: 1.50914

yhat: -0.19534 --- y: -1.71831
yhat: -0.71887 --- y: -3.73783

yhat: -0.06827 --- y: -1.04032
yhat: 3.55795 --- y: -3.33710

yhat: -0.65366 --- y: -1.20262
yhat: -0.49984 --- y: 2.67364

yhat: -0.95267 --- y: 2.29409
yhat: -0.11254 --- y: 4.12077

yhat: -0.09232 --- y: -0.87084
yhat: -0.65381 --- y: -2.82958

yhat: -0.28415 --- y: -1.55235
yhat: 2.37411 --- y: -2.29430


Russia:
yhat: 0.61294 --- y: 1.72654
yhat: 3.35878 --- y: 7.29722

yhat: 0.62839 --- y: 1.54962
yhat: 9.28490 --- y: 2.79522

yhat: -0.24090 --- y: -1.23897
yhat: 5.25941 --- y: 6.70135

yhat: -0.29936 --- y: 2.99076
yhat: 4.77798 --- y: -5.16491

yhat: -0.07761 --- y: -3.04817
yhat: 1.46522 --- y: 7.07561

yhat: -0.20295 --- y: 2.27764
yhat: -0.79426 --- y: 3.31110

yhat: -1.37999 --- y: -1.52185
yhat: -5.02276 --- y: -6.73430


Saudi_Arabia:
yhat: -0.30914 --- y: -0.96948
yhat: 2.68335 --- y: -2.51358

yhat: -1.00018 --- y: 1.41197
yhat: 0.01310 --- y: 3.72162

yhat: 0.29497 --- y: 1.22056
yhat: 9.67158 --- y: -4.08602

yhat: -1.00641 --- y: -0.75686
yhat: -0.76117 --- y: -2.09385

yhat: 0.14099 --- y: -1.20593
yhat: 8.21277 --- y: -2.34501

yhat: -0.75675 --- y: -1.05530
yhat: -0.41722 --- y: -3.64258

yhat: -0.19665 --- y: 1.00910
yhat: -0.74935 --- y: 3.78165


Serbia:
yhat: -0.43047 --- y: -0.90984
yhat: 3.79452 --- y: 1.74328

yhat: -0.72087 --- y: -0.98790
yhat: -5.21185 --- y: 2.54727

yhat: -0.71293 --- y: -0.59024
yhat: -4.94439 --- y: -1.69638

yhat: -0.55749 --- y: -0.78784
yhat: -0.62883 --- y: 1.34424

yhat: 0.05834 --- y: -0.91210
yhat: 0.30399 --- y: -2.77099

yhat: 0.22998 --- y: -0.79959
yhat: 4.78249 --- y: -2.19978

yhat: -0.54700 --- y: -0.55260
yhat: -4.00002 --- y: 2.50330


Singapore:
yhat: -0.25012 --- y: -0.93066
yhat: -4.37428 --- y: -4.73440

yhat: -0.71201 --- y: -0.56253
yhat: -5.74075 --- y: 4.83307

yhat: -0.34821 --- y: -0.62973
yhat: -0.90668 --- y: 6.09753

yhat: -0.56411 --- y: -0.65772
yhat: -4.32096 --- y: 4.75715

yhat: -0.83192 --- y: -0.62426
yhat: 0.44314 --- y: -4.12281

yhat: -1.15475 --- y: -0.41774
yhat: -1.21998 --- y: -3.94918

yhat: -1.29403 --- y: -0.66668
yhat: -4.25619 --- y: -2.53006


South_Africa:
yhat: -0.73009 --- y: 1.31609
yhat: 0.31935 --- y: 5.91720

yhat: -0.21264 --- y: -1.24417
yhat: -3.16318 --- y: -3.06770

yhat: 0.34322 --- y: -2.51952
yhat: 0.30734 --- y: 5.83827

yhat: 0.44453 --- y: 1.44450
yhat: 4.52425 --- y: 2.18485

yhat: -0.58466 --- y: 1.97142
yhat: -2.81161 --- y: -2.84775

yhat: -0.99809 --- y: 2.05546
yhat: -0.08383 --- y: -7.27480

yhat: 0.55619 --- y: -1.96786
yhat: 0.38936 --- y: 6.20058


South_Korea:
yhat: -0.33079 --- y: -0.88581
yhat: -0.81504 --- y: 2.55438

yhat: -0.29758 --- y: 1.24454
yhat: 2.89204 --- y: 2.38353

yhat: -0.17125 --- y: -0.84841
yhat: -0.50855 --- y: 2.54463

yhat: -0.02839 --- y: -0.79141
yhat: 0.68321 --- y: 1.36590

yhat: -1.29410 --- y: 1.02750
yhat: -3.74552 --- y: -1.86178

yhat: -1.14116 --- y: -0.82672
yhat: -1.26963 --- y: -1.99116

yhat: -0.39990 --- y: -0.84285
yhat: 3.38457 --- y: -2.24894


Spain:
yhat: 0.78355 --- y: 6.63750
yhat: 4.21487 --- y: -6.06312

yhat: -0.21842 --- y: 9.77500
yhat: 3.37393 --- y: 9.77182

yhat: 0.04171 --- y: 8.10214
yhat: 1.78925 --- y: -6.30574

yhat: 0.75722 --- y: 8.81579
yhat: 4.09518 --- y: -4.98195

yhat: -1.00016 --- y: -16.23435
yhat: -0.73311 --- y: -10.43521

yhat: -1.38475 --- y: 10.27469
yhat: -5.06807 --- y: 7.45407

yhat: -1.08448 --- y: 9.67110
yhat: -2.50791 --- y: 7.14384


Sweden:
yhat: -1.00401 --- y: -2.41185
yhat: -1.53999 --- y: 3.60622

yhat: 1.06358 --- y: -1.49581
yhat: 5.30849 --- y: 4.29845

yhat: 0.42083 --- y: 3.85220
yhat: -0.59048 --- y: -4.55314

yhat: -0.02674 --- y: -2.59006
yhat: 3.91285 --- y: -4.98876

yhat: -0.81893 --- y: -2.23543
yhat: -6.48018 --- y: 3.63438

yhat: 0.32932 --- y: 2.16239
yhat: -0.12663 --- y: 3.76750

yhat: 0.06510 --- y: -1.91222
yhat: -0.29386 --- y: -2.23703


Switzerland:
yhat: -0.48173 --- y: -0.52237
yhat: 3.20104 --- y: -1.58424

yhat: 0.10520 --- y: -1.76518
yhat: -1.42168 --- y: -3.08639

yhat: -0.41772 --- y: -1.17769
yhat: -7.10892 --- y: -3.02513

yhat: -1.12286 --- y: -1.67599
yhat: -8.57896 --- y: -3.17675

yhat: -1.15237 --- y: -1.50467
yhat: -4.80044 --- y: -2.66902

yhat: -1.02094 --- y: 1.50543
yhat: -5.27440 --- y: 2.28596

yhat: -0.27613 --- y: 1.37171
yhat: -5.11266 --- y: 3.19982


Thailand:
yhat: -0.51094 --- y: -0.52470
yhat: 3.91541 --- y: 1.17197

yhat: -0.25268 --- y: -0.62242
yhat: -0.41769 --- y: 1.35556

yhat: 0.17345 --- y: -0.68619
yhat: 3.01995 --- y: -0.65423

yhat: -0.84478 --- y: -0.92632
yhat: 0.91068 --- y: 1.28532

yhat: -0.40665 --- y: -0.69135
yhat: 3.82535 --- y: -0.98578

yhat: -0.43304 --- y: -0.55870
yhat: 0.58218 --- y: -0.68715

yhat: -0.87592 --- y: -0.54631
yhat: -0.72909 --- y: -0.90778


Turkey:
yhat: -0.71081 --- y: -1.99884
yhat: -5.73426 --- y: -6.03265

yhat: -0.57468 --- y: -1.55654
yhat: -4.76789 --- y: -5.76682

yhat: -0.80452 --- y: 1.65987
yhat: -6.37709 --- y: 5.50924

yhat: -1.00904 --- y: 2.06304
yhat: -0.19497 --- y: 6.54363

yhat: -1.07336 --- y: 2.08745
yhat: -3.68304 --- y: 6.74107

yhat: 0.12884 --- y: 2.24383
yhat: -1.17113 --- y: 6.62238

yhat: -0.27124 --- y: -2.44726
yhat: -5.09382 --- y: -7.66825


Ukraine:
yhat: -0.06525 --- y: 1.52317
yhat: 2.98266 --- y: 3.82947

yhat: -0.33302 --- y: -2.06894
yhat: 1.26900 --- y: -3.84474

yhat: -0.57453 --- y: 1.79780
yhat: -4.76673 --- y: -3.66565

yhat: -0.38112 --- y: -0.71819
yhat: 0.25450 --- y: 2.29884

yhat: 0.08282 --- y: -1.68717
yhat: 2.04640 --- y: -2.00785

yhat: -0.68583 --- y: 2.12392
yhat: -5.68566 --- y: 5.12183

yhat: -0.86440 --- y: -1.65850
yhat: -5.33657 --- y: -4.27296


United_Kingdom:
yhat: 0.41070 --- y: 3.43679
yhat: -0.06663 --- y: 7.24641

yhat: 0.28613 --- y: 3.42512
yhat: 9.58466 --- y: 9.22345

yhat: -0.86621 --- y: 2.63238
yhat: 0.69300 --- y: 7.68001

yhat: -0.06639 --- y: -3.75586
yhat: 0.17606 --- y: 2.40089

yhat: 0.11968 --- y: -3.58412
yhat: 4.35688 --- y: -8.58225

yhat: -1.15819 --- y: -4.98436
yhat: -1.23022 --- y: 11.44454

yhat: -0.72104 --- y: 4.88587
yhat: -5.21142 --- y: -9.74175


United_States_of_America:
yhat: 0.29601 --- y: -2.89365
yhat: 9.67849 --- y: 5.68043

yhat: 1.05662 --- y: 6.30131
yhat: 4.69505 --- y: 8.98066

yhat: -0.06662 --- y: 6.49668
yhat: 0.17451 --- y: -14.96620

yhat: -1.66574 --- y: 3.26647
yhat: -6.16857 --- y: 10.29658

yhat: -0.86477 --- y: -5.57814
yhat: -5.33712 --- y: -7.34961

yhat: -0.37002 --- y: -6.38196
yhat: -6.03834 --- y: -9.45555

yhat: 0.37589 --- y: 5.28059
yhat: -0.22452 --- y: 10.23541



### Layer 0: ###
Unit 0: 1.1865 -1.4122 -0.1348 0.4663 1.1126 -1.1975 
Unit 1: -0.2137 0.8414 1.0591 0.3891 -0.0461 -0.2925 
Unit 2: -1.2040 0.3792 0.5695 -0.4137 -0.5993 0.1168 
Unit 3: 0.2832 -0.6580 -0.7127 0.4223 0.7677 0.2983 
Unit 4: 0.5692 -0.3356 0.6492 0.6215 0.5029 0.3218 
Unit 5: 0.3061 1.5978 -0.1247 -1.4055 -0.7340 0.2504 
Unit 6: 0.2962 0.8076 -0.0941 0.6892 0.2866 2.4111 
Unit 7: -0.7425 -0.7709 -0.5314 -0.6145 0.0340 -1.0492 
Unit 8: -0.3439 0.1245 1.6883 0.0367 -0.7820 -0.8916 
Unit 9: 1.5140 -1.1777 -0.4132 -0.7137 0.1915 0.2644 
Unit 10: 0.2193 -0.2148 0.0084 0.0082 0.4384 -0.2786 
Unit 11: -0.2117 0.1832 -0.2590 -0.0158 0.2720 -0.2035 
Unit 12: -0.8608 -0.4947 -0.8663 -1.0054 -1.4729 -0.2315 
Unit 13: -0.3873 -0.3242 0.4338 -0.5353 -1.2807 -0.2621 
Unit 14: -0.3370 -0.1853 -0.1287 -0.6272 0.5263 -0.2786 
Unit 15: 0.3468 0.5678 0.5550 -0.3750 -0.6339 -0.6281 
Unit 16: -2.5759 -0.5145 0.9504 -0.2774 -1.7914 -1.7157 
Unit 17: -0.6760 0.5830 -0.2365 0.3789 -0.7315 0.7361 
Unit 18: -1.1183 -2.1878 -0.5407 -0.0376 1.7009 -1.5542 
Unit 19: 0.1934 0.5600 1.0483 0.6615 -0.2333 -0.4497 
Unit 20: 1.1212 -1.6027 -0.8581 -0.9095 0.7515 -0.4177 
Unit 21: 0.3224 -0.0351 -0.3071 -0.8361 -0.5830 0.1704 
Unit 22: -0.0500 -1.7047 0.3913 -0.3745 -0.7435 -0.7346 
Unit 23: 0.2195 1.4219 0.4076 0.1428 1.6401 -0.4773 
Unit 24: -1.2571 1.1877 0.2257 1.1481 -0.7744 -0.3837 
Unit 25: -0.5809 -0.8534 -0.9252 -1.3365 -1.2973 0.6776 
Unit 26: 0.3889 0.9040 -0.0006 -0.0004 0.4937 1.1259 
Unit 27: 0.8258 0.9546 -0.2001 0.1797 0.3652 0.8113 
Unit 28: -1.5062 1.3014 0.6662 -0.5151 -1.4190 -2.1954 
Unit 29: 0.4031 0.3199 0.3251 -0.1780 -0.5924 -0.4865 
Unit 30: 0.3942 0.8528 0.8879 0.0203 0.1158 0.9560 
Unit 31: 1.1549 -0.4497 -0.0877 -0.7040 0.1505 -0.0262 
Unit 32: -0.4196 0.6233 0.8185 -0.1213 -0.5336 -0.3353 
Unit 33: 1.1386 1.1400 0.2498 -1.3818 -0.0399 -0.6310 
Unit 34: -1.2377 -0.3524 -1.5418 -0.4994 0.0284 0.5999 
Unit 35: 0.1098 0.8839 0.7944 0.2033 -0.1860 -0.3795 
Unit 36: -0.2114 -0.1060 0.4462 1.3901 -0.2052 -0.5623 
Unit 37: 1.9663 -0.1866 -0.3024 -1.0942 -0.5933 0.7699 
Unit 38: -0.7342 1.0437 -0.9785 0.3765 -0.0718 0.1026 
Unit 39: 0.7968 -0.2316 -0.6464 -1.9279 0.7818 -0.9475 
Unit 40: 0.7494 -0.1456 -1.9206 -0.4364 1.3016 0.9682 
Unit 41: 0.5450 1.8486 0.4677 -1.1181 -1.6880 0.1187 
Unit 42: 0.7368 -0.0349 -0.3360 -0.7174 0.2537 -0.0335 
Unit 43: 0.4079 -0.3794 0.6396 1.0285 0.0025 -0.5328 
Unit 44: 1.2392 0.1529 0.1260 -1.7765 0.0696 -1.6409 
Unit 45: -0.3351 1.5746 -0.1037 -1.1559 -0.1493 0.0306 
Unit 46: 0.6964 1.8245 0.3045 -0.4253 -0.5368 1.0756 
Unit 47: -0.2573 -0.1789 -0.5407 -0.0650 0.5687 -0.1103 
Unit 48: -1.3349 -0.1648 -0.1662 0.1641 -1.1644 -0.4572 
Unit 49: 0.3573 0.9703 0.0982 -0.8472 -0.9951 0.5150 
Unit 50: -0.1787 0.7732 0.2848 1.1711 -1.3230 0.5035 
Unit 51: 0.8450 0.0074 0.9565 -0.0746 -0.4053 -0.8081 
Unit 52: 1.2775 1.1100 -0.9576 -0.7171 0.1091 0.2929 
Unit 53: 1.6807 0.3398 0.2340 -0.7273 -0.3178 0.5255 
Unit 54: -0.1615 1.6300 -0.3112 -0.9538 -0.1631 -0.7178 
Unit 55: 1.1359 0.1863 -0.0920 0.2746 0.2550 1.1561 
Unit 56: -1.3332 0.5413 -0.1604 1.0380 0.7512 0.0943 
Unit 57: 0.5990 -0.7384 -0.1914 -0.6225 0.0565 -0.5305 
Unit 58: 0.5155 -0.8414 -0.2350 -0.7564 0.9195 0.3157 
Unit 59: -0.3341 -1.4375 0.3380 1.5062 0.6830 -0.1497 
Bias: 0.9052 -1.0873 0.7199 1.8615 1.1308 -2.3572 

### Layer 1: ###
Unit 0: -0.6547 -5.3875 
Unit 1: -0.5082 -4.9429 
Unit 2: 0.8001 5.5252 
Unit 3: -1.1317 -5.1448 
Unit 4: 0.5183 4.4191 
Unit 5: -0.1555 5.0863 
Bias: 0.2652 -0.2043 
