0.000000 11.519065 16.363918
0.010101 11.532459 16.578844
0.020202 11.490911 16.595295
0.030303 11.460724 15.652782
0.040404 11.590932 16.436388
0.050505 11.533652 15.930085
0.060606 11.534319 17.379648
0.070707 11.529699 16.447752
0.080808 11.518409 16.806997
0.090909 11.592134 15.590526
0.101010 11.586294 15.911163
0.111111 11.534932 16.230553
0.121212 11.553453 15.745488
0.131313 11.575470 15.667439
0.141414 11.659384 15.462130
0.151515 11.645295 15.511393
0.161616 11.674739 15.289034
0.171717 11.754924 15.364608
0.181818 11.871301 14.758605
0.191919 11.888712 15.137243
0.202020 12.014605 15.253828
0.212121 12.044941 14.615739
0.222222 12.118615 14.675345
0.232323 12.234841 14.640186
0.242424 12.325476 14.268773
0.252525 12.406814 14.107408
0.262626 12.461420 14.501524
0.272727 12.622068 14.396063
0.282828 12.632030 14.370065
0.292929 12.779221 14.112091
0.303030 12.832189 14.152284
0.313131 12.937418 14.284863
0.323232 12.997941 14.309424
0.333333 13.071956 14.085859
0.343434 13.161509 14.201889
0.353535 13.251524 14.037855
0.363636 13.298217 13.996100
0.373737 13.387910 13.859360
0.383838 13.443005 13.907297
0.393939 13.533442 13.888900
0.404040 13.571970 13.873448
0.414141 13.647705 13.653937
0.424242 13.668513 13.851510
0.434343 13.755354 13.688305
0.444444 13.795301 13.733240
0.454545 13.874548 13.728084
0.464646 13.926321 13.773418
0.474747 13.958003 13.723766
0.484848 14.025310 13.687051
0.494949 14.089105 13.601288
0.505050 14.139650 13.725854
0.515152 14.180717 13.653666
0.525253 14.238817 13.665043
0.535354 14.295658 13.696033
0.545455 14.338094 13.666099
0.555556 14.390371 13.649626
0.565657 14.430949 13.604692
0.575758 14.476904 13.584596
0.585859 14.516582 13.643866
0.595960 14.557323 13.603026
0.606061 14.596749 13.613570
0.616162 14.638504 13.574553
0.626263 14.681036 13.594404
0.636364 14.710290 13.606620
0.646465 14.746642 13.596838
0.656566 14.780425 13.593586
0.666667 14.809743 13.580619
0.676768 14.848492 13.579451
0.686869 14.885484 13.574944
0.696970 14.917593 13.568505
0.707071 14.947623 13.567709
0.717172 14.976340 13.560878
0.727273 15.005624 13.550385
0.737374 15.028193 13.547602
0.747475 15.050585 13.557283
0.757576 15.072160 13.548503
0.767677 15.092887 13.543507
0.777778 15.112853 13.547624
0.787879 15.132873 13.566555
0.797980 15.152965 13.564427
0.808081 15.172419 13.572459
0.818182 15.191838 13.579395
0.828283 15.210801 13.585405
0.838384 15.229188 13.592484
0.848485 15.247099 13.599038
0.858586 15.264596 13.605124
0.868687 15.282067 13.611312
0.878788 15.299294 13.619208
0.888889 15.316619 13.624401
0.898990 15.333695 13.631068
0.909091 15.350600 13.638101
0.919192 15.367354 13.643282
0.929293 15.383964 13.651781
0.939394 15.400419 13.659338
0.949495 15.416702 13.666964
0.959596 15.432857 13.674169
0.969697 15.448838 13.681542
0.979798 15.464626 13.689428
0.989899 15.480245 13.697347
1.000000 15.495688 13.705288
1.010101 15.510956 13.713231
1.020202 15.526031 13.721175
1.030303 15.540919 13.729092
1.040404 15.555608 13.736982
1.050505 15.570101 13.744813
1.060606 15.584381 13.752584
1.070707 15.598464 13.760270
1.080808 15.612320 13.767861
1.090909 15.625963 13.775333
1.101010 15.639379 13.782678
1.111111 15.652564 13.789881
1.121212 15.665512 13.796929
1.131313 15.678216 13.803820
1.141414 15.690679 13.810542
1.151515 15.702896 13.817102
1.161616 15.714859 13.823491
1.171717 15.726571 13.829705
1.181818 15.738027 13.835748
1.191919 15.749223 13.841603
1.202020 15.760161 13.847266
1.212121 15.770837 13.852731
1.222222 15.781237 13.857967
1.232323 15.791365 13.862976
1.242424 15.801208 13.867750
1.252525 15.810770 13.872278
1.262626 15.820045 13.876574
1.272727 15.829035 13.880648
1.282828 15.837748 13.884518
1.292929 15.846192 13.888188
1.303030 15.854375 13.891685
1.313131 15.862310 13.895023
1.323232 15.870002 13.898210
1.333333 15.877465 13.901255
1.343434 15.884709 13.904176
1.353535 15.891732 13.906974
1.363636 15.898546 13.909657
1.373737 15.905163 13.912233
1.383838 15.911584 13.914701
1.393939 15.917809 13.917069
1.404040 15.923849 13.919340
1.414141 15.929709 13.921519
1.424242 15.935398 13.923608
1.434343 15.940904 13.925600
1.444444 15.946245 13.927510
1.454545 15.951420 13.929333
1.464646 15.956432 13.931071
1.474747 15.961282 13.932726
1.484848 15.965975 13.934298
1.494949 15.970513 13.935786
1.505050 15.974897 13.937194
1.515152 15.979131 13.938522
1.525253 15.983215 13.939773
1.535354 15.987152 13.940935
1.545455 15.990916 13.941947
1.555556 15.994425 13.942488
1.565657 15.997355 13.942412
1.575758 15.998467 13.941889
1.585859 15.998579 13.941642
1.595960 15.998587 13.941619
1.606061 15.998587 13.941618
1.616162 15.998587 13.941618
1.626263 15.998587 13.941618



Best regularization - ALPHA = 0.767677 - ALPHA^2: = 0.589328
Train on full training set...

 - Final Testing loss: 15.210886 - 

Predictions on testing set:
Argentina:
yhat: -0.35831 --- y: -1.07274
yhat: -1.12577 --- y: 5.08895

yhat: -0.31877 --- y: 1.94290
yhat: -0.33663 --- y: 4.38533

yhat: -0.33392 --- y: -1.53515
yhat: -0.63286 --- y: -4.96588

yhat: -0.31586 --- y: -0.81210
yhat: -0.36836 --- y: 7.49281

yhat: -0.32766 --- y: -1.37339
yhat: -0.45416 --- y: -6.08911

yhat: -0.33774 --- y: -0.61879
yhat: -0.74582 --- y: -5.33753

yhat: -0.34621 --- y: 1.08442
yhat: -0.87164 --- y: 4.46467


Australia:
yhat: -0.31368 --- y: -0.77960
yhat: -0.19794 --- y: -1.98606

yhat: -0.31618 --- y: -0.43629
yhat: -0.25787 --- y: 2.01989

yhat: -0.30336 --- y: -0.70953
yhat: 0.07355 --- y: 1.95770

yhat: -0.28229 --- y: -0.90210
yhat: 0.48251 --- y: 1.08317

yhat: -0.30356 --- y: -0.86859
yhat: 0.03150 --- y: 2.02634

yhat: -0.29649 --- y: -0.74779
yhat: 0.18926 --- y: 1.87226

yhat: -0.29511 --- y: -0.95890
yhat: 0.20218 --- y: -2.33178


Austria:
yhat: -0.31335 --- y: -1.20152
yhat: -0.23519 --- y: 1.78705

yhat: -0.32197 --- y: -0.31267
yhat: -0.37421 --- y: -1.55711

yhat: -0.34195 --- y: 1.28008
yhat: -0.81045 --- y: 3.21630

yhat: -0.29417 --- y: -1.05281
yhat: 0.27576 --- y: 2.83246

yhat: -0.30850 --- y: -1.05727
yhat: -0.10587 --- y: 1.47521

yhat: -0.31758 --- y: -0.42477
yhat: -0.28190 --- y: 2.29333

yhat: -0.31261 --- y: -0.91609
yhat: -0.19177 --- y: -3.02742


Belgium:
yhat: -0.35376 --- y: 1.23453
yhat: -1.06801 --- y: -3.70089

yhat: -0.36046 --- y: -0.99358
yhat: -1.19112 --- y: -1.42277

yhat: -0.30416 --- y: 1.73811
yhat: 0.09173 --- y: 3.49090

yhat: -0.30748 --- y: 3.10953
yhat: 0.08067 --- y: 3.94117

yhat: -0.25991 --- y: 2.66261
yhat: 1.00914 --- y: 4.82972

yhat: -0.28269 --- y: -2.06655
yhat: 0.53683 --- y: -2.99367

yhat: -0.26728 --- y: -2.64582
yhat: 0.80421 --- y: -3.94533


Brazil:
yhat: -0.31486 --- y: 5.48655
yhat: -0.15265 --- y: 9.77254

yhat: -0.25664 --- y: 1.01398
yhat: 1.12809 --- y: 11.05724

yhat: -0.32830 --- y: -2.62352
yhat: -0.27590 --- y: -12.05791

yhat: -0.36579 --- y: 1.83096
yhat: -1.35342 --- y: 14.24019

yhat: -0.28979 --- y: 3.83431
yhat: 0.25652 --- y: -14.63977

yhat: -0.36540 --- y: -5.40729
yhat: -1.33959 --- y: -11.73404

yhat: -0.30856 --- y: 4.25319
yhat: -0.16377 --- y: 12.37230


Canada:
yhat: -0.31262 --- y: 2.14736
yhat: -0.18120 --- y: 1.93246

yhat: -0.30045 --- y: 1.68694
yhat: 0.09470 --- y: -3.33414

yhat: -0.26723 --- y: 1.91842
yhat: 0.84955 --- y: 2.96195

yhat: -0.28861 --- y: -2.47135
yhat: 0.34380 --- y: -4.71701

yhat: -0.34305 --- y: 3.36216
yhat: -0.88079 --- y: 2.82586

yhat: -0.33290 --- y: -2.71754
yhat: -0.62522 --- y: 3.64070

yhat: -0.26738 --- y: -1.60956
yhat: 0.77697 --- y: -1.57551


Chile:
yhat: -0.29875 --- y: 2.27699
yhat: 0.08713 --- y: 6.46184

yhat: -0.26863 --- y: -1.48492
yhat: 0.87383 --- y: 7.11264

yhat: -0.32129 --- y: -1.50830
yhat: -0.41046 --- y: -6.37638

yhat: -0.36676 --- y: -1.39143
yhat: -1.35691 --- y: -6.61064

yhat: -0.35505 --- y: -0.98422
yhat: -1.13782 --- y: 9.07259

yhat: -0.26942 --- y: -0.92418
yhat: 0.80860 --- y: -7.19388

yhat: -0.30313 --- y: -0.81167
yhat: 0.04698 --- y: -2.55312


China:
yhat: -0.27855 --- y: -1.70386
yhat: 0.64802 --- y: 6.07721

yhat: -0.27313 --- y: -1.73383
yhat: 0.76020 --- y: 6.06052

yhat: -0.27183 --- y: -1.68798
yhat: 0.76447 --- y: 5.87943

yhat: -0.26341 --- y: -1.52371
yhat: 0.94341 --- y: 5.36001

yhat: -0.26349 --- y: -1.05344
yhat: 0.94273 --- y: 3.37938

yhat: -0.27265 --- y: 1.36654
yhat: 0.69930 --- y: -5.20805

yhat: -0.31777 --- y: 1.99259
yhat: -0.35787 --- y: -7.32384


Czechia:
yhat: -0.31540 --- y: -0.88737
yhat: -0.20817 --- y: -3.54611

yhat: -0.33921 --- y: 1.66390
yhat: -0.74371 --- y: -2.42819

yhat: -0.31585 --- y: -0.82834
yhat: -0.25234 --- y: 2.11145

yhat: -0.30708 --- y: -1.17797
yhat: -0.09807 --- y: 3.27190

yhat: -0.27618 --- y: -0.37920
yhat: 0.64080 --- y: 1.76783

yhat: -0.28954 --- y: -1.03419
yhat: 0.37518 --- y: -0.87725

yhat: -0.30524 --- y: -0.96111
yhat: -0.00015 --- y: -2.31560


Denmark:
yhat: -0.32199 --- y: 1.55780
yhat: -0.39703 --- y: 1.63211

yhat: -0.28152 --- y: -1.25348
yhat: 0.47023 --- y: -2.77735

yhat: -0.32214 --- y: -1.24319
yhat: -0.39713 --- y: -1.89984

yhat: -0.33119 --- y: -0.87442
yhat: -0.58915 --- y: 2.01859

yhat: -0.33017 --- y: -0.75151
yhat: -0.57749 --- y: -3.19554

yhat: -0.31526 --- y: -1.06445
yhat: -0.30287 --- y: -2.28908

yhat: -0.34541 --- y: 1.19835
yhat: -0.90216 --- y: 3.06558


Dominican_Republic:
yhat: -0.33896 --- y: -1.18033
yhat: -0.79009 --- y: -4.40388

yhat: -0.31982 --- y: 1.76919
yhat: -0.28562 --- y: -2.97327

yhat: -0.35611 --- y: -1.28666
yhat: -1.09826 --- y: 5.05698

yhat: -0.28026 --- y: -1.64160
yhat: 0.53071 --- y: -6.95844

yhat: -0.32076 --- y: -1.23126
yhat: -0.44755 --- y: 6.68782

yhat: -0.29601 --- y: 1.24790
yhat: 0.28146 --- y: -5.30229

yhat: -0.31130 --- y: -0.91920
yhat: -0.23091 --- y: 3.67469


Ecuador:
yhat: -0.34717 --- y: 3.82487
yhat: -0.96590 --- y: -6.37228

yhat: -0.29194 --- y: 2.59208
yhat: 0.06460 --- y: -5.72133

yhat: -0.36708 --- y: -3.09331
yhat: -1.36539 --- y: -5.74469

yhat: -0.37541 --- y: -3.87180
yhat: -1.52391 --- y: -8.33691

yhat: -0.37512 --- y: 3.99653
yhat: -1.53242 --- y: -6.01180

yhat: -0.37681 --- y: -4.12902
yhat: -1.56641 --- y: -10.85120

yhat: -0.36891 --- y: 3.39579
yhat: -1.38672 --- y: 10.93639


Estonia:
yhat: -0.33918 --- y: -0.32032
yhat: -0.71981 --- y: -1.53360

yhat: -0.31892 --- y: -0.38241
yhat: -0.31743 --- y: -0.40494

yhat: -0.33306 --- y: -0.44937
yhat: -0.60096 --- y: 1.80322

yhat: -0.30042 --- y: -0.34832
yhat: 0.10475 --- y: -0.97600

yhat: -0.30889 --- y: -0.89547
yhat: -0.10688 --- y: -1.22781

yhat: -0.32073 --- y: -0.77150
yhat: -0.28938 --- y: 1.72982

yhat: -0.30732 --- y: -0.43582
yhat: -0.05413 --- y: -1.53226


Finland:
yhat: -0.31161 --- y: -0.69646
yhat: -0.19143 --- y: 2.39672

yhat: -0.31330 --- y: -1.00191
yhat: -0.10339 --- y: 2.47074

yhat: -0.28832 --- y: -0.81659
yhat: 0.34965 --- y: -1.95544

yhat: -0.31135 --- y: 1.03711
yhat: -0.17474 --- y: -2.35241

yhat: -0.32474 --- y: 1.06105
yhat: -0.41550 --- y: -2.15071

yhat: -0.32203 --- y: 1.07343
yhat: -0.44952 --- y: -1.12571

yhat: -0.33701 --- y: -1.18456
yhat: -0.73019 --- y: 2.12345


France:
yhat: -0.26394 --- y: 1.47062
yhat: 0.96935 --- y: 1.95119

yhat: -0.33481 --- y: 1.84496
yhat: -0.62494 --- y: 4.29378

yhat: -0.28114 --- y: 2.36600
yhat: 0.60583 --- y: -4.60105

yhat: -0.25467 --- y: 3.00865
yhat: 1.08771 --- y: -4.87342

yhat: -0.27000 --- y: 3.13331
yhat: 0.80099 --- y: 3.45566

yhat: -0.25675 --- y: 2.66456
yhat: 1.05448 --- y: -3.02233

yhat: -0.31751 --- y: -3.83487
yhat: -0.33253 --- y: 3.62248


Germany:
yhat: -0.35955 --- y: -2.46588
yhat: -1.16399 --- y: -6.12090

yhat: -0.37172 --- y: 1.30463
yhat: -1.46396 --- y: -4.68778

yhat: -0.36521 --- y: 1.94986
yhat: -1.32048 --- y: -5.24652

yhat: -0.35824 --- y: -2.44539
yhat: -1.18624 --- y: -6.01117

yhat: -0.32075 --- y: 2.05608
yhat: -0.42001 --- y: -2.60860

yhat: -0.34807 --- y: -1.59584
yhat: -0.97759 --- y: 3.06718

yhat: -0.33397 --- y: 1.34991
yhat: -0.50534 --- y: 5.53225


Greece:
yhat: -0.32302 --- y: -0.86151
yhat: -0.42368 --- y: -1.79572

yhat: -0.33093 --- y: -0.76764
yhat: -0.58161 --- y: 2.40186

yhat: -0.31812 --- y: -0.77374
yhat: -0.24502 --- y: -1.08651

yhat: -0.28562 --- y: -0.96919
yhat: 0.40574 --- y: -1.22245

yhat: -0.34415 --- y: -0.50750
yhat: -0.82122 --- y: 1.23430

yhat: -0.28858 --- y: -0.90414
yhat: 0.32525 --- y: -0.93118

yhat: -0.31825 --- y: -0.65397
yhat: -0.29385 --- y: -1.21443


India:
yhat: -0.34123 --- y: 3.09072
yhat: -0.73154 --- y: 8.38598

yhat: -0.26415 --- y: 1.22966
yhat: 0.94159 --- y: 7.80917

yhat: -0.25740 --- y: -1.64968
yhat: 1.06009 --- y: -6.60997

yhat: -0.33339 --- y: 1.70510
yhat: -0.59705 --- y: 5.19524

yhat: -0.25737 --- y: -2.87250
yhat: 1.08049 --- y: -6.73518

yhat: -0.30048 --- y: -2.29927
yhat: -0.03947 --- y: -6.32788

yhat: -0.35906 --- y: 2.62554
yhat: -1.19537 --- y: 6.25808


Indonesia:
yhat: -0.29986 --- y: 1.59327
yhat: 0.14642 --- y: 5.82971

yhat: -0.30945 --- y: 2.42637
yhat: -0.09508 --- y: -4.30851

yhat: -0.32545 --- y: -0.72894
yhat: -0.46791 --- y: 5.87949

yhat: -0.30704 --- y: -2.25197
yhat: -0.05679 --- y: -4.49892

yhat: -0.31722 --- y: -2.03029
yhat: -0.36264 --- y: -3.37806

yhat: -0.36815 --- y: -2.06015
yhat: -1.32811 --- y: -5.56358

yhat: -0.32009 --- y: 2.30951
yhat: -0.37518 --- y: 5.00502


Iran:
yhat: -0.34031 --- y: 1.91084
yhat: -0.72112 --- y: 7.08632

yhat: -0.30662 --- y: 1.20678
yhat: 0.06420 --- y: 7.04641

yhat: -0.30619 --- y: -1.39464
yhat: 0.02544 --- y: -7.74909

yhat: -0.35578 --- y: 1.47403
yhat: -1.14835 --- y: 5.52053

yhat: -0.28801 --- y: -2.75478
yhat: 0.35192 --- y: -3.04760

yhat: -0.29643 --- y: 1.70177
yhat: 0.11871 --- y: -5.88402

yhat: -0.33615 --- y: 1.74755
yhat: -0.70355 --- y: 4.58630


Ireland:
yhat: -0.28594 --- y: 1.73897
yhat: 0.39580 --- y: -2.30659

yhat: -0.32998 --- y: 1.48770
yhat: -0.43759 --- y: 3.85189

yhat: -0.27595 --- y: 1.15695
yhat: 0.66920 --- y: 2.90560

yhat: -0.32965 --- y: -1.37281
yhat: -0.53945 --- y: 1.99197

yhat: -0.32544 --- y: -1.81819
yhat: -0.43364 --- y: 2.43845

yhat: -0.31884 --- y: -0.79108
yhat: -0.34793 --- y: -2.52127

yhat: -0.30414 --- y: 1.43060
yhat: 0.03658 --- y: -2.35054


Israel:
yhat: -0.34298 --- y: -1.08731
yhat: -0.83129 --- y: 1.10498

yhat: -0.34132 --- y: -0.96778
yhat: -0.82450 --- y: -2.29789

yhat: -0.33975 --- y: -0.82619
yhat: -0.79761 --- y: -2.00573

yhat: -0.35407 --- y: 1.01667
yhat: -1.04514 --- y: 3.01751

yhat: -0.28023 --- y: -0.93115
yhat: 0.56168 --- y: 1.97189

yhat: -0.28144 --- y: -0.55073
yhat: 0.51171 --- y: 1.52110

yhat: -0.32440 --- y: -0.75270
yhat: -0.35384 --- y: -2.32268


Italy:
yhat: -0.30365 --- y: 2.53225
yhat: -0.06238 --- y: -5.23974

yhat: -0.37484 --- y: -2.75127
yhat: -1.52102 --- y: -5.40565

yhat: -0.32855 --- y: -2.95509
yhat: -0.59914 --- y: -5.63968

yhat: -0.36535 --- y: -4.15783
yhat: -1.32205 --- y: -5.84477

yhat: -0.33377 --- y: -2.52554
yhat: -0.71037 --- y: -6.61863

yhat: -0.35734 --- y: -2.37861
yhat: -1.16433 --- y: -1.57112

yhat: -0.32338 --- y: 4.03784
yhat: -0.36942 --- y: 7.51630


Japan:
yhat: -0.31182 --- y: 1.47964
yhat: -0.18444 --- y: 3.34332

yhat: -0.31205 --- y: -1.46922
yhat: -0.21017 --- y: -2.90432

yhat: -0.27750 --- y: -1.06913
yhat: 0.57378 --- y: -3.41383

yhat: -0.32286 --- y: 1.73898
yhat: -0.40430 --- y: -2.65320

yhat: -0.31721 --- y: 1.51300
yhat: -0.27001 --- y: 2.12763

yhat: -0.33972 --- y: 1.76185
yhat: -0.73869 --- y: 1.92978

yhat: -0.31732 --- y: -1.86697
yhat: -0.28054 --- y: 1.80875


Luxembourg:
yhat: -0.28454 --- y: -0.79764
yhat: 0.43089 --- y: -0.80767

yhat: -0.33456 --- y: -0.76184
yhat: -0.62692 --- y: -1.83523

yhat: -0.31623 --- y: -0.71350
yhat: -0.27283 --- y: -0.77218

yhat: -0.32614 --- y: -0.72103
yhat: -0.46617 --- y: -1.49496

yhat: -0.30831 --- y: -0.53536
yhat: -0.07674 --- y: -1.29109

yhat: -0.31077 --- y: -0.25326
yhat: -0.16275 --- y: -1.20050

yhat: -0.32448 --- y: -0.52795
yhat: -0.42656 --- y: 1.64893


Malaysia:
yhat: -0.32800 --- y: -0.66503
yhat: -0.53535 --- y: -2.20649

yhat: -0.34476 --- y: -0.98564
yhat: -0.86528 --- y: 1.93023

yhat: -0.32710 --- y: -0.27044
yhat: -0.48078 --- y: -3.19818

yhat: -0.34066 --- y: -0.43016
yhat: -0.80011 --- y: -3.32532

yhat: -0.34382 --- y: -0.48181
yhat: -0.83019 --- y: 3.92755

yhat: -0.29042 --- y: -0.31741
yhat: 0.29637 --- y: 4.50122

yhat: -0.29631 --- y: -0.60214
yhat: 0.20832 --- y: -4.26545


Mexico:
yhat: -0.34553 --- y: 4.44675
yhat: -0.88113 --- y: 6.46093

yhat: -0.27588 --- y: 4.54420
yhat: 0.75192 --- y: 2.46047

yhat: -0.31879 --- y: -4.93744
yhat: -0.19545 --- y: 7.22090

yhat: -0.30473 --- y: 3.13531
yhat: -0.08571 --- y: -3.65177

yhat: -0.31551 --- y: 1.81978
yhat: -0.33009 --- y: -6.48456

yhat: -0.31457 --- y: -1.91081
yhat: -0.12351 --- y: 3.72479

yhat: -0.27235 --- y: -0.75885
yhat: 0.65813 --- y: 3.29157


Morocco:
yhat: -0.32401 --- y: -0.86942
yhat: -0.45052 --- y: -1.37153

yhat: -0.34218 --- y: -0.62499
yhat: -0.80376 --- y: 3.32128

yhat: -0.28705 --- y: -0.65568
yhat: 0.38768 --- y: -2.42911

yhat: -0.30616 --- y: -0.52177
yhat: -0.01333 --- y: -3.79787

yhat: -0.31606 --- y: -0.41303
yhat: -0.17475 --- y: 2.98267

yhat: -0.31482 --- y: 1.15125
yhat: -0.23156 --- y: -1.99333

yhat: -0.29371 --- y: -0.99586
yhat: 0.19727 --- y: 1.77730


Netherlands:
yhat: -0.32538 --- y: 1.50851
yhat: -0.41665 --- y: 3.75213

yhat: -0.30806 --- y: -2.05363
yhat: -0.02716 --- y: 1.54372

yhat: -0.34847 --- y: -0.74919
yhat: -0.97648 --- y: 2.22008

yhat: -0.35735 --- y: -1.86775
yhat: -1.15494 --- y: 2.34337

yhat: -0.32379 --- y: -1.79321
yhat: -0.47053 --- y: 4.35957

yhat: -0.27689 --- y: 1.71592
yhat: 0.63903 --- y: -3.19702

yhat: -0.28241 --- y: 1.47429
yhat: 0.50698 --- y: -3.34740


Norway:
yhat: -0.34272 --- y: -0.67466
yhat: -0.82463 --- y: -2.64069

yhat: -0.33589 --- y: 1.10507
yhat: -0.69954 --- y: 2.72428

yhat: -0.29453 --- y: -0.66285
yhat: 0.26703 --- y: -2.71855

yhat: -0.30827 --- y: -0.75938
yhat: -0.11228 --- y: -2.74339

yhat: -0.30796 --- y: -0.73101
yhat: -0.06688 --- y: 3.32026

yhat: -0.32705 --- y: -0.38662
yhat: -0.43926 --- y: -1.85141

yhat: -0.32334 --- y: -0.87653
yhat: -0.40819 --- y: -1.37077


Pakistan:
yhat: -0.29507 --- y: 1.92225
yhat: 0.27838 --- y: 7.42045

yhat: -0.32696 --- y: 1.30591
yhat: -0.47848 --- y: -2.86444

yhat: -0.34954 --- y: -1.50422
yhat: -0.96160 --- y: 5.92335

yhat: -0.28301 --- y: -0.92889
yhat: 0.40125 --- y: -5.92965

yhat: -0.29190 --- y: -1.30841
yhat: 0.21929 --- y: -7.18624

yhat: -0.30829 --- y: -1.92873
yhat: 0.00077 --- y: -6.68515

yhat: -0.30877 --- y: 1.87230
yhat: -0.17660 --- y: 7.21391


Panama:
yhat: -0.34542 --- y: -0.70476
yhat: -0.90617 --- y: -3.46935

yhat: -0.33910 --- y: -1.06086
yhat: -0.76105 --- y: -3.83468

yhat: -0.33528 --- y: -0.73314
yhat: -0.67332 --- y: 3.38427

yhat: -0.32802 --- y: -0.76334
yhat: -0.50261 --- y: 4.37115

yhat: -0.34725 --- y: -0.25055
yhat: -0.94727 --- y: 2.23146

yhat: -0.30890 --- y: -0.71504
yhat: -0.12300 --- y: 1.94312

yhat: -0.31880 --- y: -0.63519
yhat: -0.30411 --- y: -3.21663


Peru:
yhat: -0.28944 --- y: 2.44615
yhat: 0.44334 --- y: 7.66851

yhat: -0.25465 --- y: -2.49653
yhat: 1.15771 --- y: -9.65660

yhat: -0.37199 --- y: 1.31501
yhat: -1.47306 --- y: -7.68202

yhat: -0.37399 --- y: -3.05037
yhat: -1.50931 --- y: -6.80541

yhat: -0.33330 --- y: 3.38305
yhat: -0.71130 --- y: 11.69699

yhat: -0.27137 --- y: -2.29878
yhat: 0.80599 --- y: -8.16404

yhat: -0.28894 --- y: -0.98309
yhat: 0.16034 --- y: -4.24429


Philippines:
yhat: -0.29701 --- y: -1.13308
yhat: 0.13108 --- y: -2.72072

yhat: -0.35158 --- y: 1.75086
yhat: -1.02080 --- y: -2.86094

yhat: -0.33585 --- y: -0.49167
yhat: -0.70240 --- y: -1.91084

yhat: -0.33291 --- y: -0.78981
yhat: -0.62760 --- y: 3.13895

yhat: -0.27835 --- y: -1.47109
yhat: 0.57713 --- y: -3.76058

yhat: -0.33255 --- y: 1.14552
yhat: -0.65672 --- y: 4.48005

yhat: -0.30172 --- y: -0.52623
yhat: 0.13781 --- y: -3.59030


Poland:
yhat: -0.28489 --- y: -1.46133
yhat: 0.46183 --- y: 2.33877

yhat: -0.31670 --- y: -1.01449
yhat: -0.28875 --- y: 3.51426

yhat: -0.28358 --- y: 1.54410
yhat: 0.50973 --- y: -3.07083

yhat: -0.33039 --- y: -1.70088
yhat: -0.58121 --- y: 1.17933

yhat: -0.30427 --- y: 1.55615
yhat: 0.10734 --- y: -2.99041

yhat: -0.33122 --- y: 1.86971
yhat: -0.59670 --- y: 2.69523

yhat: -0.30937 --- y: -1.71808
yhat: -0.07429 --- y: -1.78593


Portugal:
yhat: -0.28454 --- y: -0.74604
yhat: 0.50472 --- y: 1.81550

yhat: -0.35666 --- y: -1.37584
yhat: -1.09862 --- y: -1.25825

yhat: -0.32780 --- y: -1.02614
yhat: -0.48084 --- y: 4.65367

yhat: -0.26712 --- y: -1.07616
yhat: 0.84483 --- y: -3.24428

yhat: -0.28410 --- y: 1.54819
yhat: 0.49289 --- y: 2.90266

yhat: -0.27543 --- y: -1.15509
yhat: 0.68520 --- y: 2.18839

yhat: -0.28110 --- y: -0.56321
yhat: 0.51498 --- y: -3.28045


Qatar:
yhat: -0.30827 --- y: -0.93696
yhat: -0.04558 --- y: -2.24850

yhat: -0.35650 --- y: -0.81538
yhat: -1.05600 --- y: 6.64132

yhat: -0.30721 --- y: -0.76057
yhat: -0.11079 --- y: 3.72928

yhat: -0.34195 --- y: -0.72568
yhat: -0.85987 --- y: -5.64661

yhat: -0.33469 --- y: -0.98836
yhat: -0.60475 --- y: 4.43714

yhat: -0.29676 --- y: -0.82712
yhat: 0.25105 --- y: -3.86997

yhat: -0.30131 --- y: -0.21044
yhat: 0.04081 --- y: 3.06635


Romania:
yhat: -0.34216 --- y: -1.48379
yhat: -0.77772 --- y: 1.50914

yhat: -0.30395 --- y: -1.71831
yhat: -0.00154 --- y: -3.73783

yhat: -0.29685 --- y: -1.04032
yhat: 0.15673 --- y: -3.33710

yhat: -0.34136 --- y: -1.20262
yhat: -0.78165 --- y: 2.67364

yhat: -0.29938 --- y: 2.29409
yhat: 0.18782 --- y: 4.12077

yhat: -0.30875 --- y: -0.87084
yhat: -0.13653 --- y: -2.82958

yhat: -0.33049 --- y: -1.55235
yhat: -0.59681 --- y: -2.29430


Russia:
yhat: -0.29094 --- y: 1.72654
yhat: 0.14056 --- y: 7.29722

yhat: -0.25985 --- y: 1.54962
yhat: 0.99692 --- y: 2.79522

yhat: -0.27614 --- y: -1.23897
yhat: 0.62572 --- y: 6.70135

yhat: -0.26804 --- y: 2.99076
yhat: 0.87469 --- y: -5.16491

yhat: -0.34985 --- y: -3.04817
yhat: -0.94495 --- y: 7.07561

yhat: -0.29421 --- y: 2.27764
yhat: 0.27261 --- y: 3.31110

yhat: -0.31358 --- y: -1.52185
yhat: -0.30321 --- y: -6.73430


Saudi_Arabia:
yhat: -0.30348 --- y: -0.96948
yhat: 0.08360 --- y: -2.51358

yhat: -0.28415 --- y: 1.41197
yhat: 0.41896 --- y: 3.72162

yhat: -0.26849 --- y: 1.22056
yhat: 0.82838 --- y: -4.08602

yhat: -0.27541 --- y: -0.75686
yhat: 0.67497 --- y: -2.09385

yhat: -0.27196 --- y: -1.20593
yhat: 0.79895 --- y: -2.34501

yhat: -0.33313 --- y: -1.05530
yhat: -0.65878 --- y: -3.64258

yhat: -0.33861 --- y: 1.00910
yhat: -0.79568 --- y: 3.78165


Serbia:
yhat: -0.29449 --- y: -0.90984
yhat: 0.26039 --- y: 1.74328

yhat: -0.32297 --- y: -0.98790
yhat: -0.37836 --- y: 2.54727

yhat: -0.31824 --- y: -0.59024
yhat: -0.29556 --- y: -1.69638

yhat: -0.33245 --- y: -0.78784
yhat: -0.64085 --- y: 1.34424

yhat: -0.31072 --- y: -0.91210
yhat: -0.08062 --- y: -2.77099

yhat: -0.33072 --- y: -0.79959
yhat: -0.57576 --- y: -2.19978

yhat: -0.33276 --- y: -0.55260
yhat: -0.61141 --- y: 2.50330


Singapore:
yhat: -0.32686 --- y: -0.93066
yhat: -0.55127 --- y: -4.73440

yhat: -0.35802 --- y: -0.56253
yhat: -1.10541 --- y: 4.83307

yhat: -0.28170 --- y: -0.62973
yhat: 0.56966 --- y: 6.09753

yhat: -0.31585 --- y: -0.65772
yhat: -0.32579 --- y: 4.75715

yhat: -0.30964 --- y: -0.62426
yhat: -0.10578 --- y: -4.12281

yhat: -0.31289 --- y: -0.41774
yhat: -0.21117 --- y: -3.94918

yhat: -0.31910 --- y: -0.66668
yhat: -0.23084 --- y: -2.53006


South_Africa:
yhat: -0.35610 --- y: 1.31609
yhat: -1.12473 --- y: 5.91720

yhat: -0.32414 --- y: -1.24417
yhat: -0.40231 --- y: -3.06770

yhat: -0.29639 --- y: -2.51952
yhat: 0.07007 --- y: 5.83827

yhat: -0.30023 --- y: 1.44450
yhat: 0.11016 --- y: 2.18485

yhat: -0.32449 --- y: 1.97142
yhat: -0.36158 --- y: -2.84775

yhat: -0.31673 --- y: 2.05546
yhat: -0.19108 --- y: -7.27480

yhat: -0.36053 --- y: -1.96786
yhat: -1.22937 --- y: 6.20058


South_Korea:
yhat: -0.29549 --- y: -0.88581
yhat: 0.20368 --- y: 2.55438

yhat: -0.29727 --- y: 1.24454
yhat: 0.20155 --- y: 2.38353

yhat: -0.30183 --- y: -0.84841
yhat: 0.09183 --- y: 2.54463

yhat: -0.29689 --- y: -0.79141
yhat: 0.21052 --- y: 1.36590

yhat: -0.30432 --- y: 1.02750
yhat: -0.00488 --- y: -1.86178

yhat: -0.31235 --- y: -0.82672
yhat: -0.15989 --- y: -1.99116

yhat: -0.30999 --- y: -0.84285
yhat: -0.09972 --- y: -2.24894


Spain:
yhat: -0.25384 --- y: 6.63750
yhat: 1.15047 --- y: -6.06312

yhat: -0.26403 --- y: 9.77500
yhat: 0.96265 --- y: 9.77182

yhat: -0.25132 --- y: 8.10214
yhat: 1.24033 --- y: -6.30574

yhat: -0.32047 --- y: 8.81579
yhat: -0.43840 --- y: -4.98195

yhat: -0.32169 --- y: -16.23435
yhat: -0.28910 --- y: -10.43521

yhat: -0.35278 --- y: 10.27469
yhat: -1.10213 --- y: 7.45407

yhat: -0.34633 --- y: 9.67110
yhat: -0.78191 --- y: 7.14384


Sweden:
yhat: -0.31285 --- y: -2.41185
yhat: -0.15357 --- y: 3.60622

yhat: -0.34781 --- y: -1.49581
yhat: -0.93116 --- y: 4.29845

yhat: -0.35900 --- y: 3.85220
yhat: -1.18366 --- y: -4.55314

yhat: -0.34258 --- y: -2.59006
yhat: -0.81035 --- y: -4.98876

yhat: -0.34274 --- y: -2.23543
yhat: -0.79462 --- y: 3.63438

yhat: -0.31221 --- y: 2.16239
yhat: -0.20006 --- y: 3.76750

yhat: -0.31688 --- y: -1.91222
yhat: -0.37210 --- y: -2.23703


Switzerland:
yhat: -0.30907 --- y: -0.52237
yhat: -0.09483 --- y: -1.58424

yhat: -0.34031 --- y: -1.76518
yhat: -0.82123 --- y: -3.08639

yhat: -0.35776 --- y: -1.17769
yhat: -1.17197 --- y: -3.02513

yhat: -0.35943 --- y: -1.67599
yhat: -1.20091 --- y: -3.17675

yhat: -0.34035 --- y: -1.50467
yhat: -0.77283 --- y: -2.66902

yhat: -0.33937 --- y: 1.50543
yhat: -0.77991 --- y: 2.28596

yhat: -0.34274 --- y: 1.37171
yhat: -0.80775 --- y: 3.19982


Thailand:
yhat: -0.30407 --- y: -0.52470
yhat: 0.02692 --- y: 1.17197

yhat: -0.31423 --- y: -0.62242
yhat: -0.21144 --- y: 1.35556

yhat: -0.30680 --- y: -0.68619
yhat: -0.01968 --- y: -0.65423

yhat: -0.30554 --- y: -0.92632
yhat: -0.01401 --- y: 1.28532

yhat: -0.30440 --- y: -0.69135
yhat: 0.03609 --- y: -0.98578

yhat: -0.29925 --- y: -0.55870
yhat: 0.10551 --- y: -0.68715

yhat: -0.32442 --- y: -0.54631
yhat: -0.42171 --- y: -0.90778


Turkey:
yhat: -0.32481 --- y: -1.99884
yhat: -0.39507 --- y: -6.03265

yhat: -0.36920 --- y: -1.55654
yhat: -1.41015 --- y: -5.76682

yhat: -0.34112 --- y: 1.65987
yhat: -0.86084 --- y: 5.50924

yhat: -0.27430 --- y: 2.06304
yhat: 0.63272 --- y: 6.54363

yhat: -0.25513 --- y: 2.08745
yhat: 1.14248 --- y: 6.74107

yhat: -0.26724 --- y: 2.24383
yhat: 0.85925 --- y: 6.62238

yhat: -0.32400 --- y: -2.44726
yhat: -0.40943 --- y: -7.66825


Ukraine:
yhat: -0.35830 --- y: 1.52317
yhat: -1.14989 --- y: 3.82947

yhat: -0.28894 --- y: -2.06894
yhat: 0.29871 --- y: -3.84474

yhat: -0.33870 --- y: 1.79780
yhat: -0.80222 --- y: -3.66565

yhat: -0.33491 --- y: -0.71819
yhat: -0.54335 --- y: 2.29884

yhat: -0.28577 --- y: -1.68717
yhat: 0.48047 --- y: -2.00785

yhat: -0.35859 --- y: 2.12392
yhat: -1.16022 --- y: 5.12183

yhat: -0.32352 --- y: -1.65850
yhat: -0.48410 --- y: -4.27296


United_Kingdom:
yhat: -0.34575 --- y: 3.43679
yhat: -0.94327 --- y: 7.24641

yhat: -0.26289 --- y: 3.42512
yhat: 0.97575 --- y: 9.22345

yhat: -0.30283 --- y: 2.63238
yhat: -0.00150 --- y: 7.68001

yhat: -0.29665 --- y: -3.75586
yhat: 0.02690 --- y: 2.40089

yhat: -0.28392 --- y: -3.58412
yhat: 0.35697 --- y: -8.58225

yhat: -0.29456 --- y: -4.98436
yhat: 0.28235 --- y: 11.44454

yhat: -0.31486 --- y: 4.88587
yhat: -0.28172 --- y: -9.74175


United_States_of_America:
yhat: -0.24798 --- y: -2.89365
yhat: 1.31169 --- y: 5.68043

yhat: -0.24999 --- y: 6.30131
yhat: 1.26487 --- y: 8.98066

yhat: -0.28911 --- y: 6.49668
yhat: 0.42744 --- y: -14.96620

yhat: -0.37465 --- y: 3.26647
yhat: -1.52475 --- y: 10.29658

yhat: -0.25034 --- y: -5.57814
yhat: 1.25217 --- y: -7.34961

yhat: -0.29368 --- y: -6.38196
yhat: 0.00966 --- y: -9.45555

yhat: -0.34610 --- y: 5.28059
yhat: -0.92419 --- y: 10.23541



### Layer 0: ###
Unit 0: 0.0214 0.0214 0.0214 0.0077 0.0214 0.0218 
Unit 1: 0.0123 0.0123 0.0123 0.0107 0.0123 0.0051 
Unit 2: 0.0173 0.0173 0.0173 0.0026 0.0173 0.0058 
Unit 3: 0.0089 0.0089 0.0089 0.0117 0.0089 0.0180 
Unit 4: -0.0018 -0.0018 -0.0018 -0.0085 -0.0018 -0.0155 
Unit 5: 0.1023 0.1023 0.1023 0.0716 0.1023 0.0870 
Unit 6: -0.0331 -0.0331 -0.0331 -0.0351 -0.0331 -0.0369 
Unit 7: -0.0180 -0.0180 -0.0180 0.0207 -0.0180 0.0110 
Unit 8: -0.0156 -0.0156 -0.0156 -0.0198 -0.0156 -0.0191 
Unit 9: -0.0017 -0.0017 -0.0017 -0.0558 -0.0017 -0.0464 
Unit 10: 0.0203 0.0203 0.0203 -0.0031 0.0203 0.0001 
Unit 11: -0.0034 -0.0034 -0.0034 -0.0176 -0.0034 -0.0123 
Unit 12: 0.0016 0.0016 0.0016 -0.0010 0.0016 0.0065 
Unit 13: 0.0069 0.0069 0.0069 0.0343 0.0069 0.0222 
Unit 14: 0.0078 0.0078 0.0078 0.0207 0.0078 0.0311 
Unit 15: 0.0798 0.0798 0.0798 0.0860 0.0798 0.0861 
Unit 16: -0.0029 -0.0029 -0.0029 0.0566 -0.0029 0.0515 
Unit 17: 0.0284 0.0284 0.0284 0.0057 0.0284 0.0154 
Unit 18: -0.0697 -0.0697 -0.0697 -0.0484 -0.0697 -0.0509 
Unit 19: 0.0196 0.0196 0.0196 0.0195 0.0196 0.0244 
Unit 20: -0.0209 -0.0209 -0.0209 0.0109 -0.0209 0.0041 
Unit 21: 0.0196 0.0196 0.0196 0.0312 0.0196 0.0275 
Unit 22: -0.0216 -0.0216 -0.0216 -0.0212 -0.0216 -0.0226 
Unit 23: 0.0043 0.0043 0.0043 -0.0023 0.0043 0.0113 
Unit 24: 0.0234 0.0234 0.0234 0.0010 0.0234 0.0109 
Unit 25: -0.0408 -0.0408 -0.0408 -0.0048 -0.0408 -0.0124 
Unit 26: 0.0172 0.0172 0.0172 0.0134 0.0172 0.0102 
Unit 27: 0.0300 0.0300 0.0300 0.0206 0.0300 0.0223 
Unit 28: 0.0880 0.0880 0.0880 0.0567 0.0880 0.0583 
Unit 29: 0.0552 0.0552 0.0552 0.0609 0.0552 0.0581 
Unit 30: 0.0232 0.0232 0.0232 -0.0142 0.0232 -0.0128 
Unit 31: 0.0115 0.0115 0.0115 0.0196 0.0115 0.0090 
Unit 32: -0.0042 -0.0042 -0.0042 -0.0116 -0.0042 -0.0102 
Unit 33: 0.0946 0.0946 0.0946 0.0602 0.0946 0.0602 
Unit 34: 0.0051 0.0051 0.0051 0.0158 0.0051 0.0078 
Unit 35: 0.0442 0.0442 0.0442 0.0220 0.0442 0.0147 
Unit 36: 0.0035 0.0035 0.0035 0.0272 0.0035 0.0302 
Unit 37: 0.0525 0.0525 0.0525 0.0733 0.0525 0.0784 
Unit 38: 0.0411 0.0411 0.0411 0.0231 0.0411 0.0205 
Unit 39: 0.0208 0.0208 0.0208 0.0551 0.0208 0.0523 
Unit 40: -0.0011 -0.0011 -0.0011 0.0153 -0.0011 0.0229 
Unit 41: 0.1132 0.1132 0.1132 0.1486 0.1132 0.1415 
Unit 42: 0.0168 0.0168 0.0168 0.0022 0.0168 0.0057 
Unit 43: 0.0070 0.0070 0.0070 0.0354 0.0070 0.0357 
Unit 44: 0.0675 0.0675 0.0675 0.0726 0.0675 0.0648 
Unit 45: 0.0420 0.0420 0.0420 0.0131 0.0420 0.0214 
Unit 46: 0.0697 0.0697 0.0697 0.0594 0.0697 0.0600 
Unit 47: -0.0132 -0.0132 -0.0132 0.0208 -0.0132 0.0091 
Unit 48: -0.0432 -0.0432 -0.0432 -0.0052 -0.0432 -0.0024 
Unit 49: 0.0121 0.0121 0.0121 0.0810 0.0121 0.0772 
Unit 50: 0.0867 0.0867 0.0867 0.0927 0.0867 0.0924 
Unit 51: 0.0275 0.0275 0.0275 0.0231 0.0275 0.0162 
Unit 52: 0.0616 0.0616 0.0616 0.0825 0.0616 0.0887 
Unit 53: 0.0151 0.0151 0.0151 0.0339 0.0151 0.0357 
Unit 54: 0.0726 0.0726 0.0726 0.0639 0.0726 0.0665 
Unit 55: 0.0268 0.0268 0.0268 -0.0110 0.0268 -0.0085 
Unit 56: -0.0468 -0.0468 -0.0468 -0.0223 -0.0468 -0.0268 
Unit 57: -0.0372 -0.0372 -0.0372 0.0248 -0.0372 0.0187 
Unit 58: -0.0220 -0.0220 -0.0220 -0.0453 -0.0220 -0.0447 
Unit 59: -0.1172 -0.1172 -0.1172 -0.1142 -0.1172 -0.1251 
Bias: 0.2932 0.2932 0.2932 0.7939 0.2932 0.8248 

### Layer 1: ###
Unit 0: -0.0254 -0.4766 
Unit 1: -0.0254 -0.4766 
Unit 2: -0.0254 -0.4766 
Unit 3: -0.0085 -0.4872 
Unit 4: -0.0254 -0.4766 
Unit 5: -0.0191 -0.4892 
Bias: -0.2479 1.3133 
